Start testing: Sep 08 13:59 EDT
----------------------------------------------------------
1/407 Testing: e1_avaliacao_00
1/407 Test: e1_avaliacao_00
Command: "/usr/bin/perl" "-I" "./tests/scripts" "./tests/scripts/tesh" "/home/user/compiladores/pc/tests/e1/avaliacao_00.tesh"
Directory: /home/user/compiladores/pc/build
"e1_avaliacao_00" start time: Sep 08 13:59 EDT
Output:
----------------------------------------------------------
Unescaped left brace in regex is deprecated, passed through in regex; marked by <-- HERE in m/\${ <-- HERE (\w+)(?::[=-][^}]*)?}/ at ./tests/scripts/tesh line 345.
Test suite `/home/user/compiladores/pc/tests/e1/avaliacao_00.tesh'
[avaliacao_00.tesh:5] ./main ./tests/e1/input/nivel0.tokens
Output of <avaliacao_00.tesh:5> mismatch:
...
  18 TK_OC_AND [&&]
  19 TK_OC_OR [||]
- 20 TK_ESPECIAL [,]
- 21 TK_ESPECIAL [;]
- 22 TK_ESPECIAL [:]
- 23 TK_ESPECIAL [(]
- 24 TK_ESPECIAL [)]
- 25 TK_ESPECIAL [[]
- 26 TK_ESPECIAL []]
- 27 TK_ESPECIAL [{]
- 28 TK_ESPECIAL [}]
- 29 TK_ESPECIAL [+]
- 30 TK_ESPECIAL [-]
- 31 TK_ESPECIAL [*]
- 32 TK_ESPECIAL [/]
- 33 TK_ESPECIAL [<]
- 34 TK_ESPECIAL [>]
- 35 TK_ESPECIAL [=]
- 36 TK_ESPECIAL [!]
- 37 TK_ESPECIAL [&]
- 38 TK_ESPECIAL [$]
+ caracter , ASCII 44 
+ caracter ; ASCII 59 
+ caracter : ASCII 58 
+ caracter ( ASCII 40 
+ caracter ) ASCII 41 
+ 25 TOKEN_ERRO [[]
+ 26 TOKEN_ERRO []]
+ caracter { ASCII 123 
+ caracter } ASCII 125 
+ caracter + ASCII 43 
+ caracter - ASCII 45 
+ caracter * ASCII 42 
+ caracter / ASCII 47 
+ caracter < ASCII 60 
+ caracter > ASCII 62 
+ caracter = ASCII 61 
+ caracter ! ASCII 33 
+ caracter & ASCII 38 
+ caracter $ ASCII 36 
  39 TK_LIT_INT [-2]
  40 TK_LIT_FLOAT [31794.45]
...
  40 TK_LIT_FLOAT [31794.45]
  41 TK_LIT_CHAR ['&']
- 42 TK_LIT_STRING ["oZ bool S9"]
- 43 TK_IDENTIFICADOR [___bqmu7ftc1ICihA1pnIoWlvDHnaUnbS9LqgUPtmYLNKQ6O9fzKFyRj50N]
- 51 TK_ESPECIAL [[]
+ caracter " ASCII 34 
+ 42 TK_IDENTIFICADOR [oZ]
+ 42 TK_PR_BOOL [bool]
+ 42 TK_IDENTIFICADOR [S9]
+ caracter " ASCII 34 
+ caracter _ ASCII 95 
+ caracter _ ASCII 95 
+ caracter _ ASCII 95 
+ 43 TK_IDENTIFICADOR [bqmu7ftc1ICihA1pnIoWlvDHnaUnbS9LqgUPtmYLNKQ6O9fzKFyRj50N]
+ 51 TOKEN_ERRO [[]
  51 TK_IDENTIFICADOR [brasil]
  51 TK_IDENTIFICADOR [brasil]
- 51 TK_IDENTIFICADOR [_int]
- 51 TK_ESPECIAL []]
+ caracter _ ASCII 95 
+ 51 TK_PR_INT [int]
+ 51 TOKEN_ERRO []]
Test suite `avaliacao_00.tesh': NOK (<avaliacao_00.tesh:5> output mismatch)
<end of output>
Test time =   0.19 sec
----------------------------------------------------------
Test Failed.
"e1_avaliacao_00" end time: Sep 08 13:59 EDT
"e1_avaliacao_00" time elapsed: 00:00:00
----------------------------------------------------------

2/407 Testing: e1_avaliacao_01
2/407 Test: e1_avaliacao_01
Command: "/usr/bin/perl" "-I" "./tests/scripts" "./tests/scripts/tesh" "/home/user/compiladores/pc/tests/e1/avaliacao_01.tesh"
Directory: /home/user/compiladores/pc/build
"e1_avaliacao_01" start time: Sep 08 13:59 EDT
Output:
----------------------------------------------------------
Unescaped left brace in regex is deprecated, passed through in regex; marked by <-- HERE in m/\${ <-- HERE (\w+)(?::[=-][^}]*)?}/ at ./tests/scripts/tesh line 345.
Test suite `/home/user/compiladores/pc/tests/e1/avaliacao_01.tesh'
[avaliacao_01.tesh:5] ./main ./tests/e1/input/nivel1.tokens
Output of <avaliacao_01.tesh:5> mismatch:
- 1 TK_ESPECIAL [+]
+ caracter + ASCII 43 
  1 TK_PR_RETURN [return]
  1 TK_PR_STRING [string]
...
  1 TK_PR_STRING [string]
  1 TK_PR_STRING [string]
- 1 TK_ESPECIAL [-]
+ caracter - ASCII 45 
  1 TK_PR_RETURN [return]
  1 TK_PR_RETURN [return]
- 1 TK_ESPECIAL [+]
- 1 TK_ESPECIAL [+]
+ caracter + ASCII 43 
+ caracter + ASCII 43 
  1 TK_PR_DO [do]
  1 TK_PR_INPUT [input]
...
  1 TK_PR_RETURN [return]
  2 TK_PR_FLOAT [float]
- 2 TK_ESPECIAL [{]
- 2 TK_ESPECIAL [{]
- 2 TK_ESPECIAL [;]
- 2 TK_ESPECIAL []]
+ caracter { ASCII 123 
+ caracter { ASCII 123 
+ caracter ; ASCII 59 
+ 2 TOKEN_ERRO []]
  2 TK_PR_DO [do]
  2 TK_PR_DO [do]
- 2 TK_ESPECIAL [[]
- 2 TK_ESPECIAL [>]
- 2 TK_ESPECIAL [)]
- 2 TK_ESPECIAL [<]
- 2 TK_ESPECIAL []]
- 2 TK_ESPECIAL [-]
- 2 TK_ESPECIAL [/]
- 2 TK_ESPECIAL [!]
+ 2 TOKEN_ERRO [[]
+ caracter > ASCII 62 
+ caracter ) ASCII 41 
+ caracter < ASCII 60 
+ 2 TOKEN_ERRO []]
+ caracter - ASCII 45 
+ caracter / ASCII 47 
+ caracter ! ASCII 33 
  2 TK_PR_STRING [string]
  2 TK_PR_STRING [string]
- 2 TK_ESPECIAL [=]
- 2 TK_ESPECIAL [;]
+ caracter = ASCII 61 
+ caracter ; ASCII 59 
  2 TK_PR_DO [do]
  2 TK_PR_DO [do]
- 2 TK_ESPECIAL [:]
- 2 TK_ESPECIAL [-]
- 2 TK_ESPECIAL [{]
- 2 TK_ESPECIAL [}]
- 2 TK_ESPECIAL [>]
+ caracter : ASCII 58 
+ caracter - ASCII 45 
+ caracter { ASCII 123 
+ caracter } ASCII 125 
+ caracter > ASCII 62 
  2 TK_PR_CHAR [char]
  2 TK_PR_STRING [string]
...
  3 TK_PR_DO [do]
  3 TK_PR_DO [do]
- 3 TK_ESPECIAL [}]
+ caracter } ASCII 125 
  3 TK_PR_THEN [then]
  3 TK_PR_THEN [then]
- 3 TK_ESPECIAL [{]
+ caracter { ASCII 123 
  3 TK_PR_INT [int]
  3 TK_PR_STRING [string]
  3 TK_PR_INT [int]
  3 TK_PR_STRING [string]
- 3 TK_ESPECIAL [$]
- 3 TK_ESPECIAL [,]
+ caracter $ ASCII 36 
+ caracter , ASCII 44 
  3 TK_PR_STRING [string]
  3 TK_PR_STRING [string]
- 3 TK_ESPECIAL [<]
- 3 TK_ESPECIAL [:]
+ caracter < ASCII 60 
+ caracter : ASCII 58 
  3 TK_PR_STRING [string]
  3 TK_PR_STRING [string]
- 3 TK_ESPECIAL [/]
- 3 TK_ESPECIAL [-]
- 3 TK_ESPECIAL [>]
+ caracter / ASCII 47 
+ caracter - ASCII 45 
+ caracter > ASCII 62 
  3 TK_PR_DO [do]
  3 TK_PR_DO [do]
- 3 TK_ESPECIAL [*]
- 3 TK_ESPECIAL [>]
- 4 TK_ESPECIAL [+]
- 4 TK_ESPECIAL [*]
+ caracter * ASCII 42 
+ caracter > ASCII 62 
+ caracter + ASCII 43 
+ caracter * ASCII 42 
  4 TK_PR_IF [if]
  4 TK_PR_IF [if]
- 4 TK_ESPECIAL [/]
+ caracter / ASCII 47 
  4 TK_PR_BOOL [bool]
  4 TK_PR_BOOL [bool]
- 4 TK_ESPECIAL [:]
- 4 TK_ESPECIAL [!]
- 4 TK_ESPECIAL []]
- 4 TK_ESPECIAL [<]
+ caracter : ASCII 58 
+ caracter ! ASCII 33 
+ 4 TOKEN_ERRO []]
+ caracter < ASCII 60 
  4 TK_PR_INPUT [input]
  4 TK_PR_ELSE [else]
  4 TK_PR_INPUT [input]
  4 TK_PR_ELSE [else]
- 4 TK_ESPECIAL [(]
- 4 TK_ESPECIAL [>]
+ caracter ( ASCII 40 
+ caracter > ASCII 62 
  4 TK_PR_RETURN [return]
  4 TK_PR_RETURN [return]
- 4 TK_ESPECIAL [[]
- 4 TK_ESPECIAL [/]
+ 4 TOKEN_ERRO [[]
+ caracter / ASCII 47 
  4 TK_PR_RETURN [return]
  4 TK_PR_RETURN [return]
...
  5 TK_PR_DO [do]
  5 TK_PR_CHAR [char]
- 5 TK_ESPECIAL [$]
- 5 TK_ESPECIAL [[]
+ caracter $ ASCII 36 
+ 5 TOKEN_ERRO [[]
  5 TK_PR_CHAR [char]
  5 TK_PR_CHAR [char]
- 5 TK_ESPECIAL [;]
- 5 TK_ESPECIAL [[]
+ caracter ; ASCII 59 
+ 5 TOKEN_ERRO [[]
  5 TK_PR_IF [if]
  5 TK_PR_IF [if]
- 5 TK_ESPECIAL []]
+ 5 TOKEN_ERRO []]
  5 TK_PR_STRING [string]
  5 TK_PR_BOOL [bool]
  5 TK_PR_STRING [string]
  5 TK_PR_BOOL [bool]
- 5 TK_ESPECIAL [,]
- 5 TK_ESPECIAL [:]
+ caracter , ASCII 44 
+ caracter : ASCII 58 
  5 TK_PR_FLOAT [float]
  5 TK_PR_FLOAT [float]
- 5 TK_ESPECIAL [>]
- 5 TK_ESPECIAL [:]
- 5 TK_ESPECIAL [*]
- 5 TK_ESPECIAL [-]
- 5 TK_ESPECIAL [[]
+ caracter > ASCII 62 
+ caracter : ASCII 58 
+ caracter * ASCII 42 
+ caracter - ASCII 45 
+ 5 TOKEN_ERRO [[]
  6 TK_PR_FLOAT [float]
  6 TK_PR_FLOAT [float]
- 6 TK_ESPECIAL [}]
+ caracter } ASCII 125 
  6 TK_PR_BOOL [bool]
  6 TK_PR_BOOL [bool]
- 6 TK_ESPECIAL [-]
- 6 TK_ESPECIAL [{]
- 6 TK_ESPECIAL [=]
+ caracter - ASCII 45 
+ caracter { ASCII 123 
+ caracter = ASCII 61 
  6 TK_PR_STRING [string]
  6 TK_PR_CHAR [char]
  6 TK_PR_STRING [string]
  6 TK_PR_CHAR [char]
- 6 TK_ESPECIAL [!]
- 6 TK_ESPECIAL [[]
- 6 TK_ESPECIAL [=]
- 6 TK_ESPECIAL [(]
- 6 TK_ESPECIAL [+]
- 6 TK_ESPECIAL [&]
- 6 TK_ESPECIAL [}]
+ caracter ! ASCII 33 
+ 6 TOKEN_ERRO [[]
+ caracter = ASCII 61 
+ caracter ( ASCII 40 
+ caracter + ASCII 43 
+ caracter & ASCII 38 
+ caracter } ASCII 125 
  6 TK_PR_INPUT [input]
  6 TK_PR_IF [if]
  6 TK_PR_INPUT [input]
  6 TK_PR_IF [if]
- 6 TK_ESPECIAL [(]
- 6 TK_ESPECIAL [{]
- 6 TK_ESPECIAL [*]
- 6 TK_ESPECIAL [!]
- 6 TK_ESPECIAL [(]
- 6 TK_ESPECIAL [,]
- 6 TK_ESPECIAL [[]
+ caracter ( ASCII 40 
+ caracter { ASCII 123 
+ caracter * ASCII 42 
+ caracter ! ASCII 33 
+ caracter ( ASCII 40 
+ caracter , ASCII 44 
+ 6 TOKEN_ERRO [[]
  7 TK_PR_RETURN [return]
  7 TK_PR_RETURN [return]
- 7 TK_ESPECIAL [/]
- 7 TK_ESPECIAL [{]
- 7 TK_ESPECIAL [<]
- 7 TK_ESPECIAL []]
+ caracter / ASCII 47 
+ caracter { ASCII 123 
+ caracter < ASCII 60 
+ 7 TOKEN_ERRO []]
  7 TK_PR_INT [int]
  7 TK_PR_DO [do]
  7 TK_PR_INT [int]
  7 TK_PR_DO [do]
- 7 TK_ESPECIAL [&]
- 7 TK_ESPECIAL [:]
- 7 TK_ESPECIAL [*]
+ caracter & ASCII 38 
+ caracter : ASCII 58 
+ caracter * ASCII 42 
  7 TK_PR_FLOAT [float]
  7 TK_PR_INPUT [input]
...
  7 TK_PR_INPUT [input]
  7 TK_PR_STRING [string]
- 7 TK_ESPECIAL [{]
- 7 TK_ESPECIAL [>]
- 7 TK_ESPECIAL [*]
+ caracter { ASCII 123 
+ caracter > ASCII 62 
+ caracter * ASCII 42 
  8 TK_PR_BOOL [bool]
  8 TK_PR_BOOL [bool]
- 8 TK_ESPECIAL [$]
- 8 TK_ESPECIAL [;]
- 8 TK_ESPECIAL [}]
+ caracter $ ASCII 36 
+ caracter ; ASCII 59 
+ caracter } ASCII 125 
  8 TK_PR_THEN [then]
  8 TK_PR_THEN [then]
- 8 TK_ESPECIAL [:]
- 8 TK_ESPECIAL [,]
- 8 TK_ESPECIAL [(]
+ caracter : ASCII 58 
+ caracter , ASCII 44 
+ caracter ( ASCII 40 
  8 TK_PR_DO [do]
  8 TK_PR_RETURN [return]
...
  8 TK_PR_RETURN [return]
  8 TK_PR_INPUT [input]
- 8 TK_ESPECIAL [(]
+ caracter ( ASCII 40 
  8 TK_PR_FLOAT [float]
  8 TK_PR_DO [do]
  8 TK_PR_FLOAT [float]
  8 TK_PR_DO [do]
- 8 TK_ESPECIAL [<]
- 8 TK_ESPECIAL [,]
- 8 TK_ESPECIAL [=]
- 8 TK_ESPECIAL [;]
- 8 TK_ESPECIAL [;]
- 8 TK_ESPECIAL [$]
+ caracter < ASCII 60 
+ caracter , ASCII 44 
+ caracter = ASCII 61 
+ caracter ; ASCII 59 
+ caracter ; ASCII 59 
+ caracter $ ASCII 36 
  8 TK_PR_IF [if]
  8 TK_PR_IF [if]
- 8 TK_ESPECIAL [:]
- 8 TK_ESPECIAL [)]
- 8 TK_ESPECIAL [/]
- 9 TK_ESPECIAL [*]
- 9 TK_ESPECIAL []]
- 9 TK_ESPECIAL [*]
- 9 TK_ESPECIAL [:]
- 9 TK_ESPECIAL [)]
- 9 TK_ESPECIAL [[]
+ caracter : ASCII 58 
+ caracter ) ASCII 41 
+ caracter / ASCII 47 
+ caracter * ASCII 42 
+ 9 TOKEN_ERRO []]
+ caracter * ASCII 42 
+ caracter : ASCII 58 
+ caracter ) ASCII 41 
+ 9 TOKEN_ERRO [[]
  9 TK_PR_BOOL [bool]
  9 TK_PR_BOOL [bool]
- 9 TK_ESPECIAL [!]
- 9 TK_ESPECIAL [{]
+ caracter ! ASCII 33 
+ caracter { ASCII 123 
  9 TK_PR_STRING [string]
  9 TK_PR_CHAR [char]
  9 TK_PR_STRING [string]
  9 TK_PR_CHAR [char]
- 9 TK_ESPECIAL [,]
+ caracter , ASCII 44 
  9 TK_PR_BOOL [bool]
  9 TK_PR_BOOL [bool]
- 9 TK_ESPECIAL [/]
+ caracter / ASCII 47 
  9 TK_PR_BOOL [bool]
  9 TK_PR_BOOL [bool]
- 9 TK_ESPECIAL [}]
- 9 TK_ESPECIAL [+]
- 9 TK_ESPECIAL [>]
+ caracter } ASCII 125 
+ caracter + ASCII 43 
+ caracter > ASCII 62 
  10 TK_PR_STRING [string]
  10 TK_PR_THEN [then]
  10 TK_PR_STRING [string]
  10 TK_PR_THEN [then]
- 10 TK_ESPECIAL [&]
- 10 TK_ESPECIAL [}]
+ caracter & ASCII 38 
+ caracter } ASCII 125 
  10 TK_PR_STRING [string]
  10 TK_PR_STRING [string]
- 10 TK_ESPECIAL [)]
- 10 TK_ESPECIAL [)]
- 10 TK_ESPECIAL [*]
- 10 TK_ESPECIAL [<]
- 10 TK_ESPECIAL [[]
- 10 TK_ESPECIAL [;]
+ caracter ) ASCII 41 
+ caracter ) ASCII 41 
+ caracter * ASCII 42 
+ caracter < ASCII 60 
+ 10 TOKEN_ERRO [[]
+ caracter ; ASCII 59 
  10 TK_PR_THEN [then]
  10 TK_PR_THEN [then]
- 10 TK_ESPECIAL [[]
+ 10 TOKEN_ERRO [[]
  10 TK_PR_OUTPUT [output]
  10 TK_PR_ELSE [else]
  10 TK_PR_OUTPUT [output]
  10 TK_PR_ELSE [else]
- 10 TK_ESPECIAL [:]
- 10 TK_ESPECIAL [;]
- 10 TK_ESPECIAL [=]
+ caracter : ASCII 58 
+ caracter ; ASCII 59 
+ caracter = ASCII 61 
  10 TK_PR_STRING [string]
  10 TK_PR_STRING [string]
- 10 TK_ESPECIAL [$]
- 10 TK_ESPECIAL [$]
+ caracter $ ASCII 36 
+ caracter $ ASCII 36 
  10 TK_PR_OUTPUT [output]
  10 TK_PR_OUTPUT [output]
- 10 TK_ESPECIAL [,]
+ caracter , ASCII 44 
  11 TK_PR_STRING [string]
  11 TK_PR_INT [int]
  11 TK_PR_STRING [string]
  11 TK_PR_INT [int]
- 11 TK_ESPECIAL [[]
- 11 TK_ESPECIAL [>]
- 11 TK_ESPECIAL [!]
- 11 TK_ESPECIAL [+]
- 11 TK_ESPECIAL [{]
- 11 TK_ESPECIAL [/]
- 11 TK_ESPECIAL [=]
- 11 TK_ESPECIAL [/]
+ 11 TOKEN_ERRO [[]
+ caracter > ASCII 62 
+ caracter ! ASCII 33 
+ caracter + ASCII 43 
+ caracter { ASCII 123 
+ caracter / ASCII 47 
+ caracter = ASCII 61 
+ caracter / ASCII 47 
  11 TK_PR_RETURN [return]
  11 TK_PR_STRING [string]
...
  11 TK_PR_BOOL [bool]
  11 TK_PR_FLOAT [float]
- 11 TK_ESPECIAL [<]
+ caracter < ASCII 60 
  11 TK_PR_CHAR [char]
  11 TK_PR_CHAR [char]
- 11 TK_ESPECIAL []]
- 11 TK_ESPECIAL [}]
- 12 TK_ESPECIAL [>]
+ 11 TOKEN_ERRO []]
+ caracter } ASCII 125 
+ caracter > ASCII 62 
  12 TK_PR_CHAR [char]
  12 TK_PR_CHAR [char]
- 12 TK_ESPECIAL [}]
- 12 TK_ESPECIAL [*]
- 12 TK_ESPECIAL [[]
- 12 TK_ESPECIAL [,]
- 12 TK_ESPECIAL [=]
+ caracter } ASCII 125 
+ caracter * ASCII 42 
+ 12 TOKEN_ERRO [[]
+ caracter , ASCII 44 
+ caracter = ASCII 61 
  12 TK_PR_BOOL [bool]
  12 TK_PR_BOOL [bool]
- 12 TK_ESPECIAL [$]
+ caracter $ ASCII 36 
  12 TK_PR_STRING [string]
  12 TK_PR_THEN [then]
  12 TK_PR_STRING [string]
  12 TK_PR_THEN [then]
- 12 TK_ESPECIAL [{]
- 12 TK_ESPECIAL [/]
+ caracter { ASCII 123 
+ caracter / ASCII 47 
  12 TK_PR_DO [do]
  12 TK_PR_DO [do]
- 12 TK_ESPECIAL [!]
- 12 TK_ESPECIAL [)]
- 12 TK_ESPECIAL [{]
- 12 TK_ESPECIAL [[]
- 12 TK_ESPECIAL [(]
- 12 TK_ESPECIAL [:]
+ caracter ! ASCII 33 
+ caracter ) ASCII 41 
+ caracter { ASCII 123 
+ 12 TOKEN_ERRO [[]
+ caracter ( ASCII 40 
+ caracter : ASCII 58 
  12 TK_PR_THEN [then]
  12 TK_PR_THEN [then]
- 12 TK_ESPECIAL [-]
- 13 TK_ESPECIAL [-]
- 13 TK_ESPECIAL [,]
+ caracter - ASCII 45 
+ caracter - ASCII 45 
+ caracter , ASCII 44 
  13 TK_PR_INT [int]
  13 TK_PR_INT [int]
  13 TK_PR_INT [int]
  13 TK_PR_INT [int]
- 13 TK_ESPECIAL [&]
- 13 TK_ESPECIAL [/]
- 13 TK_ESPECIAL [}]
- 13 TK_ESPECIAL [&]
- 13 TK_ESPECIAL [{]
+ caracter & ASCII 38 
+ caracter / ASCII 47 
+ caracter } ASCII 125 
+ caracter & ASCII 38 
+ caracter { ASCII 123 
  13 TK_PR_THEN [then]
  13 TK_PR_THEN [then]
- 13 TK_ESPECIAL [!]
- 13 TK_ESPECIAL []]
- 13 TK_ESPECIAL [{]
+ caracter ! ASCII 33 
+ 13 TOKEN_ERRO []]
+ caracter { ASCII 123 
  13 TK_PR_STRING [string]
  13 TK_PR_STRING [string]
- 13 TK_ESPECIAL [>]
- 13 TK_ESPECIAL [$]
+ caracter > ASCII 62 
+ caracter $ ASCII 36 
  13 TK_PR_INPUT [input]
  13 TK_PR_INPUT [input]
- 13 TK_ESPECIAL [*]
- 13 TK_ESPECIAL [=]
+ caracter * ASCII 42 
+ caracter = ASCII 61 
  13 TK_PR_INT [int]
  13 TK_PR_INT [int]
- 13 TK_ESPECIAL [!]
- 13 TK_ESPECIAL [&]
+ caracter ! ASCII 33 
+ caracter & ASCII 38 
  14 TK_PR_THEN [then]
  14 TK_PR_THEN [then]
- 14 TK_ESPECIAL [*]
- 14 TK_ESPECIAL [{]
+ caracter * ASCII 42 
+ caracter { ASCII 123 
  14 TK_PR_OUTPUT [output]
  14 TK_PR_OUTPUT [output]
- 14 TK_ESPECIAL [&]
- 14 TK_ESPECIAL [;]
+ caracter & ASCII 38 
+ caracter ; ASCII 59 
  14 TK_PR_THEN [then]
  14 TK_PR_INPUT [input]
...
  14 TK_PR_INPUT [input]
  14 TK_PR_RETURN [return]
- 14 TK_ESPECIAL [(]
- 14 TK_ESPECIAL [=]
- 14 TK_ESPECIAL [+]
+ caracter ( ASCII 40 
+ caracter = ASCII 61 
+ caracter + ASCII 43 
  14 TK_PR_OUTPUT [output]
  14 TK_PR_INT [int]
  14 TK_PR_OUTPUT [output]
  14 TK_PR_INT [int]
- 14 TK_ESPECIAL [;]
- 14 TK_ESPECIAL [&]
- 14 TK_ESPECIAL [/]
- 14 TK_ESPECIAL []]
- 14 TK_ESPECIAL [-]
- 14 TK_ESPECIAL [$]
- 14 TK_ESPECIAL [)]
+ caracter ; ASCII 59 
+ caracter & ASCII 38 
+ caracter / ASCII 47 
+ 14 TOKEN_ERRO []]
+ caracter - ASCII 45 
+ caracter $ ASCII 36 
+ caracter ) ASCII 41 
  15 TK_PR_FLOAT [float]
  15 TK_PR_FLOAT [float]
- 15 TK_ESPECIAL [{]
- 15 TK_ESPECIAL [/]
+ caracter { ASCII 123 
+ caracter / ASCII 47 
  15 TK_PR_FLOAT [float]
  15 TK_PR_IF [if]
  15 TK_PR_FLOAT [float]
  15 TK_PR_IF [if]
- 15 TK_ESPECIAL [=]
- 15 TK_ESPECIAL [,]
- 15 TK_ESPECIAL [$]
- 15 TK_ESPECIAL [)]
- 15 TK_ESPECIAL [*]
- 15 TK_ESPECIAL [=]
- 15 TK_ESPECIAL [<]
+ caracter = ASCII 61 
+ caracter , ASCII 44 
+ caracter $ ASCII 36 
+ caracter ) ASCII 41 
+ caracter * ASCII 42 
+ caracter = ASCII 61 
+ caracter < ASCII 60 
  15 TK_PR_FLOAT [float]
  15 TK_PR_FLOAT [float]
- 15 TK_ESPECIAL []]
- 15 TK_ESPECIAL [!]
- 15 TK_ESPECIAL [(]
- 15 TK_ESPECIAL [}]
+ 15 TOKEN_ERRO []]
+ caracter ! ASCII 33 
+ caracter ( ASCII 40 
+ caracter } ASCII 125 
  15 TK_PR_BOOL [bool]
  15 TK_PR_BOOL [bool]
- 15 TK_ESPECIAL [{]
+ caracter { ASCII 123 
  46 TK_PR_STRING [string]
  46 TK_PR_CHAR [char]
  46 TK_PR_STRING [string]
  46 TK_PR_CHAR [char]
- 46 TK_ESPECIAL [{]
+ caracter { ASCII 123 
  46 TK_PR_FLOAT [float]
  46 TK_PR_STRING [string]
  46 TK_PR_FLOAT [float]
  46 TK_PR_STRING [string]
- 46 TK_ESPECIAL [/]
+ caracter / ASCII 47 
  46 TK_PR_RETURN [return]
  46 TK_PR_OUTPUT [output]
  46 TK_PR_RETURN [return]
  46 TK_PR_OUTPUT [output]
- 46 TK_ESPECIAL [;]
+ caracter ; ASCII 59 
  46 TK_PR_IF [if]
  46 TK_PR_RETURN [return]
  46 TK_PR_IF [if]
  46 TK_PR_RETURN [return]
- 46 TK_ESPECIAL [+]
- 46 TK_ESPECIAL [/]
+ caracter + ASCII 43 
+ caracter / ASCII 47 
  47 TK_PR_STRING [string]
  47 TK_PR_STRING [string]
- 47 TK_ESPECIAL [:]
- 47 TK_ESPECIAL [&]
- 47 TK_ESPECIAL [!]
- 47 TK_ESPECIAL [[]
- 47 TK_ESPECIAL [*]
- 47 TK_ESPECIAL [}]
- 47 TK_ESPECIAL [}]
- 47 TK_ESPECIAL [-]
- 47 TK_ESPECIAL [&]
- 47 TK_ESPECIAL [=]
- 47 TK_ESPECIAL [$]
- 47 TK_ESPECIAL [!]
- 47 TK_ESPECIAL [{]
+ caracter : ASCII 58 
+ caracter & ASCII 38 
+ caracter ! ASCII 33 
+ 47 TOKEN_ERRO [[]
+ caracter * ASCII 42 
+ caracter } ASCII 125 
+ caracter } ASCII 125 
+ caracter - ASCII 45 
+ caracter & ASCII 38 
+ caracter = ASCII 61 
+ caracter $ ASCII 36 
+ caracter ! ASCII 33 
+ caracter { ASCII 123 
  47 TK_PR_STRING [string]
  47 TK_PR_STRING [string]
- 47 TK_ESPECIAL [[]
- 47 TK_ESPECIAL [[]
- 47 TK_ESPECIAL [;]
- 47 TK_ESPECIAL [:]
- 47 TK_ESPECIAL [-]
+ 47 TOKEN_ERRO [[]
+ 47 TOKEN_ERRO [[]
+ caracter ; ASCII 59 
+ caracter : ASCII 58 
+ caracter - ASCII 45 
  47 TK_PR_INT [int]
  47 TK_PR_INT [int]
- 47 TK_ESPECIAL [<]
- 47 TK_ESPECIAL [!]
+ caracter < ASCII 60 
+ caracter ! ASCII 33 
  47 TK_PR_DO [do]
  47 TK_PR_DO [do]
- 47 TK_ESPECIAL [;]
+ caracter ; ASCII 59 
  47 TK_PR_BOOL [bool]
  47 TK_PR_BOOL [bool]
- 47 TK_ESPECIAL [[]
- 47 TK_ESPECIAL [=]
- 47 TK_ESPECIAL [!]
- 47 TK_ESPECIAL [{]
- 47 TK_ESPECIAL [>]
+ 47 TOKEN_ERRO [[]
+ caracter = ASCII 61 
+ caracter ! ASCII 33 
+ caracter { ASCII 123 
+ caracter > ASCII 62 
  48 TK_PR_STRING [string]
  48 TK_PR_STRING [string]
- 48 TK_ESPECIAL [:]
- 48 TK_ESPECIAL [,]
+ caracter : ASCII 58 
+ caracter , ASCII 44 
  48 TK_PR_STRING [string]
  48 TK_PR_STRING [string]
- 48 TK_ESPECIAL [!]
+ caracter ! ASCII 33 
  48 TK_PR_THEN [then]
  48 TK_PR_THEN [then]
- 48 TK_ESPECIAL [{]
+ caracter { ASCII 123 
  48 TK_PR_INPUT [input]
  48 TK_PR_INPUT [input]
...
  48 TK_PR_INPUT [input]
  48 TK_PR_INT [int]
- 48 TK_ESPECIAL [:]
+ caracter : ASCII 58 
  48 TK_PR_INT [int]
  48 TK_PR_INT [int]
- 48 TK_ESPECIAL [=]
+ caracter = ASCII 61 
  48 TK_PR_FLOAT [float]
  49 TK_PR_STRING [string]
  48 TK_PR_FLOAT [float]
  49 TK_PR_STRING [string]
- 49 TK_ESPECIAL [*]
- 49 TK_ESPECIAL [<]
- 49 TK_ESPECIAL [$]
- 49 TK_ESPECIAL [=]
+ caracter * ASCII 42 
+ caracter < ASCII 60 
+ caracter $ ASCII 36 
+ caracter = ASCII 61 
  49 TK_PR_DO [do]
  49 TK_PR_DO [do]
- 49 TK_ESPECIAL [}]
- 49 TK_ESPECIAL [$]
- 49 TK_ESPECIAL []]
- 49 TK_ESPECIAL [*]
- 49 TK_ESPECIAL []]
+ caracter } ASCII 125 
+ caracter $ ASCII 36 
+ 49 TOKEN_ERRO []]
+ caracter * ASCII 42 
+ 49 TOKEN_ERRO []]
  49 TK_PR_IF [if]
  49 TK_PR_INPUT [input]
  49 TK_PR_IF [if]
  49 TK_PR_INPUT [input]
- 49 TK_ESPECIAL [$]
- 49 TK_ESPECIAL []]
- 49 TK_ESPECIAL [[]
+ caracter $ ASCII 36 
+ 49 TOKEN_ERRO []]
+ 49 TOKEN_ERRO [[]
  49 TK_PR_STRING [string]
  49 TK_PR_STRING [string]
- 49 TK_ESPECIAL []]
- 49 TK_ESPECIAL [;]
- 49 TK_ESPECIAL [,]
- 49 TK_ESPECIAL [-]
+ 49 TOKEN_ERRO []]
+ caracter ; ASCII 59 
+ caracter , ASCII 44 
+ caracter - ASCII 45 
  49 TK_PR_RETURN [return]
  49 TK_PR_RETURN [return]
- 49 TK_ESPECIAL [+]
- 49 TK_ESPECIAL [,]
+ caracter + ASCII 43 
+ caracter , ASCII 44 
  49 TK_PR_INPUT [input]
  49 TK_PR_INPUT [input]
- 49 TK_ESPECIAL [:]
+ caracter : ASCII 58 
  50 TK_PR_THEN [then]
  50 TK_PR_RETURN [return]
...
  50 TK_PR_RETURN [return]
  50 TK_PR_OUTPUT [output]
- 50 TK_ESPECIAL [<]
- 50 TK_ESPECIAL [(]
- 50 TK_ESPECIAL [/]
- 50 TK_ESPECIAL [[]
- 50 TK_ESPECIAL [[]
+ caracter < ASCII 60 
+ caracter ( ASCII 40 
+ caracter / ASCII 47 
+ 50 TOKEN_ERRO [[]
+ 50 TOKEN_ERRO [[]
  50 TK_PR_RETURN [return]
  50 TK_PR_RETURN [return]
- 50 TK_ESPECIAL [*]
+ caracter * ASCII 42 
  50 TK_PR_DO [do]
  50 TK_PR_DO [do]
- 50 TK_ESPECIAL [}]
+ caracter } ASCII 125 
  50 TK_PR_BOOL [bool]
  50 TK_PR_BOOL [bool]
  50 TK_PR_BOOL [bool]
  50 TK_PR_BOOL [bool]
- 50 TK_ESPECIAL [+]
- 50 TK_ESPECIAL [*]
+ caracter + ASCII 43 
+ caracter * ASCII 42 
  50 TK_PR_THEN [then]
  50 TK_PR_THEN [then]
- 51 TK_ESPECIAL [=]
- 51 TK_ESPECIAL [*]
+ caracter = ASCII 61 
+ caracter * ASCII 42 
  51 TK_PR_CHAR [char]
  51 TK_PR_RETURN [return]
  51 TK_PR_CHAR [char]
  51 TK_PR_RETURN [return]
- 51 TK_ESPECIAL [!]
- 51 TK_ESPECIAL [>]
- 51 TK_ESPECIAL [(]
- 51 TK_ESPECIAL []]
- 51 TK_ESPECIAL [}]
- 51 TK_ESPECIAL [[]
+ caracter ! ASCII 33 
+ caracter > ASCII 62 
+ caracter ( ASCII 40 
+ 51 TOKEN_ERRO []]
+ caracter } ASCII 125 
+ 51 TOKEN_ERRO [[]
  51 TK_PR_INT [int]
  51 TK_PR_ELSE [else]
  51 TK_PR_INT [int]
  51 TK_PR_ELSE [else]
- 51 TK_ESPECIAL [{]
- 51 TK_ESPECIAL [/]
+ caracter { ASCII 123 
+ caracter / ASCII 47 
  51 TK_PR_STRING [string]
  51 TK_PR_STRING [string]
- 51 TK_ESPECIAL [>]
+ caracter > ASCII 62 
  51 TK_PR_RETURN [return]
  51 TK_PR_RETURN [return]
- 51 TK_ESPECIAL [,]
- 51 TK_ESPECIAL [*]
- 51 TK_ESPECIAL [>]
- 51 TK_ESPECIAL [:]
+ caracter , ASCII 44 
+ caracter * ASCII 42 
+ caracter > ASCII 62 
+ caracter : ASCII 58 
  52 TK_PR_BOOL [bool]
  52 TK_PR_BOOL [bool]
- 52 TK_ESPECIAL [=]
+ caracter = ASCII 61 
  52 TK_PR_INT [int]
  52 TK_PR_INT [int]
- 52 TK_ESPECIAL []]
- 52 TK_ESPECIAL [-]
+ 52 TOKEN_ERRO []]
+ caracter - ASCII 45 
  52 TK_OC_AND [&&]
  52 TK_OC_AND [&&]
- 52 TK_ESPECIAL [(]
- 52 TK_ESPECIAL [>]
- 52 TK_ESPECIAL []]
- 52 TK_ESPECIAL [>]
- 52 TK_ESPECIAL [+]
+ caracter ( ASCII 40 
+ caracter > ASCII 62 
+ 52 TOKEN_ERRO []]
+ caracter > ASCII 62 
+ caracter + ASCII 43 
  52 TK_PR_CHAR [char]
  52 TK_PR_CHAR [char]
- 52 TK_ESPECIAL [-]
- 52 TK_ESPECIAL [,]
- 52 TK_ESPECIAL [{]
- 52 TK_ESPECIAL [)]
- 52 TK_ESPECIAL [/]
- 52 TK_ESPECIAL [:]
- 52 TK_ESPECIAL [[]
- 52 TK_ESPECIAL [{]
- 52 TK_ESPECIAL [$]
+ caracter - ASCII 45 
+ caracter , ASCII 44 
+ caracter { ASCII 123 
+ caracter ) ASCII 41 
+ caracter / ASCII 47 
+ caracter : ASCII 58 
+ 52 TOKEN_ERRO [[]
+ caracter { ASCII 123 
+ caracter $ ASCII 36 
  52 TK_PR_OUTPUT [output]
  52 TK_PR_OUTPUT [output]
- 52 TK_ESPECIAL [;]
+ caracter ; ASCII 59 
  52 TK_PR_FLOAT [float]
  52 TK_PR_FLOAT [float]
- 52 TK_ESPECIAL [}]
+ caracter } ASCII 125 
  52 TK_PR_OUTPUT [output]
  52 TK_PR_OUTPUT [output]
- 52 TK_ESPECIAL [<]
- 52 TK_ESPECIAL [;]
+ caracter < ASCII 60 
+ caracter ; ASCII 59 
  53 TK_PR_BOOL [bool]
  53 TK_PR_STRING [string]
  53 TK_PR_BOOL [bool]
  53 TK_PR_STRING [string]
- 53 TK_ESPECIAL [{]
+ caracter { ASCII 123 
  53 TK_PR_THEN [then]
  53 TK_PR_THEN [then]
- 53 TK_ESPECIAL [)]
- 53 TK_ESPECIAL [!]
+ caracter ) ASCII 41 
+ caracter ! ASCII 33 
  53 TK_PR_CHAR [char]
  53 TK_PR_CHAR [char]
- 53 TK_ESPECIAL [&]
- 53 TK_ESPECIAL [*]
+ caracter & ASCII 38 
+ caracter * ASCII 42 
  53 TK_PR_BOOL [bool]
  53 TK_PR_BOOL [bool]
- 53 TK_ESPECIAL [,]
+ caracter , ASCII 44 
  53 TK_PR_THEN [then]
  53 TK_PR_THEN [then]
- 53 TK_ESPECIAL [-]
- 53 TK_ESPECIAL [)]
+ caracter - ASCII 45 
+ caracter ) ASCII 41 
  53 TK_PR_THEN [then]
  53 TK_PR_THEN [then]
- 53 TK_ESPECIAL [=]
+ caracter = ASCII 61 
  54 TK_PR_DO [do]
  54 TK_PR_INT [int]
  54 TK_PR_DO [do]
  54 TK_PR_INT [int]
- 54 TK_ESPECIAL [(]
- 54 TK_ESPECIAL [{]
- 54 TK_ESPECIAL [:]
+ caracter ( ASCII 40 
+ caracter { ASCII 123 
+ caracter : ASCII 58 
  54 TK_PR_CHAR [char]
  54 TK_PR_CHAR [char]
- 54 TK_ESPECIAL [;]
- 54 TK_ESPECIAL [;]
- 54 TK_ESPECIAL [}]
- 54 TK_ESPECIAL [[]
- 54 TK_ESPECIAL [,]
- 54 TK_ESPECIAL [+]
- 54 TK_ESPECIAL [,]
+ caracter ; ASCII 59 
+ caracter ; ASCII 59 
+ caracter } ASCII 125 
+ 54 TOKEN_ERRO [[]
+ caracter , ASCII 44 
+ caracter + ASCII 43 
+ caracter , ASCII 44 
  54 TK_PR_DO [do]
  54 TK_PR_DO [do]
- 54 TK_ESPECIAL [(]
- 54 TK_ESPECIAL [*]
- 54 TK_ESPECIAL [<]
- 54 TK_ESPECIAL [>]
- 54 TK_ESPECIAL [-]
- 54 TK_ESPECIAL [}]
- 54 TK_ESPECIAL [{]
- 54 TK_ESPECIAL [(]
+ caracter ( ASCII 40 
+ caracter * ASCII 42 
+ caracter < ASCII 60 
+ caracter > ASCII 62 
+ caracter - ASCII 45 
+ caracter } ASCII 125 
+ caracter { ASCII 123 
+ caracter ( ASCII 40 
  54 TK_PR_INT [int]
  54 TK_PR_DO [do]
  54 TK_PR_INT [int]
  54 TK_PR_DO [do]
- 54 TK_ESPECIAL [)]
+ caracter ) ASCII 41 
  55 TK_PR_DO [do]
  55 TK_PR_DO [do]
- 55 TK_ESPECIAL [$]
+ caracter $ ASCII 36 
  55 TK_PR_DO [do]
  55 TK_PR_DO [do]
- 55 TK_ESPECIAL [)]
- 55 TK_ESPECIAL [/]
+ caracter ) ASCII 41 
+ caracter / ASCII 47 
  55 TK_PR_INPUT [input]
  55 TK_PR_INPUT [input]
- 55 TK_ESPECIAL [/]
- 55 TK_ESPECIAL [{]
- 55 TK_ESPECIAL [!]
- 55 TK_ESPECIAL [}]
- 55 TK_ESPECIAL [=]
+ caracter / ASCII 47 
+ caracter { ASCII 123 
+ caracter ! ASCII 33 
+ caracter } ASCII 125 
+ caracter = ASCII 61 
  55 TK_PR_THEN [then]
  55 TK_PR_STRING [string]
  55 TK_PR_THEN [then]
  55 TK_PR_STRING [string]
- 55 TK_ESPECIAL [$]
- 55 TK_ESPECIAL [[]
- 55 TK_ESPECIAL [<]
- 55 TK_ESPECIAL [>]
- 55 TK_ESPECIAL [,]
- 55 TK_ESPECIAL [/]
+ caracter $ ASCII 36 
+ 55 TOKEN_ERRO [[]
+ caracter < ASCII 60 
+ caracter > ASCII 62 
+ caracter , ASCII 44 
+ caracter / ASCII 47 
  55 TK_PR_DO [do]
  55 TK_PR_DO [do]
  55 TK_PR_DO [do]
  55 TK_PR_DO [do]
- 56 TK_ESPECIAL [*]
+ caracter * ASCII 42 
  56 TK_PR_INPUT [input]
  56 TK_PR_INPUT [input]
- 56 TK_ESPECIAL [>]
- 56 TK_ESPECIAL [$]
- 56 TK_ESPECIAL [*]
+ caracter > ASCII 62 
+ caracter $ ASCII 36 
+ caracter * ASCII 42 
  56 TK_PR_STRING [string]
  56 TK_PR_FLOAT [float]
...
  56 TK_PR_CHAR [char]
  56 TK_PR_BOOL [bool]
- 56 TK_ESPECIAL [$]
- 56 TK_ESPECIAL [/]
- 56 TK_ESPECIAL [{]
+ caracter $ ASCII 36 
+ caracter / ASCII 47 
+ caracter { ASCII 123 
  56 TK_PR_BOOL [bool]
  56 TK_PR_BOOL [bool]
- 56 TK_ESPECIAL [{]
+ caracter { ASCII 123 
  57 TK_PR_FLOAT [float]
  57 TK_PR_FLOAT [float]
- 57 TK_ESPECIAL [-]
+ caracter - ASCII 45 
  57 TK_PR_BOOL [bool]
  57 TK_PR_BOOL [bool]
- 57 TK_ESPECIAL [{]
+ caracter { ASCII 123 
  57 TK_PR_STRING [string]
  57 TK_PR_CHAR [char]
  57 TK_PR_STRING [string]
  57 TK_PR_CHAR [char]
- 57 TK_ESPECIAL []]
- 57 TK_ESPECIAL [[]
- 57 TK_ESPECIAL [)]
- 57 TK_ESPECIAL [}]
- 57 TK_ESPECIAL [>]
+ 57 TOKEN_ERRO []]
+ 57 TOKEN_ERRO [[]
+ caracter ) ASCII 41 
+ caracter } ASCII 125 
+ caracter > ASCII 62 
  57 TK_PR_THEN [then]
  57 TK_PR_THEN [then]
- 57 TK_ESPECIAL [/]
- 57 TK_ESPECIAL [:]
+ caracter / ASCII 47 
+ caracter : ASCII 58 
  57 TK_PR_THEN [then]
  57 TK_PR_INPUT [input]
...
  58 TK_PR_FLOAT [float]
  58 TK_PR_IF [if]
- 58 TK_ESPECIAL [,]
+ caracter , ASCII 44 
  58 TK_PR_RETURN [return]
  58 TK_PR_RETURN [return]
- 58 TK_ESPECIAL [/]
- 58 TK_ESPECIAL [{]
+ caracter / ASCII 47 
+ caracter { ASCII 123 
  58 TK_PR_IF [if]
  58 TK_PR_IF [if]
- 58 TK_ESPECIAL [(]
- 58 TK_ESPECIAL [!]
- 58 TK_ESPECIAL [}]
- 58 TK_ESPECIAL [=]
- 58 TK_ESPECIAL [/]
- 58 TK_ESPECIAL [&]
- 58 TK_ESPECIAL [{]
+ caracter ( ASCII 40 
+ caracter ! ASCII 33 
+ caracter } ASCII 125 
+ caracter = ASCII 61 
+ caracter / ASCII 47 
+ caracter & ASCII 38 
+ caracter { ASCII 123 
  58 TK_PR_RETURN [return]
  58 TK_PR_RETURN [return]
- 58 TK_ESPECIAL [:]
- 58 TK_ESPECIAL []]
- 58 TK_ESPECIAL [(]
+ caracter : ASCII 58 
+ 58 TOKEN_ERRO []]
+ caracter ( ASCII 40 
  58 TK_PR_STRING [string]
  58 TK_PR_STRING [string]
- 58 TK_ESPECIAL [+]
+ caracter + ASCII 43 
  58 TK_PR_FLOAT [float]
  58 TK_PR_FLOAT [float]
- 58 TK_ESPECIAL []]
- 58 TK_ESPECIAL [/]
- 58 TK_ESPECIAL [)]
- 58 TK_ESPECIAL [+]
+ 58 TOKEN_ERRO []]
+ caracter / ASCII 47 
+ caracter ) ASCII 41 
+ caracter + ASCII 43 
  59 TK_PR_STRING [string]
  59 TK_PR_STRING [string]
- 59 TK_ESPECIAL [=]
+ caracter = ASCII 61 
  59 TK_PR_ELSE [else]
  59 TK_PR_STRING [string]
  59 TK_PR_ELSE [else]
  59 TK_PR_STRING [string]
- 59 TK_ESPECIAL [<]
- 59 TK_ESPECIAL [>]
+ caracter < ASCII 60 
+ caracter > ASCII 62 
  59 TK_PR_STRING [string]
  59 TK_PR_FLOAT [float]
...
  59 TK_PR_FLOAT [float]
  59 TK_PR_INPUT [input]
- 59 TK_ESPECIAL [&]
- 59 TK_ESPECIAL [(]
- 59 TK_ESPECIAL [:]
- 59 TK_ESPECIAL [;]
- 59 TK_ESPECIAL [*]
+ caracter & ASCII 38 
+ caracter ( ASCII 40 
+ caracter : ASCII 58 
+ caracter ; ASCII 59 
+ caracter * ASCII 42 
Test suite `avaliacao_01.tesh': NOK (<avaliacao_01.tesh:5> output mismatch)
<end of output>
Test time =   0.23 sec
----------------------------------------------------------
Test Failed.
"e1_avaliacao_01" end time: Sep 08 13:59 EDT
"e1_avaliacao_01" time elapsed: 00:00:00
----------------------------------------------------------

3/407 Testing: e1_avaliacao_02
3/407 Test: e1_avaliacao_02
Command: "/usr/bin/perl" "-I" "./tests/scripts" "./tests/scripts/tesh" "/home/user/compiladores/pc/tests/e1/avaliacao_02.tesh"
Directory: /home/user/compiladores/pc/build
"e1_avaliacao_02" start time: Sep 08 13:59 EDT
Output:
----------------------------------------------------------
Unescaped left brace in regex is deprecated, passed through in regex; marked by <-- HERE in m/\${ <-- HERE (\w+)(?::[=-][^}]*)?}/ at ./tests/scripts/tesh line 345.
Test suite `/home/user/compiladores/pc/tests/e1/avaliacao_02.tesh'
[avaliacao_02.tesh:5] ./main ./tests/e1/input/nivel2.tokens
Output of <avaliacao_02.tesh:5> mismatch:
  1 TK_PR_BOOL [bool]
- 1 TK_LIT_STRING ["7uc if  then uHpf8 float iRCk"]
+ caracter " ASCII 34 
+ 1 TK_LIT_INT [7]
+ 1 TK_IDENTIFICADOR [uc]
+ 1 TK_PR_IF [if]
+ 1 TK_PR_THEN [then]
+ 1 TK_IDENTIFICADOR [uHpf8]
+ 1 TK_PR_FLOAT [float]
+ 1 TK_IDENTIFICADOR [iRCk]
+ caracter " ASCII 34 
  1 TK_LIT_CHAR [',']
  1 TK_LIT_CHAR ['!']
  1 TK_LIT_CHAR [',']
  1 TK_LIT_CHAR ['!']
- 1 TK_ESPECIAL [*]
+ caracter * ASCII 42 
  1 TK_LIT_CHAR ['d']
  1 TK_LIT_CHAR ['d']
- 2 TK_ESPECIAL [-]
- 2 TK_LIT_FLOAT [96.6994641]
+ 2 TK_LIT_FLOAT [-96.6994641]
  2 TK_LIT_CHAR ['*']
  2 TK_LIT_CHAR ['*']
- 2 TK_ESPECIAL [-]
- 2 TK_LIT_INT [8336]
- 3 TK_LIT_STRING ["h int gZ:N<=ki860v+ _5sN&& if Rc<:{2>=R[f4]A9 output A6Y then Vcbk"]
- 3 TK_ESPECIAL [/]
+ 2 TK_LIT_INT [-8336]
+ caracter " ASCII 34 
+ 3 TK_IDENTIFICADOR [h]
+ 3 TK_PR_INT [int]
+ 3 TK_IDENTIFICADOR [gZ]
+ caracter : ASCII 58 
+ 3 TK_IDENTIFICADOR [N]
+ 3 TK_OC_LE [<=]
+ 3 TK_IDENTIFICADOR [ki860v]
+ caracter + ASCII 43 
+ caracter _ ASCII 95 
+ 3 TK_LIT_INT [5]
+ 3 TK_IDENTIFICADOR [sN]
+ 3 TK_OC_AND [&&]
+ 3 TK_PR_IF [if]
+ 3 TK_IDENTIFICADOR [Rc]
+ caracter < ASCII 60 
+ caracter : ASCII 58 
+ caracter { ASCII 123 
+ 3 TK_LIT_INT [2]
+ 3 TK_OC_GE [>=]
+ 3 TK_IDENTIFICADOR [R]
+ 3 TOKEN_ERRO [[]
+ 3 TK_IDENTIFICADOR [f4]
+ 3 TOKEN_ERRO []]
+ 3 TK_IDENTIFICADOR [A9]
+ 3 TK_PR_OUTPUT [output]
+ 3 TK_IDENTIFICADOR [A6Y]
+ 3 TK_PR_THEN [then]
+ 3 TK_IDENTIFICADOR [Vcbk]
+ caracter " ASCII 34 
+ caracter / ASCII 47 
  3 TK_PR_STRING [string]
  3 TK_PR_INT [int]
...
  3 TK_PR_INT [int]
  3 TK_LIT_INT [1]
- 3 TK_ESPECIAL [,]
+ caracter , ASCII 44 
  3 TK_LIT_INT [4084242]
  3 TK_LIT_CHAR ['=']
...
  3 TK_LIT_INT [93829]
  3 TK_LIT_INT [6463130]
- 4 TK_LIT_STRING [" while Y>r! float xF{ *  * tm3||KRI output tJg while TtOsBVSkaW&& string Cm bool YlH["]
- 4 TK_ESPECIAL [,]
- 4 TK_LIT_STRING [" int >,fZ}zjSuCl bool U<={LYKOInVAM0AE}Kjy if baX int 6M"]
- 5 TK_LIT_STRING ["<RR5q+ ] do U+  = [p then NG bool "]
- 5 TK_IDENTIFICADOR [____char]
+ caracter " ASCII 34 
+ 4 TK_PR_WHILE [while]
+ 4 TK_IDENTIFICADOR [Y]
+ caracter > ASCII 62 
+ 4 TK_IDENTIFICADOR [r]
+ caracter ! ASCII 33 
+ 4 TK_PR_FLOAT [float]
+ 4 TK_IDENTIFICADOR [xF]
+ caracter { ASCII 123 
+ caracter * ASCII 42 
+ caracter * ASCII 42 
+ 4 TK_IDENTIFICADOR [tm3]
+ 4 TK_OC_OR [||]
+ 4 TK_IDENTIFICADOR [KRI]
+ 4 TK_PR_OUTPUT [output]
+ 4 TK_IDENTIFICADOR [tJg]
+ 4 TK_PR_WHILE [while]
+ 4 TK_IDENTIFICADOR [TtOsBVSkaW]
+ 4 TK_OC_AND [&&]
+ 4 TK_PR_STRING [string]
+ 4 TK_IDENTIFICADOR [Cm]
+ 4 TK_PR_BOOL [bool]
+ 4 TK_IDENTIFICADOR [YlH]
+ 4 TOKEN_ERRO [[]
+ caracter " ASCII 34 
+ caracter , ASCII 44 
+ caracter " ASCII 34 
+ 4 TK_PR_INT [int]
+ caracter > ASCII 62 
+ caracter , ASCII 44 
+ 4 TK_IDENTIFICADOR [fZ]
+ caracter } ASCII 125 
+ 4 TK_IDENTIFICADOR [zjSuCl]
+ 4 TK_PR_BOOL [bool]
+ 4 TK_IDENTIFICADOR [U]
+ 4 TK_OC_LE [<=]
+ caracter { ASCII 123 
+ 4 TK_IDENTIFICADOR [LYKOInVAM0AE]
+ caracter } ASCII 125 
+ 4 TK_IDENTIFICADOR [Kjy]
+ 4 TK_PR_IF [if]
+ 4 TK_IDENTIFICADOR [baX]
+ 4 TK_PR_INT [int]
+ 4 TK_LIT_INT [6]
+ 4 TK_IDENTIFICADOR [M]
+ caracter " ASCII 34 
+ caracter " ASCII 34 
+ caracter < ASCII 60 
+ 5 TK_IDENTIFICADOR [RR5q]
+ caracter + ASCII 43 
+ 5 TOKEN_ERRO []]
+ 5 TK_PR_DO [do]
+ 5 TK_IDENTIFICADOR [U]
+ caracter + ASCII 43 
+ caracter = ASCII 61 
+ 5 TOKEN_ERRO [[]
+ 5 TK_IDENTIFICADOR [p]
  5 TK_PR_THEN [then]
  5 TK_PR_THEN [then]
- 5 TK_ESPECIAL [*]
+ 5 TK_IDENTIFICADOR [NG]
+ 5 TK_PR_BOOL [bool]
+ caracter " ASCII 34 
+ caracter _ ASCII 95 
+ caracter _ ASCII 95 
+ caracter _ ASCII 95 
+ caracter _ ASCII 95 
+ 5 TK_PR_CHAR [char]
+ 5 TK_PR_THEN [then]
+ caracter * ASCII 42 
  5 TK_LIT_FLOAT [682294760.45960]
  5 TK_LIT_FLOAT [682294760.45960]
- 5 TK_ESPECIAL [-]
+ caracter - ASCII 45 
  5 TK_PR_STRING [string]
  5 TK_PR_STRING [string]
- 6 TK_LIT_STRING ["E4ftmT] output  / W while z then AvbQIlTh>=<=&"]
+ caracter " ASCII 34 
+ 6 TK_IDENTIFICADOR [E4ftmT]
+ 6 TOKEN_ERRO []]
+ 6 TK_PR_OUTPUT [output]
+ caracter / ASCII 47 
+ 6 TK_IDENTIFICADOR [W]
+ 6 TK_PR_WHILE [while]
+ 6 TK_IDENTIFICADOR [z]
+ 6 TK_PR_THEN [then]
+ 6 TK_IDENTIFICADOR [AvbQIlTh]
+ 6 TK_OC_GE [>=]
+ 6 TK_OC_LE [<=]
+ caracter & ASCII 38 
+ caracter " ASCII 34 
  6 TK_LIT_STRING [""]
  6 TK_LIT_STRING [""]
- 7 TK_LIT_STRING [" while J> - v,[ND[ / sW char sAN&b - bf7A input OFsn( while f)"]
+ caracter " ASCII 34 
+ 7 TK_PR_WHILE [while]
+ 7 TK_IDENTIFICADOR [J]
+ caracter > ASCII 62 
+ caracter - ASCII 45 
+ 7 TK_IDENTIFICADOR [v]
+ caracter , ASCII 44 
+ 7 TOKEN_ERRO [[]
+ 7 TK_IDENTIFICADOR [ND]
+ 7 TOKEN_ERRO [[]
+ caracter / ASCII 47 
+ 7 TK_IDENTIFICADOR [sW]
+ 7 TK_PR_CHAR [char]
+ 7 TK_IDENTIFICADOR [sAN]
+ caracter & ASCII 38 
+ 7 TK_IDENTIFICADOR [b]
+ caracter - ASCII 45 
+ 7 TK_IDENTIFICADOR [bf7A]
+ 7 TK_PR_INPUT [input]
+ 7 TK_IDENTIFICADOR [OFsn]
+ caracter ( ASCII 40 
+ 7 TK_PR_WHILE [while]
+ 7 TK_IDENTIFICADOR [f]
+ caracter ) ASCII 41 
+ caracter " ASCII 34 
  7 TK_LIT_FLOAT [0105632.17140]
  7 TK_LIT_INT [941831591]
  7 TK_LIT_FLOAT [0105632.17140]
  7 TK_LIT_INT [941831591]
- 7 TK_ESPECIAL [-]
- 7 TK_LIT_INT [97]
- 7 TK_ESPECIAL [:]
- 8 TK_LIT_STRING ["D bool XvJ8 while  else [ else  * "]
- 9 TK_IDENTIFICADOR [____bJgnmGs2HN5kcuuQvZPZKIynKji9N25yvTTLV4Ib2u09XS0oo47uicxlI4CRXQMm7F22NHaxb5o]
- 9 TK_ESPECIAL [[]
- 9 TK_ESPECIAL [>]
+ 7 TK_LIT_INT [-97]
+ caracter : ASCII 58 
+ caracter " ASCII 34 
+ 8 TK_IDENTIFICADOR [D]
+ 8 TK_PR_BOOL [bool]
+ 8 TK_IDENTIFICADOR [XvJ8]
+ 8 TK_PR_WHILE [while]
+ 8 TK_PR_ELSE [else]
+ 8 TOKEN_ERRO [[]
+ 8 TK_PR_ELSE [else]
+ caracter * ASCII 42 
+ caracter " ASCII 34 
+ caracter _ ASCII 95 
+ caracter _ ASCII 95 
+ caracter _ ASCII 95 
+ caracter _ ASCII 95 
+ 9 TK_IDENTIFICADOR [bJgnmGs2HN5kcuuQvZPZKIynKji9N25yvTTLV4Ib2u09XS0oo47uicxlI4CRXQMm7F22NHaxb5o]
+ 9 TOKEN_ERRO [[]
+ caracter > ASCII 62 
  9 TK_LIT_CHAR [':']
  9 TK_LIT_CHAR [':']
- 9 TK_ESPECIAL [-]
- 9 TK_LIT_INT [74499494]
+ 9 TK_LIT_INT [-74499494]
  9 TK_LIT_CHAR ['[']
  9 TK_LIT_CHAR ['[']
- 9 TK_ESPECIAL [-]
- 9 TK_ESPECIAL [-]
- 9 TK_LIT_FLOAT [16891823.88671]
- 9 TK_ESPECIAL [{]
+ caracter - ASCII 45 
+ 9 TK_LIT_FLOAT [-16891823.88671]
+ caracter { ASCII 123 
  9 TK_PR_RETURN [return]
  9 TK_PR_RETURN [return]
- 10 TK_IDENTIFICADOR [_____hP3ng2AGOz_0QnpiEtZ_gETcj_4slqFkp]
+ caracter _ ASCII 95 
+ caracter _ ASCII 95 
+ caracter _ ASCII 95 
+ caracter _ ASCII 95 
+ caracter _ ASCII 95 
+ 10 TK_IDENTIFICADOR [hP3ng2AGOz_0QnpiEtZ_gETcj_4slqFkp]
  10 TK_PR_CHAR [char]
  10 TK_PR_CHAR [char]
- 10 TK_ESPECIAL [;]
- 10 TK_ESPECIAL [-]
- 10 TK_LIT_FLOAT [81029.696169700]
+ caracter ; ASCII 59 
+ 10 TK_LIT_FLOAT [-81029.696169700]
  10 TK_LIT_CHAR [']']
  10 TK_LIT_CHAR [']']
- 10 TK_ESPECIAL [>]
- 11 TK_IDENTIFICADOR [_YKOIOeIBGHC6uUPcgTNuja6tidVQ6nun3bR7bYwUEoNMEiBxPoFO_yGK5zA1EvTvXw4KLYjtpQBvhuXAx_IzU]
- 11 TK_ESPECIAL [}]
- 11 TK_ESPECIAL [-]
- 11 TK_LIT_FLOAT [090.0666721798]
- 11 TK_ESPECIAL [-]
- 11 TK_LIT_FLOAT [6607.93589]
- 11 TK_ESPECIAL [-]
- 11 TK_LIT_FLOAT [94083.18]
+ caracter > ASCII 62 
+ caracter _ ASCII 95 
+ 11 TK_IDENTIFICADOR [YKOIOeIBGHC6uUPcgTNuja6tidVQ6nun3bR7bYwUEoNMEiBxPoFO_yGK5zA1EvTvXw4KLYjtpQBvhuXAx_IzU]
+ caracter } ASCII 125 
+ 11 TK_LIT_FLOAT [-090.0666721798]
+ 11 TK_LIT_FLOAT [-6607.93589]
+ 11 TK_LIT_FLOAT [-94083.18]
  11 TK_PR_OUTPUT [output]
  11 TK_PR_OUTPUT [output]
- 11 TK_ESPECIAL [>]
+ caracter > ASCII 62 
  11 TK_LIT_CHAR ['Y']
  11 TK_LIT_CHAR [',']
...
  12 TK_LIT_FLOAT [515.1]
  12 TK_PR_ELSE [else]
- 12 TK_ESPECIAL [}]
+ caracter } ASCII 125 
  12 TK_LIT_INT [680867]
  12 TK_LIT_INT [680867]
- 12 TK_ESPECIAL []]
- 13 TK_LIT_STRING ["|| * XzZ&&Mi&&mvMis do w&&iS>={QtCl input FfY"]
- 13 TK_LIT_STRING ["&& output 6]Hygt -  return l6>"]
+ 12 TOKEN_ERRO []]
+ caracter " ASCII 34 
+ 13 TK_OC_OR [||]
+ caracter * ASCII 42 
+ 13 TK_IDENTIFICADOR [XzZ]
+ 13 TK_OC_AND [&&]
+ 13 TK_IDENTIFICADOR [Mi]
+ 13 TK_OC_AND [&&]
+ 13 TK_IDENTIFICADOR [mvMis]
+ 13 TK_PR_DO [do]
+ 13 TK_IDENTIFICADOR [w]
+ 13 TK_OC_AND [&&]
+ 13 TK_IDENTIFICADOR [iS]
+ 13 TK_OC_GE [>=]
+ caracter { ASCII 123 
+ 13 TK_IDENTIFICADOR [QtCl]
+ 13 TK_PR_INPUT [input]
+ 13 TK_IDENTIFICADOR [FfY]
+ caracter " ASCII 34 
+ caracter " ASCII 34 
+ 13 TK_OC_AND [&&]
+ 13 TK_PR_OUTPUT [output]
+ 13 TK_LIT_INT [6]
+ 13 TOKEN_ERRO []]
+ 13 TK_IDENTIFICADOR [Hygt]
+ caracter - ASCII 45 
+ 13 TK_PR_RETURN [return]
+ 13 TK_IDENTIFICADOR [l6]
+ caracter > ASCII 62 
+ caracter " ASCII 34 
  13 TK_LIT_INT [607943]
  13 TK_LIT_INT [607943]
- 13 TK_ESPECIAL [$]
- 14 TK_IDENTIFICADOR [__yXlEre77T6LOLns5hqJJyAWceh5Seq6CcJ53inrjOxCnfZsF3hWrzzSeHTOVKoPFrp3vpLnDTfrM8WTQCWhY]
- 14 TK_ESPECIAL [-]
- 14 TK_ESPECIAL [-]
- 14 TK_LIT_INT [1]
- 15 TK_IDENTIFICADOR [____RDyuGVvQgCQ9HFfcyLLdubOPHtKb45c0NHyGlXmR6KZYhOEuWXm2g5fkz1XSrMiGIM1]
+ caracter $ ASCII 36 
+ caracter _ ASCII 95 
+ caracter _ ASCII 95 
+ 14 TK_IDENTIFICADOR [yXlEre77T6LOLns5hqJJyAWceh5Seq6CcJ53inrjOxCnfZsF3hWrzzSeHTOVKoPFrp3vpLnDTfrM8WTQCWhY]
+ caracter - ASCII 45 
+ 14 TK_LIT_INT [-1]
+ caracter _ ASCII 95 
+ caracter _ ASCII 95 
+ caracter _ ASCII 95 
+ caracter _ ASCII 95 
+ 15 TK_IDENTIFICADOR [RDyuGVvQgCQ9HFfcyLLdubOPHtKb45c0NHyGlXmR6KZYhOEuWXm2g5fkz1XSrMiGIM1]
  15 TK_PR_INPUT [input]
  15 TK_PR_INPUT [input]
- 15 TK_ESPECIAL [-]
- 15 TK_LIT_FLOAT [59763791.36227575]
- 15 TK_ESPECIAL [=]
+ 15 TK_LIT_FLOAT [-59763791.36227575]
+ caracter = ASCII 61 
  15 TK_LIT_INT [64]
  15 TK_LIT_INT [64]
- 15 TK_ESPECIAL [-]
- 15 TK_LIT_FLOAT [7435873.076]
+ 15 TK_LIT_FLOAT [-7435873.076]
  15 TK_PR_BOOL [bool]
  16 TK_PR_STRING [string]
...
  16 TK_PR_STRING [string]
  16 TK_LIT_CHAR ['Z']
- 16 TK_IDENTIFICADOR [_____FuSp90tyUg57K0oA5AI_UVbIeIDg5ahPHnJ4PNXcn1rxNkcsLnvDmvaHF5Z5]
- 16 TK_ESPECIAL [&]
- 17 TK_LIT_STRING ["B - M5"]
- 17 TK_ESPECIAL [)]
- 17 TK_ESPECIAL [-]
- 17 TK_LIT_INT [293193100]
- 17 TK_LIT_STRING ["8 - zZP: if  char <2+ AH * &8Dzk then + wFV"]
- 17 TK_ESPECIAL [)]
+ caracter _ ASCII 95 
+ caracter _ ASCII 95 
+ caracter _ ASCII 95 
+ caracter _ ASCII 95 
+ caracter _ ASCII 95 
+ 16 TK_IDENTIFICADOR [FuSp90tyUg57K0oA5AI_UVbIeIDg5ahPHnJ4PNXcn1rxNkcsLnvDmvaHF5Z5]
+ caracter & ASCII 38 
+ caracter " ASCII 34 
+ 17 TK_IDENTIFICADOR [B]
+ caracter - ASCII 45 
+ 17 TK_IDENTIFICADOR [M5]
+ caracter " ASCII 34 
+ caracter ) ASCII 41 
+ 17 TK_LIT_INT [-293193100]
+ caracter " ASCII 34 
+ 17 TK_LIT_INT [8]
+ caracter - ASCII 45 
+ 17 TK_IDENTIFICADOR [zZP]
+ caracter : ASCII 58 
+ 17 TK_PR_IF [if]
+ 17 TK_PR_CHAR [char]
+ caracter < ASCII 60 
+ 17 TK_LIT_INT [2]
+ caracter + ASCII 43 
+ 17 TK_IDENTIFICADOR [AH]
+ caracter * ASCII 42 
+ caracter & ASCII 38 
+ 17 TK_LIT_INT [8]
+ 17 TK_IDENTIFICADOR [Dzk]
+ 17 TK_PR_THEN [then]
+ caracter + ASCII 43 
+ 17 TK_IDENTIFICADOR [wFV]
+ caracter " ASCII 34 
+ caracter ) ASCII 41 
  18 TK_LIT_FLOAT [57639.14]
  18 TK_LIT_CHAR ['g']
...
  18 TK_LIT_FLOAT [1.545763]
  18 TK_PR_BOOL [bool]
- 18 TK_IDENTIFICADOR [___float]
- 18 TK_ESPECIAL [$]
- 18 TK_LIT_STRING ["zGN char uF"]
- 19 TK_IDENTIFICADOR [_qLzh8lGvQJvgrx_d86AtLaRX3UgUnWVt33CAjdnkkognjVYsnT3_HgOyqO4GOsJSbiXlW9h8YyJ0c7ZeNve]
+ caracter _ ASCII 95 
+ caracter _ ASCII 95 
+ caracter _ ASCII 95 
+ 18 TK_PR_FLOAT [float]
+ caracter $ ASCII 36 
+ caracter " ASCII 34 
+ 18 TK_IDENTIFICADOR [zGN]
+ 18 TK_PR_CHAR [char]
+ 18 TK_IDENTIFICADOR [uF]
+ caracter " ASCII 34 
+ caracter _ ASCII 95 
+ 19 TK_IDENTIFICADOR [qLzh8lGvQJvgrx_d86AtLaRX3UgUnWVt33CAjdnkkognjVYsnT3_HgOyqO4GOsJSbiXlW9h8YyJ0c7ZeNve]
  19 TK_LIT_INT [7165306]
  19 TK_LIT_CHAR ['>']
...
  19 TK_LIT_CHAR ['>']
  19 TK_PR_ELSE [else]
- 19 TK_ESPECIAL [-]
- 19 TK_LIT_INT [278]
- 19 TK_IDENTIFICADOR [__input]
- 19 TK_ESPECIAL [-]
- 19 TK_LIT_FLOAT [42729.37024056]
+ 19 TK_LIT_INT [-278]
+ caracter _ ASCII 95 
+ caracter _ ASCII 95 
+ 19 TK_PR_INPUT [input]
+ 19 TK_LIT_FLOAT [-42729.37024056]
  20 TK_PR_FLOAT [float]
  20 TK_PR_FLOAT [float]
- 20 TK_LIT_STRING ["As2E float X$_jb input ==Z if  then Udr = ,Xv0M&&"]
- 20 TK_ESPECIAL [/]
- 21 TK_IDENTIFICADOR [__bool]
- 21 TK_ESPECIAL [=]
+ caracter " ASCII 34 
+ 20 TK_IDENTIFICADOR [As2E]
+ 20 TK_PR_FLOAT [float]
+ 20 TK_IDENTIFICADOR [X]
+ caracter $ ASCII 36 
+ caracter _ ASCII 95 
+ 20 TK_IDENTIFICADOR [jb]
+ 20 TK_PR_INPUT [input]
+ 20 TK_OC_EQ [==]
+ 20 TK_IDENTIFICADOR [Z]
+ 20 TK_PR_IF [if]
+ 20 TK_PR_THEN [then]
+ 20 TK_IDENTIFICADOR [Udr]
+ caracter = ASCII 61 
+ caracter , ASCII 44 
+ 20 TK_IDENTIFICADOR [Xv0M]
+ 20 TK_OC_AND [&&]
+ caracter " ASCII 34 
+ caracter / ASCII 47 
+ caracter _ ASCII 95 
+ caracter _ ASCII 95 
+ 21 TK_PR_BOOL [bool]
+ caracter = ASCII 61 
  21 TK_PR_FLOAT [float]
  21 TK_PR_FLOAT [float]
- 21 TK_LIT_STRING ["Ywau)0 return D1F"]
- 21 TK_ESPECIAL [:]
- 21 TK_ESPECIAL [(]
+ caracter " ASCII 34 
+ 21 TK_IDENTIFICADOR [Ywau]
+ caracter ) ASCII 41 
+ 21 TK_LIT_INT [0]
+ 21 TK_PR_RETURN [return]
+ 21 TK_IDENTIFICADOR [D1F]
+ caracter " ASCII 34 
+ caracter : ASCII 58 
+ caracter ( ASCII 40 
  21 TK_LIT_FLOAT [677468.19099]
  21 TK_LIT_FLOAT [677468.19099]
- 21 TK_ESPECIAL [=]
- 22 TK_IDENTIFICADOR [___bool]
- 22 TK_ESPECIAL [&]
- 23 TK_IDENTIFICADOR [_dFyhtIKOtFwEpnT5kgHtqQnWumPHlJSCHeN_ZQempY5RnFAEDoB7ASmw0jGFqoMQHf6fMVdsI_EvAZdxNEgFkaHWUhAt]
- 23 TK_ESPECIAL []]
- 24 TK_LIT_STRING ["MZ return <=M9||||0Q&e!=wGBeJm8 float 7 bool {b+ ||MD} char  if T}N&v"]
- 24 TK_LIT_STRING ["J while ==T2dcO / boiPl67"]
- 25 TK_IDENTIFICADOR [__Pv097cBbh28tS0aWndQ7xbjxCwsUaeWKsKwfZLVCP5rcow475MpGbJkg1nlO5DPsJmGvXpZfKJqijbC1cyfl7]
- 25 TK_IDENTIFICADOR [_then]
+ caracter = ASCII 61 
+ caracter _ ASCII 95 
+ caracter _ ASCII 95 
+ caracter _ ASCII 95 
+ 22 TK_PR_BOOL [bool]
+ caracter & ASCII 38 
+ caracter _ ASCII 95 
+ 23 TK_IDENTIFICADOR [dFyhtIKOtFwEpnT5kgHtqQnWumPHlJSCHeN_ZQempY5RnFAEDoB7ASmw0jGFqoMQHf6fMVdsI_EvAZdxNEgFkaHWUhAt]
+ 23 TOKEN_ERRO []]
+ caracter " ASCII 34 
+ 24 TK_IDENTIFICADOR [MZ]
+ 24 TK_PR_RETURN [return]
+ 24 TK_OC_LE [<=]
+ 24 TK_IDENTIFICADOR [M9]
+ 24 TK_OC_OR [||]
+ 24 TK_OC_OR [||]
+ 24 TK_LIT_INT [0]
+ 24 TK_IDENTIFICADOR [Q]
+ caracter & ASCII 38 
+ 24 TK_IDENTIFICADOR [e]
+ 24 TK_OC_NE [!=]
+ 24 TK_IDENTIFICADOR [wGBeJm8]
+ 24 TK_PR_FLOAT [float]
+ 24 TK_LIT_INT [7]
+ 24 TK_PR_BOOL [bool]
+ caracter { ASCII 123 
+ 24 TK_IDENTIFICADOR [b]
+ caracter + ASCII 43 
+ 24 TK_OC_OR [||]
+ 24 TK_IDENTIFICADOR [MD]
+ caracter } ASCII 125 
+ 24 TK_PR_CHAR [char]
+ 24 TK_PR_IF [if]
+ 24 TK_IDENTIFICADOR [T]
+ caracter } ASCII 125 
+ 24 TK_IDENTIFICADOR [N]
+ caracter & ASCII 38 
+ 24 TK_IDENTIFICADOR [v]
+ caracter " ASCII 34 
+ caracter " ASCII 34 
+ 24 TK_IDENTIFICADOR [J]
+ 24 TK_PR_WHILE [while]
+ 24 TK_OC_EQ [==]
+ 24 TK_IDENTIFICADOR [T2dcO]
+ caracter / ASCII 47 
+ 24 TK_IDENTIFICADOR [boiPl67]
+ caracter " ASCII 34 
+ caracter _ ASCII 95 
+ caracter _ ASCII 95 
+ 25 TK_IDENTIFICADOR [Pv097cBbh28tS0aWndQ7xbjxCwsUaeWKsKwfZLVCP5rcow475MpGbJkg1nlO5DPsJmGvXpZfKJqijbC1cyfl7]
+ caracter _ ASCII 95 
+ 25 TK_PR_THEN [then]
  25 TK_LIT_CHAR ['7']
  25 TK_LIT_CHAR ['7']
- 26 TK_IDENTIFICADOR [____NDkG6RIVx5UbTfYfC6uzl3FvY6dlu86tjsJcKMUan3TfUCImGeZXx0Bslsf4f_s4DVWIiGtJvqLoRiD8JI4Dt]
- 26 TK_ESPECIAL [[]
- 26 TK_ESPECIAL [*]
- 26 TK_IDENTIFICADOR [_____eWrzV2N0QtY]
- 26 TK_ESPECIAL [[]
+ caracter _ ASCII 95 
+ caracter _ ASCII 95 
+ caracter _ ASCII 95 
+ caracter _ ASCII 95 
+ 26 TK_IDENTIFICADOR [NDkG6RIVx5UbTfYfC6uzl3FvY6dlu86tjsJcKMUan3TfUCImGeZXx0Bslsf4f_s4DVWIiGtJvqLoRiD8JI4Dt]
+ 26 TOKEN_ERRO [[]
+ caracter * ASCII 42 
+ caracter _ ASCII 95 
+ caracter _ ASCII 95 
+ caracter _ ASCII 95 
+ caracter _ ASCII 95 
+ caracter _ ASCII 95 
+ 26 TK_IDENTIFICADOR [eWrzV2N0QtY]
+ 26 TOKEN_ERRO [[]
  26 TK_LIT_CHAR ['[']
  26 TK_LIT_CHAR ['[']
- 26 TK_ESPECIAL [-]
- 26 TK_LIT_FLOAT [9207608783.5897040]
+ 26 TK_LIT_FLOAT [-9207608783.5897040]
  26 TK_LIT_INT [0684413022]
  27 TK_LIT_STRING ["NcE7Ck"]
  26 TK_LIT_INT [0684413022]
  27 TK_LIT_STRING ["NcE7Ck"]
- 27 TK_ESPECIAL []]
- 27 TK_ESPECIAL [}]
- 27 TK_ESPECIAL [-]
- 27 TK_ESPECIAL [-]
- 27 TK_LIT_FLOAT [4048.6580826]
- 28 TK_LIT_STRING ["e[ - IS return  output )w(695}fm>=tM[ char t) bool o$ while X - iw"]
+ 27 TOKEN_ERRO []]
+ caracter } ASCII 125 
+ caracter - ASCII 45 
+ 27 TK_LIT_FLOAT [-4048.6580826]
+ caracter " ASCII 34 
+ 28 TK_IDENTIFICADOR [e]
+ 28 TOKEN_ERRO [[]
+ caracter - ASCII 45 
+ 28 TK_IDENTIFICADOR [IS]
+ 28 TK_PR_RETURN [return]
+ 28 TK_PR_OUTPUT [output]
+ caracter ) ASCII 41 
+ 28 TK_IDENTIFICADOR [w]
+ caracter ( ASCII 40 
+ 28 TK_LIT_INT [695]
+ caracter } ASCII 125 
+ 28 TK_IDENTIFICADOR [fm]
+ 28 TK_OC_GE [>=]
+ 28 TK_IDENTIFICADOR [tM]
+ 28 TOKEN_ERRO [[]
+ 28 TK_PR_CHAR [char]
+ 28 TK_IDENTIFICADOR [t]
+ caracter ) ASCII 41 
+ 28 TK_PR_BOOL [bool]
+ 28 TK_IDENTIFICADOR [o]
+ caracter $ ASCII 36 
+ 28 TK_PR_WHILE [while]
+ 28 TK_IDENTIFICADOR [X]
+ caracter - ASCII 45 
+ 28 TK_IDENTIFICADOR [iw]
+ caracter " ASCII 34 
  28 TK_LIT_FLOAT [397164189.93927]
  28 TK_LIT_INT [7409399840]
...
  28 TK_LIT_INT [7409399840]
  28 TK_LIT_FLOAT [4.15]
- 28 TK_ESPECIAL [-]
- 28 TK_LIT_INT [4]
- 28 TK_ESPECIAL [>]
- 28 TK_LIT_STRING ["<=DWU!=Z return m$"]
+ 28 TK_LIT_INT [-4]
+ caracter > ASCII 62 
+ caracter " ASCII 34 
+ 28 TK_OC_LE [<=]
+ 28 TK_IDENTIFICADOR [DWU]
+ 28 TK_OC_NE [!=]
+ 28 TK_IDENTIFICADOR [Z]
+ 28 TK_PR_RETURN [return]
+ 28 TK_IDENTIFICADOR [m]
+ caracter $ ASCII 36 
+ caracter " ASCII 34 
  28 TK_LIT_INT [094]
  29 TK_PR_BOOL [bool]
...
  29 TK_PR_BOOL [bool]
  29 TK_PR_WHILE [while]
- 29 TK_ESPECIAL [[]
+ 29 TOKEN_ERRO [[]
  29 TK_LIT_CHAR [']']
  29 TK_LIT_INT [34152254]
...
  29 TK_LIT_INT [34152254]
  29 TK_PR_CHAR [char]
- 30 TK_LIT_STRING ["{7L0 output _kb * F"]
- 30 TK_ESPECIAL [=]
+ caracter " ASCII 34 
+ caracter { ASCII 123 
+ 30 TK_LIT_INT [7]
+ 30 TK_IDENTIFICADOR [L0]
+ 30 TK_PR_OUTPUT [output]
+ caracter _ ASCII 95 
+ 30 TK_IDENTIFICADOR [kb]
+ caracter * ASCII 42 
+ 30 TK_IDENTIFICADOR [F]
+ caracter " ASCII 34 
+ caracter = ASCII 61 
  30 TK_LIT_CHAR ['2']
  30 TK_LIT_CHAR ['$']
...
  31 TK_LIT_FLOAT [824612.184511872]
  31 TK_LIT_INT [04902797]
- 31 TK_ESPECIAL []]
- 32 TK_LIT_STRING ["ogK5l>=n> output + ) return ]4mGp,!= * 0O[suo float ]H!=kW"]
- 32 TK_IDENTIFICADOR [____]
+ 31 TOKEN_ERRO []]
+ caracter " ASCII 34 
+ 32 TK_IDENTIFICADOR [ogK5l]
+ 32 TK_OC_GE [>=]
+ 32 TK_IDENTIFICADOR [n]
+ caracter > ASCII 62 
+ 32 TK_PR_OUTPUT [output]
+ caracter + ASCII 43 
+ caracter ) ASCII 41 
+ 32 TK_PR_RETURN [return]
+ 32 TOKEN_ERRO []]
+ 32 TK_LIT_INT [4]
+ 32 TK_IDENTIFICADOR [mGp]
+ caracter , ASCII 44 
+ 32 TK_OC_NE [!=]
+ caracter * ASCII 42 
+ 32 TK_LIT_INT [0]
+ 32 TK_IDENTIFICADOR [O]
+ 32 TOKEN_ERRO [[]
+ 32 TK_IDENTIFICADOR [suo]
+ 32 TK_PR_FLOAT [float]
+ 32 TOKEN_ERRO []]
+ 32 TK_IDENTIFICADOR [H]
+ 32 TK_OC_NE [!=]
+ 32 TK_IDENTIFICADOR [kW]
+ caracter " ASCII 34 
+ caracter _ ASCII 95 
+ caracter _ ASCII 95 
+ caracter _ ASCII 95 
+ caracter _ ASCII 95 
  32 TK_LIT_STRING ["e:==I4}G<=Pd3<[&HW"]
  32 TK_LIT_STRING ["e:==I4}G<=Pd3<[&HW"]
- 32 TK_IDENTIFICADOR [_char]
- 33 TK_LIT_STRING ["k<=>>s * HZU = LHeD)q&&Y9Y input  input ,c if HeYgFA<t>=uWc8V input q"]
- 33 TK_LIT_STRING [",y{:5F int GC = 7eC int Ja}4lJbaA"]
- 33 TK_ESPECIAL [>]
- 34 TK_LIT_STRING ["Wi>XH - >=p&f9 then &$s string QJt<=;Jr]Wa]p while 2r5aKh}Fks / r9k float VS2 output "]
- 34 TK_LIT_STRING ["m) float pXoQ{(pu * ;t]ri return Sg>"]
- 34 TK_ESPECIAL [-]
- 34 TK_LIT_INT [60919706]
- 34 TK_IDENTIFICADOR [__int]
- 35 TK_IDENTIFICADOR [_8lqBJoNc0sRou6eK4oylMcScG6N1Koxa57WUm8l3vJtRZV2oYsHrfU9Z3GtCv]
+ caracter _ ASCII 95 
+ 32 TK_PR_CHAR [char]
+ caracter " ASCII 34 
+ 33 TK_IDENTIFICADOR [k]
+ 33 TK_OC_LE [<=]
+ 33 TK_OC_SR [>>]
+ 33 TK_IDENTIFICADOR [s]
+ caracter * ASCII 42 
+ 33 TK_IDENTIFICADOR [HZU]
+ caracter = ASCII 61 
+ 33 TK_IDENTIFICADOR [LHeD]
+ caracter ) ASCII 41 
+ 33 TK_IDENTIFICADOR [q]
+ 33 TK_OC_AND [&&]
+ 33 TK_IDENTIFICADOR [Y9Y]
+ 33 TK_PR_INPUT [input]
+ 33 TK_PR_INPUT [input]
+ caracter , ASCII 44 
+ 33 TK_IDENTIFICADOR [c]
+ 33 TK_PR_IF [if]
+ 33 TK_IDENTIFICADOR [HeYgFA]
+ caracter < ASCII 60 
+ 33 TK_IDENTIFICADOR [t]
+ 33 TK_OC_GE [>=]
+ 33 TK_IDENTIFICADOR [uWc8V]
+ 33 TK_PR_INPUT [input]
+ 33 TK_IDENTIFICADOR [q]
+ caracter " ASCII 34 
+ caracter " ASCII 34 
+ caracter , ASCII 44 
+ 33 TK_IDENTIFICADOR [y]
+ caracter { ASCII 123 
+ caracter : ASCII 58 
+ 33 TK_LIT_INT [5]
+ 33 TK_IDENTIFICADOR [F]
+ 33 TK_PR_INT [int]
+ 33 TK_IDENTIFICADOR [GC]
+ caracter = ASCII 61 
+ 33 TK_LIT_INT [7]
+ 33 TK_IDENTIFICADOR [eC]
+ 33 TK_PR_INT [int]
+ 33 TK_IDENTIFICADOR [Ja]
+ caracter } ASCII 125 
+ 33 TK_LIT_INT [4]
+ 33 TK_IDENTIFICADOR [lJbaA]
+ caracter " ASCII 34 
+ caracter > ASCII 62 
+ caracter " ASCII 34 
+ 34 TK_IDENTIFICADOR [Wi]
+ caracter > ASCII 62 
+ 34 TK_IDENTIFICADOR [XH]
+ caracter - ASCII 45 
+ 34 TK_OC_GE [>=]
+ 34 TK_IDENTIFICADOR [p]
+ caracter & ASCII 38 
+ 34 TK_IDENTIFICADOR [f9]
+ 34 TK_PR_THEN [then]
+ caracter & ASCII 38 
+ caracter $ ASCII 36 
+ 34 TK_IDENTIFICADOR [s]
+ 34 TK_PR_STRING [string]
+ 34 TK_IDENTIFICADOR [QJt]
+ 34 TK_OC_LE [<=]
+ caracter ; ASCII 59 
+ 34 TK_IDENTIFICADOR [Jr]
+ 34 TOKEN_ERRO []]
+ 34 TK_IDENTIFICADOR [Wa]
+ 34 TOKEN_ERRO []]
+ 34 TK_IDENTIFICADOR [p]
+ 34 TK_PR_WHILE [while]
+ 34 TK_LIT_INT [2]
+ 34 TK_IDENTIFICADOR [r5aKh]
+ caracter } ASCII 125 
+ 34 TK_IDENTIFICADOR [Fks]
+ caracter / ASCII 47 
+ 34 TK_IDENTIFICADOR [r9k]
+ 34 TK_PR_FLOAT [float]
+ 34 TK_IDENTIFICADOR [VS2]
+ 34 TK_PR_OUTPUT [output]
+ caracter " ASCII 34 
+ caracter " ASCII 34 
+ 34 TK_IDENTIFICADOR [m]
+ caracter ) ASCII 41 
+ 34 TK_PR_FLOAT [float]
+ 34 TK_IDENTIFICADOR [pXoQ]
+ caracter { ASCII 123 
+ caracter ( ASCII 40 
+ 34 TK_IDENTIFICADOR [pu]
+ caracter * ASCII 42 
+ caracter ; ASCII 59 
+ 34 TK_IDENTIFICADOR [t]
+ 34 TOKEN_ERRO []]
+ 34 TK_IDENTIFICADOR [ri]
+ 34 TK_PR_RETURN [return]
+ 34 TK_IDENTIFICADOR [Sg]
+ caracter > ASCII 62 
+ caracter " ASCII 34 
+ 34 TK_LIT_INT [-60919706]
+ caracter _ ASCII 95 
+ caracter _ ASCII 95 
+ 34 TK_PR_INT [int]
+ caracter _ ASCII 95 
+ 35 TK_LIT_INT [8]
+ 35 TK_IDENTIFICADOR [lqBJoNc0sRou6eK4oylMcScG6N1Koxa57WUm8l3vJtRZV2oYsHrfU9Z3GtCv]
  35 TK_LIT_FLOAT [7403.6920105]
  35 TK_LIT_FLOAT [7403.6920105]
- 36 TK_LIT_STRING ["uV||>=upVNz$ input m return Y8 =  return weVd9{_GwSFqBK /  - O"]
- 36 TK_ESPECIAL [+]
+ caracter " ASCII 34 
+ 36 TK_IDENTIFICADOR [uV]
+ 36 TK_OC_OR [||]
+ 36 TK_OC_GE [>=]
+ 36 TK_IDENTIFICADOR [upVNz]
+ caracter $ ASCII 36 
+ 36 TK_PR_INPUT [input]
+ 36 TK_IDENTIFICADOR [m]
+ 36 TK_PR_RETURN [return]
+ 36 TK_IDENTIFICADOR [Y8]
+ caracter = ASCII 61 
+ 36 TK_PR_RETURN [return]
+ 36 TK_IDENTIFICADOR [weVd9]
+ caracter { ASCII 123 
+ caracter _ ASCII 95 
+ 36 TK_IDENTIFICADOR [GwSFqBK]
+ caracter / ASCII 47 
+ caracter - ASCII 45 
+ 36 TK_IDENTIFICADOR [O]
+ caracter " ASCII 34 
+ caracter + ASCII 43 
  36 TK_LIT_CHAR ['+']
  36 TK_PR_ELSE [else]
...
  36 TK_LIT_FLOAT [1501.71772]
  36 TK_PR_DO [do]
- 36 TK_ESPECIAL [>]
+ caracter > ASCII 62 
  36 TK_LIT_FLOAT [869827620.433806]
  37 TK_LIT_FLOAT [2990945411.53250162]
  36 TK_LIT_FLOAT [869827620.433806]
  37 TK_LIT_FLOAT [2990945411.53250162]
- 37 TK_ESPECIAL [>]
- 37 TK_ESPECIAL [-]
- 37 TK_LIT_STRING ["S do d3O if 79B7Hlny||caW input _"]
+ caracter > ASCII 62 
+ caracter - ASCII 45 
+ caracter " ASCII 34 
+ 37 TK_IDENTIFICADOR [S]
+ 37 TK_PR_DO [do]
+ 37 TK_IDENTIFICADOR [d3O]
+ 37 TK_PR_IF [if]
+ 37 TK_LIT_INT [79]
+ 37 TK_IDENTIFICADOR [B7Hlny]
+ 37 TK_OC_OR [||]
+ 37 TK_IDENTIFICADOR [caW]
+ 37 TK_PR_INPUT [input]
+ caracter _ ASCII 95 
+ caracter " ASCII 34 
  37 TK_LIT_CHAR ['-']
  37 TK_LIT_INT [01749462]
...
  38 TK_LIT_CHAR [']']
  38 TK_LIT_CHAR ['[']
- 39 TK_IDENTIFICADOR [__uzdFZXwV7hlENrIGqjrOkyovZSliiAa5bXpXyhiw8acrdoDf9KCSGHAhXqzKyu0j1o6FFouU8dyQlOm0OC7Uiqj05rwApZqp]
- 39 TK_ESPECIAL [=]
+ caracter _ ASCII 95 
+ caracter _ ASCII 95 
+ 39 TK_IDENTIFICADOR [uzdFZXwV7hlENrIGqjrOkyovZSliiAa5bXpXyhiw8acrdoDf9KCSGHAhXqzKyu0j1o6FFouU8dyQlOm0OC7Uiqj05rwApZqp]
+ caracter = ASCII 61 
  39 TK_LIT_FLOAT [341.83943809]
  39 TK_LIT_FLOAT [341.83943809]
- 39 TK_LIT_STRING ["5 if 9 while ) then MD>="]
- 40 TK_LIT_STRING ["&p}_[ float C(I(]))8 float o2L while  input At input ojTnu"]
- 40 TK_IDENTIFICADOR [_]
+ caracter " ASCII 34 
+ 39 TK_LIT_INT [5]
+ 39 TK_PR_IF [if]
+ 39 TK_LIT_INT [9]
+ 39 TK_PR_WHILE [while]
+ caracter ) ASCII 41 
+ 39 TK_PR_THEN [then]
+ 39 TK_IDENTIFICADOR [MD]
+ 39 TK_OC_GE [>=]
+ caracter " ASCII 34 
+ caracter " ASCII 34 
+ caracter & ASCII 38 
+ 40 TK_IDENTIFICADOR [p]
+ caracter } ASCII 125 
+ caracter _ ASCII 95 
+ 40 TOKEN_ERRO [[]
+ 40 TK_PR_FLOAT [float]
+ 40 TK_IDENTIFICADOR [C]
+ caracter ( ASCII 40 
+ 40 TK_IDENTIFICADOR [I]
+ caracter ( ASCII 40 
+ 40 TOKEN_ERRO []]
+ caracter ) ASCII 41 
+ caracter ) ASCII 41 
+ 40 TK_LIT_INT [8]
+ 40 TK_PR_FLOAT [float]
+ 40 TK_IDENTIFICADOR [o2L]
+ 40 TK_PR_WHILE [while]
+ 40 TK_PR_INPUT [input]
+ 40 TK_IDENTIFICADOR [At]
+ 40 TK_PR_INPUT [input]
+ 40 TK_IDENTIFICADOR [ojTnu]
+ caracter " ASCII 34 
+ caracter _ ASCII 95 
  40 TK_PR_INT [int]
  40 TK_LIT_INT [1001]
  40 TK_PR_INT [int]
  40 TK_LIT_INT [1001]
- 41 TK_IDENTIFICADOR [_____4j3f9pXIeaTXul2I5AkYIArBhFcy6csQsPApgVpWD9O80J]
+ caracter _ ASCII 95 
+ caracter _ ASCII 95 
+ caracter _ ASCII 95 
+ caracter _ ASCII 95 
+ caracter _ ASCII 95 
+ 41 TK_LIT_INT [4]
+ 41 TK_IDENTIFICADOR [j3f9pXIeaTXul2I5AkYIArBhFcy6csQsPApgVpWD9O80J]
  41 TK_LIT_FLOAT [1406175210.252028]
  41 TK_PR_BOOL [bool]
  41 TK_LIT_FLOAT [1406175210.252028]
  41 TK_PR_BOOL [bool]
- 41 TK_IDENTIFICADOR [_bool]
- 41 TK_ESPECIAL [;]
- 41 TK_ESPECIAL [-]
+ caracter _ ASCII 95 
+ 41 TK_PR_BOOL [bool]
+ caracter ; ASCII 59 
+ caracter - ASCII 45 
  41 TK_PR_ELSE [else]
  41 TK_LIT_INT [62778654]
...
  41 TK_LIT_INT [62778654]
  41 TK_LIT_CHAR ['$']
- 42 TK_IDENTIFICADOR [_wyXBWiOGzd]
- 42 TK_ESPECIAL [-]
- 42 TK_LIT_INT [86916159]
- 42 TK_ESPECIAL [:]
- 42 TK_ESPECIAL [-]
- 42 TK_LIT_INT [904015]
- 43 TK_IDENTIFICADOR [__A9y4d_DLCx3cTgtT0ycwt50CfSwJ7RLSOVf87E6k9cEz2Mtxw6iwVk_S]
- 43 TK_ESPECIAL [+]
- 44 TK_IDENTIFICADOR [___3AOOLbFL4CrZOnuq4GMOL7jh15WGfOzbynQFH_TWeTQX8qUP0h6WSgWsIgATtMQ0KU6eln9hz1qG2lE]
- 44 TK_ESPECIAL [-]
- 44 TK_LIT_INT [63044851]
- 44 TK_ESPECIAL [-]
- 44 TK_LIT_FLOAT [01.533004278]
- 44 TK_ESPECIAL [}]
+ caracter _ ASCII 95 
+ 42 TK_IDENTIFICADOR [wyXBWiOGzd]
+ 42 TK_LIT_INT [-86916159]
+ caracter : ASCII 58 
+ 42 TK_LIT_INT [-904015]
+ caracter _ ASCII 95 
+ caracter _ ASCII 95 
+ 43 TK_IDENTIFICADOR [A9y4d_DLCx3cTgtT0ycwt50CfSwJ7RLSOVf87E6k9cEz2Mtxw6iwVk_S]
+ caracter + ASCII 43 
+ caracter _ ASCII 95 
+ caracter _ ASCII 95 
+ caracter _ ASCII 95 
+ 44 TK_LIT_INT [3]
+ 44 TK_IDENTIFICADOR [AOOLbFL4CrZOnuq4GMOL7jh15WGfOzbynQFH_TWeTQX8qUP0h6WSgWsIgATtMQ0KU6eln9hz1qG2lE]
+ 44 TK_LIT_INT [-63044851]
+ 44 TK_LIT_FLOAT [-01.533004278]
+ caracter } ASCII 125 
  44 TK_LIT_INT [71705351]
  44 TK_LIT_STRING ["&5Q&"]
  44 TK_LIT_INT [71705351]
  44 TK_LIT_STRING ["&5Q&"]
- 44 TK_ESPECIAL [:]
- 44 TK_ESPECIAL [}]
- 45 TK_IDENTIFICADOR [_Z40kcaNosyMt6_6e00x7WCPB2Vp8PahMsiw]
+ caracter : ASCII 58 
+ caracter } ASCII 125 
+ caracter _ ASCII 95 
+ 45 TK_IDENTIFICADOR [Z40kcaNosyMt6_6e00x7WCPB2Vp8PahMsiw]
  45 TK_LIT_CHAR ['>']
  45 TK_PR_BOOL [bool]
...
  45 TK_PR_BOOL [bool]
  45 TK_LIT_FLOAT [195.3]
- 45 TK_ESPECIAL [-]
- 45 TK_LIT_INT [39]
- 46 TK_LIT_STRING ["r>=&&t input [fLLt2H return UJy8];W{kDJW while  input WuQirja8gz"]
- 46 TK_ESPECIAL [{]
- 46 TK_ESPECIAL [!]
+ 45 TK_LIT_INT [-39]
+ caracter " ASCII 34 
+ 46 TK_IDENTIFICADOR [r]
+ 46 TK_OC_GE [>=]
+ 46 TK_OC_AND [&&]
+ 46 TK_IDENTIFICADOR [t]
+ 46 TK_PR_INPUT [input]
+ 46 TOKEN_ERRO [[]
+ 46 TK_IDENTIFICADOR [fLLt2H]
+ 46 TK_PR_RETURN [return]
+ 46 TK_IDENTIFICADOR [UJy8]
+ 46 TOKEN_ERRO []]
+ caracter ; ASCII 59 
+ 46 TK_IDENTIFICADOR [W]
+ caracter { ASCII 123 
+ 46 TK_IDENTIFICADOR [kDJW]
+ 46 TK_PR_WHILE [while]
+ 46 TK_PR_INPUT [input]
+ 46 TK_IDENTIFICADOR [WuQirja8gz]
+ caracter " ASCII 34 
+ caracter { ASCII 123 
+ caracter ! ASCII 33 
  46 TK_LIT_FLOAT [65500453.849416]
  46 TK_LIT_INT [1233854651]
  46 TK_LIT_FLOAT [65500453.849416]
  46 TK_LIT_INT [1233854651]
- 46 TK_ESPECIAL [-]
- 46 TK_LIT_INT [02030321]
- 46 TK_ESPECIAL [$]
- 46 TK_ESPECIAL [{]
- 47 TK_LIT_STRING [">=vMa else M]Js2CFufaXXjZfz7}1n / !_ = SWC86"]
- 47 TK_ESPECIAL [,]
- 47 TK_ESPECIAL [<]
- 47 TK_ESPECIAL []]
+ 46 TK_LIT_INT [-02030321]
+ caracter $ ASCII 36 
+ caracter { ASCII 123 
+ caracter " ASCII 34 
+ 47 TK_OC_GE [>=]
+ 47 TK_IDENTIFICADOR [vMa]
+ 47 TK_PR_ELSE [else]
+ 47 TK_IDENTIFICADOR [M]
+ 47 TOKEN_ERRO []]
+ 47 TK_IDENTIFICADOR [Js2CFufaXXjZfz7]
+ caracter } ASCII 125 
+ 47 TK_LIT_INT [1]
+ 47 TK_IDENTIFICADOR [n]
+ caracter / ASCII 47 
+ caracter ! ASCII 33 
+ caracter _ ASCII 95 
+ caracter = ASCII 61 
+ 47 TK_IDENTIFICADOR [SWC86]
+ caracter " ASCII 34 
+ caracter , ASCII 44 
+ caracter < ASCII 60 
+ 47 TOKEN_ERRO []]
  47 TK_PR_FLOAT [float]
  47 TK_PR_FLOAT [float]
- 47 TK_IDENTIFICADOR [_Vbw_L_a4MH6DF8jbCXuS607BnG2n0DGOOt3Odyf]
+ caracter _ ASCII 95 
+ 47 TK_IDENTIFICADOR [Vbw_L_a4MH6DF8jbCXuS607BnG2n0DGOOt3Odyf]
  48 TK_PR_STRING [string]
  48 TK_PR_STRING [string]
- 48 TK_LIT_STRING ["O> string w1z else E:]Nc"]
- 48 TK_ESPECIAL [,]
+ caracter " ASCII 34 
+ 48 TK_IDENTIFICADOR [O]
+ caracter > ASCII 62 
+ 48 TK_PR_STRING [string]
+ 48 TK_IDENTIFICADOR [w1z]
+ 48 TK_PR_ELSE [else]
+ 48 TK_IDENTIFICADOR [E]
+ caracter : ASCII 58 
+ 48 TOKEN_ERRO []]
+ 48 TK_IDENTIFICADOR [Nc]
+ caracter " ASCII 34 
+ caracter , ASCII 44 
  48 TK_LIT_CHAR ['+']
  48 TK_LIT_CHAR ['+']
- 48 TK_ESPECIAL [:]
- 48 TK_IDENTIFICADOR [_CoDI614Y]
+ caracter : ASCII 58 
+ caracter _ ASCII 95 
+ 48 TK_IDENTIFICADOR [CoDI614Y]
  48 TK_PR_ELSE [else]
  48 TK_LIT_CHAR ['/']
  48 TK_PR_ELSE [else]
  48 TK_LIT_CHAR ['/']
- 48 TK_ESPECIAL [;]
+ caracter ; ASCII 59 
  48 TK_LIT_CHAR ['O']
  48 TK_LIT_CHAR ['O']
- 49 TK_ESPECIAL [-]
- 49 TK_LIT_FLOAT [851332.0157472]
+ 49 TK_LIT_FLOAT [-851332.0157472]
  49 TK_LIT_INT [1301992]
  49 TK_LIT_INT [1301992]
- 49 TK_LIT_STRING ["v5 - }T;)(ujVo7m2hU1==9 / zhPQ35"]
+ caracter " ASCII 34 
+ 49 TK_IDENTIFICADOR [v5]
+ caracter - ASCII 45 
+ caracter } ASCII 125 
+ 49 TK_IDENTIFICADOR [T]
+ caracter ; ASCII 59 
+ caracter ) ASCII 41 
+ caracter ( ASCII 40 
+ 49 TK_IDENTIFICADOR [ujVo7m2hU1]
+ 49 TK_OC_EQ [==]
+ 49 TK_LIT_INT [9]
+ caracter / ASCII 47 
+ 49 TK_IDENTIFICADOR [zhPQ35]
+ caracter " ASCII 34 
  49 TK_LIT_CHAR ['c']
  49 TK_LIT_CHAR ['c']
- 49 TK_ESPECIAL [/]
- 49 TK_IDENTIFICADOR [____ExrbwUNbzOsh]
- 50 TK_ESPECIAL [+]
- 50 TK_ESPECIAL [&]
+ caracter / ASCII 47 
+ caracter _ ASCII 95 
+ caracter _ ASCII 95 
+ caracter _ ASCII 95 
+ caracter _ ASCII 95 
+ 49 TK_IDENTIFICADOR [ExrbwUNbzOsh]
+ caracter + ASCII 43 
+ caracter & ASCII 38 
  50 TK_LIT_CHAR ['-']
  50 TK_LIT_CHAR ['-']
- 51 TK_LIT_STRING ["l_ char  do dj int t while {==, char  /  while  do ||,Fq,"]
- 51 TK_LIT_STRING ["PCf string 8<=KG1i"]
- 51 TK_ESPECIAL [=]
+ caracter " ASCII 34 
+ 51 TK_IDENTIFICADOR [l_]
+ 51 TK_PR_CHAR [char]
+ 51 TK_PR_DO [do]
+ 51 TK_IDENTIFICADOR [dj]
+ 51 TK_PR_INT [int]
+ 51 TK_IDENTIFICADOR [t]
+ 51 TK_PR_WHILE [while]
+ caracter { ASCII 123 
+ 51 TK_OC_EQ [==]
+ caracter , ASCII 44 
+ 51 TK_PR_CHAR [char]
+ caracter / ASCII 47 
+ 51 TK_PR_WHILE [while]
+ 51 TK_PR_DO [do]
+ 51 TK_OC_OR [||]
+ caracter , ASCII 44 
+ 51 TK_IDENTIFICADOR [Fq]
+ caracter , ASCII 44 
+ caracter " ASCII 34 
+ caracter " ASCII 34 
+ 51 TK_IDENTIFICADOR [PCf]
+ 51 TK_PR_STRING [string]
+ 51 TK_LIT_INT [8]
+ 51 TK_OC_LE [<=]
+ 51 TK_IDENTIFICADOR [KG1i]
+ caracter " ASCII 34 
+ caracter = ASCII 61 
  51 TK_LIT_CHAR ['S']
  51 TK_LIT_CHAR ['S']
- 51 TK_ESPECIAL [}]
- 51 TK_ESPECIAL [-]
- 51 TK_LIT_FLOAT [0160024.502173742]
+ caracter } ASCII 125 
+ 51 TK_LIT_FLOAT [-0160024.502173742]
  51 TK_PR_IF [if]
  51 TK_PR_IF [if]
- 52 TK_LIT_STRING ["xyAI output $J output  do &Cb return  - c9!=1W8$Y int L"]
- 52 TK_ESPECIAL [-]
- 52 TK_LIT_FLOAT [6835868684.98119]
- 52 TK_ESPECIAL [+]
+ caracter " ASCII 34 
+ 52 TK_IDENTIFICADOR [xyAI]
+ 52 TK_PR_OUTPUT [output]
+ caracter $ ASCII 36 
+ 52 TK_IDENTIFICADOR [J]
+ 52 TK_PR_OUTPUT [output]
+ 52 TK_PR_DO [do]
+ caracter & ASCII 38 
+ 52 TK_IDENTIFICADOR [Cb]
+ 52 TK_PR_RETURN [return]
+ caracter - ASCII 45 
+ 52 TK_IDENTIFICADOR [c9]
+ 52 TK_OC_NE [!=]
+ 52 TK_LIT_INT [1]
+ 52 TK_IDENTIFICADOR [W8]
+ caracter $ ASCII 36 
+ 52 TK_IDENTIFICADOR [Y]
+ 52 TK_PR_INT [int]
+ 52 TK_IDENTIFICADOR [L]
+ caracter " ASCII 34 
+ 52 TK_LIT_FLOAT [-6835868684.98119]
+ caracter + ASCII 43 
  52 TK_PR_THEN [then]
  52 TK_PR_THEN [then]
- 52 TK_ESPECIAL [[]
+ 52 TOKEN_ERRO [[]
  52 TK_LIT_INT [13]
  52 TK_LIT_INT [13]
- 53 TK_IDENTIFICADOR [__CrqRsr0ubxyeQzhqFfj_5R3yY0OBh8hUAJWT]
- 53 TK_ESPECIAL [[]
+ caracter _ ASCII 95 
+ caracter _ ASCII 95 
+ 53 TK_IDENTIFICADOR [CrqRsr0ubxyeQzhqFfj_5R3yY0OBh8hUAJWT]
+ 53 TOKEN_ERRO [[]
  53 TK_LIT_STRING [""]
  53 TK_LIT_STRING [""]
- 53 TK_LIT_STRING ["Eim7Xwc, if N> output 3s&&vTFb else "]
- 53 TK_ESPECIAL [-]
- 53 TK_LIT_FLOAT [1023931997.60]
- 53 TK_ESPECIAL [=]
- 54 TK_ESPECIAL [*]
- 54 TK_ESPECIAL [{]
- 55 TK_IDENTIFICADOR [_6iqhFzu1_x_nngPiJig2ZrvajXtfoNjYO54PWn1yrEwsHLsVlnFDFtsan8RNHK8GMva_P9Z2JB4EQ9w5lku2eRAL9cUFeue]
- 55 TK_ESPECIAL [=]
+ caracter " ASCII 34 
+ 53 TK_IDENTIFICADOR [Eim7Xwc]
+ caracter , ASCII 44 
+ 53 TK_PR_IF [if]
+ 53 TK_IDENTIFICADOR [N]
+ caracter > ASCII 62 
+ 53 TK_PR_OUTPUT [output]
+ 53 TK_LIT_INT [3]
+ 53 TK_IDENTIFICADOR [s]
+ 53 TK_OC_AND [&&]
+ 53 TK_IDENTIFICADOR [vTFb]
+ 53 TK_PR_ELSE [else]
+ caracter " ASCII 34 
+ 53 TK_LIT_FLOAT [-1023931997.60]
+ caracter = ASCII 61 
+ caracter * ASCII 42 
+ caracter { ASCII 123 
+ caracter _ ASCII 95 
+ 55 TK_LIT_INT [6]
+ 55 TK_IDENTIFICADOR [iqhFzu1_x_nngPiJig2ZrvajXtfoNjYO54PWn1yrEwsHLsVlnFDFtsan8RNHK8GMva_P9Z2JB4EQ9w5lku2eRAL9cUFeue]
+ caracter = ASCII 61 
  55 TK_LIT_CHAR ['m']
  55 TK_LIT_FLOAT [04455304.25707333]
...
  55 TK_LIT_CHAR ['U']
  55 TK_LIT_FLOAT [0970094.52845]
- 56 TK_IDENTIFICADOR [__B0CSDvlFtDDwpyy6zE0f83JOqzMQvwvNI2JDPU23MRC660RpN6Rc5HksQ3t]
+ caracter _ ASCII 95 
+ caracter _ ASCII 95 
+ 56 TK_IDENTIFICADOR [B0CSDvlFtDDwpyy6zE0f83JOqzMQvwvNI2JDPU23MRC660RpN6Rc5HksQ3t]
  56 TK_LIT_CHAR ['a']
  56 TK_LIT_CHAR ['a']
- 56 TK_ESPECIAL [=]
+ caracter = ASCII 61 
  56 TK_LIT_CHAR ['$']
  56 TK_LIT_CHAR ['$']
- 56 TK_ESPECIAL [&]
+ caracter & ASCII 38 
  56 TK_LIT_CHAR ['i']
  56 TK_LIT_FLOAT [2409.93986]
  56 TK_LIT_CHAR ['i']
  56 TK_LIT_FLOAT [2409.93986]
- 56 TK_ESPECIAL [-]
- 56 TK_LIT_FLOAT [0.2103]
- 56 TK_ESPECIAL [/]
+ 56 TK_LIT_FLOAT [-0.2103]
+ caracter / ASCII 47 
  56 TK_LIT_CHAR ['L']
  56 TK_LIT_CHAR ['L']
- 56 TK_ESPECIAL [-]
+ caracter - ASCII 45 
  57 TK_PR_OUTPUT [output]
  57 TK_LIT_INT [648376]
  57 TK_PR_OUTPUT [output]
  57 TK_LIT_INT [648376]
- 57 TK_ESPECIAL [)]
+ caracter ) ASCII 41 
  57 TK_PR_WHILE [while]
  57 TK_PR_WHILE [while]
- 57 TK_IDENTIFICADOR [_____L28YxIOXAg5oKjATc]
- 57 TK_ESPECIAL []]
+ caracter _ ASCII 95 
+ caracter _ ASCII 95 
+ caracter _ ASCII 95 
+ caracter _ ASCII 95 
+ caracter _ ASCII 95 
+ 57 TK_IDENTIFICADOR [L28YxIOXAg5oKjATc]
+ 57 TOKEN_ERRO []]
  57 TK_PR_CHAR [char]
  57 TK_PR_CHAR [char]
- 58 TK_IDENTIFICADOR [_k0xaL5LJHbjaoKtdCy7V7xQ2KQFGwm2uAZAqSREgDDfPbZgSBJcLSyvJ1VkCaP1iJqc0yT2aEgANMfCOPEg9XtHb3r]
- 58 TK_ESPECIAL [:]
+ caracter _ ASCII 95 
+ 58 TK_IDENTIFICADOR [k0xaL5LJHbjaoKtdCy7V7xQ2KQFGwm2uAZAqSREgDDfPbZgSBJcLSyvJ1VkCaP1iJqc0yT2aEgANMfCOPEg9XtHb3r]
+ caracter : ASCII 58 
  58 TK_LIT_INT [736889543]
  58 TK_LIT_INT [736889543]
- 58 TK_IDENTIFICADOR [__QcD0EmsekXi825FzvMNgeK2AeYpfN8C6K8LRRvPrus0D]
+ caracter _ ASCII 95 
+ caracter _ ASCII 95 
+ 58 TK_IDENTIFICADOR [QcD0EmsekXi825FzvMNgeK2AeYpfN8C6K8LRRvPrus0D]
  58 TK_PR_ELSE [else]
  58 TK_PR_ELSE [else]
- 58 TK_ESPECIAL [(]
+ caracter ( ASCII 40 
  59 TK_PR_DO [do]
  59 TK_PR_DO [do]
- 59 TK_LIT_STRING [") bool Tzz$xbY}9!=Pv do ||yr float  bool w3,"]
- 59 TK_ESPECIAL [}]
- 60 TK_LIT_STRING ["23Mt input ;, then d4v"]
- 60 TK_ESPECIAL [,]
+ caracter " ASCII 34 
+ caracter ) ASCII 41 
+ 59 TK_PR_BOOL [bool]
+ 59 TK_IDENTIFICADOR [Tzz]
+ caracter $ ASCII 36 
+ 59 TK_IDENTIFICADOR [xbY]
+ caracter } ASCII 125 
+ 59 TK_LIT_INT [9]
+ 59 TK_OC_NE [!=]
+ 59 TK_IDENTIFICADOR [Pv]
+ 59 TK_PR_DO [do]
+ 59 TK_OC_OR [||]
+ 59 TK_IDENTIFICADOR [yr]
+ 59 TK_PR_FLOAT [float]
+ 59 TK_PR_BOOL [bool]
+ 59 TK_IDENTIFICADOR [w3]
+ caracter , ASCII 44 
+ caracter " ASCII 34 
+ caracter } ASCII 125 
+ caracter " ASCII 34 
+ 60 TK_LIT_INT [23]
+ 60 TK_IDENTIFICADOR [Mt]
+ 60 TK_PR_INPUT [input]
+ caracter ; ASCII 59 
+ caracter , ASCII 44 
+ 60 TK_PR_THEN [then]
+ 60 TK_IDENTIFICADOR [d4v]
+ caracter " ASCII 34 
+ caracter , ASCII 44 
  60 TK_LIT_CHAR ['=']
  60 TK_PR_INT [int]
  60 TK_LIT_CHAR ['=']
  60 TK_PR_INT [int]
- 61 TK_IDENTIFICADOR [_____VfmCtXUN4RP8pxvgSdDCM57Lq14jFQVpJIbBD1pr1LjmRox8vqFYk5Z1Oo5EG9sL]
+ caracter _ ASCII 95 
+ caracter _ ASCII 95 
+ caracter _ ASCII 95 
+ caracter _ ASCII 95 
+ caracter _ ASCII 95 
+ 61 TK_IDENTIFICADOR [VfmCtXUN4RP8pxvgSdDCM57Lq14jFQVpJIbBD1pr1LjmRox8vqFYk5Z1Oo5EG9sL]
  61 TK_PR_INPUT [input]
  61 TK_PR_INPUT [input]
- 61 TK_ESPECIAL [-]
- 61 TK_LIT_INT [007]
+ 61 TK_LIT_INT [-007]
  61 TK_PR_OUTPUT [output]
  61 TK_PR_OUTPUT [output]
- 61 TK_ESPECIAL [[]
- 61 TK_ESPECIAL [<]
+ 61 TOKEN_ERRO [[]
+ caracter < ASCII 60 
  61 TK_LIT_INT [9978519]
  61 TK_LIT_INT [9978519]
- 62 TK_LIT_STRING ["j int 02AeI!>ag while !V==w do ==>|| if E if 5iD char  string c&l /  input 0geoiM$:]0G"]
- 63 TK_LIT_STRING [" string 8 * hG output nOL$ =  int DlDYbHK if Vb while  char ==>+ ]{Pg:n5v bool v return >=:+  = p1 return 9"]
- 63 TK_IDENTIFICADOR [_output]
- 63 TK_LIT_STRING ["l3Ax = k>= * != then P=="]
+ caracter " ASCII 34 
+ 62 TK_IDENTIFICADOR [j]
+ 62 TK_PR_INT [int]
+ 62 TK_LIT_INT [02]
+ 62 TK_IDENTIFICADOR [AeI]
+ caracter ! ASCII 33 
+ caracter > ASCII 62 
+ 62 TK_IDENTIFICADOR [ag]
+ 62 TK_PR_WHILE [while]
+ caracter ! ASCII 33 
+ 62 TK_IDENTIFICADOR [V]
+ 62 TK_OC_EQ [==]
+ 62 TK_IDENTIFICADOR [w]
+ 62 TK_PR_DO [do]
+ 62 TK_OC_EQ [==]
+ caracter > ASCII 62 
+ 62 TK_OC_OR [||]
+ 62 TK_PR_IF [if]
+ 62 TK_IDENTIFICADOR [E]
+ 62 TK_PR_IF [if]
+ 62 TK_LIT_INT [5]
+ 62 TK_IDENTIFICADOR [iD]
+ 62 TK_PR_CHAR [char]
+ 62 TK_PR_STRING [string]
+ 62 TK_IDENTIFICADOR [c]
+ caracter & ASCII 38 
+ 62 TK_IDENTIFICADOR [l]
+ caracter / ASCII 47 
+ 62 TK_PR_INPUT [input]
+ 62 TK_LIT_INT [0]
+ 62 TK_IDENTIFICADOR [geoiM]
+ caracter $ ASCII 36 
+ caracter : ASCII 58 
+ 62 TOKEN_ERRO []]
+ 62 TK_LIT_INT [0]
+ 62 TK_IDENTIFICADOR [G]
+ caracter " ASCII 34 
+ caracter " ASCII 34 
+ 63 TK_PR_STRING [string]
+ 63 TK_LIT_INT [8]
+ caracter * ASCII 42 
+ 63 TK_IDENTIFICADOR [hG]
+ 63 TK_PR_OUTPUT [output]
+ 63 TK_IDENTIFICADOR [nOL]
+ caracter $ ASCII 36 
+ caracter = ASCII 61 
+ 63 TK_PR_INT [int]
+ 63 TK_IDENTIFICADOR [DlDYbHK]
+ 63 TK_PR_IF [if]
+ 63 TK_IDENTIFICADOR [Vb]
+ 63 TK_PR_WHILE [while]
+ 63 TK_PR_CHAR [char]
+ 63 TK_OC_EQ [==]
+ caracter > ASCII 62 
+ caracter + ASCII 43 
+ 63 TOKEN_ERRO []]
+ caracter { ASCII 123 
+ 63 TK_IDENTIFICADOR [Pg]
+ caracter : ASCII 58 
+ 63 TK_IDENTIFICADOR [n5v]
+ 63 TK_PR_BOOL [bool]
+ 63 TK_IDENTIFICADOR [v]
+ 63 TK_PR_RETURN [return]
+ 63 TK_OC_GE [>=]
+ caracter : ASCII 58 
+ caracter + ASCII 43 
+ caracter = ASCII 61 
+ 63 TK_IDENTIFICADOR [p1]
+ 63 TK_PR_RETURN [return]
+ 63 TK_LIT_INT [9]
+ caracter " ASCII 34 
+ caracter _ ASCII 95 
+ 63 TK_PR_OUTPUT [output]
+ caracter " ASCII 34 
+ 63 TK_IDENTIFICADOR [l3Ax]
+ caracter = ASCII 61 
+ 63 TK_IDENTIFICADOR [k]
+ 63 TK_OC_GE [>=]
+ caracter * ASCII 42 
+ 63 TK_OC_NE [!=]
+ 63 TK_PR_THEN [then]
+ 63 TK_IDENTIFICADOR [P]
+ 63 TK_OC_EQ [==]
+ caracter " ASCII 34 
  63 TK_LIT_FLOAT [673602349.708132]
  63 TK_LIT_FLOAT [673602349.708132]
- 63 TK_ESPECIAL [,]
- 65 TK_IDENTIFICADOR [__8xA5AgexkesAicr8cyNnYiIhBf0bKMLMUirJL1VmeymHvsnMCX3HpvwnVVSWwZLSV88DJlgJJ_YGatw]
- 65 TK_ESPECIAL []]
- 65 TK_ESPECIAL [-]
- 65 TK_LIT_INT [900583831]
+ caracter , ASCII 44 
+ caracter _ ASCII 95 
+ caracter _ ASCII 95 
+ 65 TK_LIT_INT [8]
+ 65 TK_IDENTIFICADOR [xA5AgexkesAicr8cyNnYiIhBf0bKMLMUirJL1VmeymHvsnMCX3HpvwnVVSWwZLSV88DJlgJJ_YGatw]
+ 65 TOKEN_ERRO []]
+ 65 TK_LIT_INT [-900583831]
  65 TK_LIT_INT [9340]
  65 TK_LIT_FLOAT [17805567.9664]
  65 TK_LIT_INT [9340]
  65 TK_LIT_FLOAT [17805567.9664]
- 66 TK_IDENTIFICADOR [_____UTI6SpbILHKM0mNKKBpaFiehE4MfnWHexIC_8o9gwTNyCaDKI]
+ caracter _ ASCII 95 
+ caracter _ ASCII 95 
+ caracter _ ASCII 95 
+ caracter _ ASCII 95 
+ caracter _ ASCII 95 
+ 66 TK_IDENTIFICADOR [UTI6SpbILHKM0mNKKBpaFiehE4MfnWHexIC_8o9gwTNyCaDKI]
  66 TK_PR_STRING [string]
  66 TK_LIT_CHAR ['/']
  66 TK_PR_STRING [string]
  66 TK_LIT_CHAR ['/']
- 66 TK_IDENTIFICADOR [____gM9Dnh3ptlma2GFafH6qfCJjQ]
+ caracter _ ASCII 95 
+ caracter _ ASCII 95 
+ caracter _ ASCII 95 
+ caracter _ ASCII 95 
+ 66 TK_IDENTIFICADOR [gM9Dnh3ptlma2GFafH6qfCJjQ]
  66 TK_LIT_INT [638]
  67 TK_LIT_FLOAT [9425.49]
  66 TK_LIT_INT [638]
  67 TK_LIT_FLOAT [9425.49]
- 67 TK_LIT_STRING [" - F int cx_ / 4F = P< then A{UMl then iO! string  int _>"]
+ caracter " ASCII 34 
+ caracter - ASCII 45 
+ 67 TK_IDENTIFICADOR [F]
+ 67 TK_PR_INT [int]
+ 67 TK_IDENTIFICADOR [cx_]
+ caracter / ASCII 47 
+ 67 TK_LIT_INT [4]
+ 67 TK_IDENTIFICADOR [F]
+ caracter = ASCII 61 
+ 67 TK_IDENTIFICADOR [P]
+ caracter < ASCII 60 
+ 67 TK_PR_THEN [then]
+ 67 TK_IDENTIFICADOR [A]
+ caracter { ASCII 123 
+ 67 TK_IDENTIFICADOR [UMl]
+ 67 TK_PR_THEN [then]
+ 67 TK_IDENTIFICADOR [iO]
+ caracter ! ASCII 33 
+ 67 TK_PR_STRING [string]
+ 67 TK_PR_INT [int]
+ caracter _ ASCII 95 
+ caracter > ASCII 62 
+ caracter " ASCII 34 
  67 TK_LIT_CHAR [',']
  68 TK_LIT_FLOAT [1992.6170468]
...
  68 TK_PR_DO [do]
  68 TK_LIT_CHAR ['T']
- 68 TK_ESPECIAL [*]
- 68 TK_ESPECIAL [/]
+ caracter * ASCII 42 
+ caracter / ASCII 47 
  68 TK_LIT_FLOAT [7286318.07822]
  68 TK_LIT_CHAR ['s']
  68 TK_LIT_FLOAT [7286318.07822]
  68 TK_LIT_CHAR ['s']
- 69 TK_LIT_STRING [" return zU *  then "]
- 69 TK_ESPECIAL [$]
- 70 TK_LIT_STRING ["&&WhM5!& output a!,{TcIQ}&56Cn float FSA8 float ,;OvGwCS;h<=+ PVq&&"]
- 70 TK_LIT_STRING ["mqGmht&&V>=c1XnB4 / vwN / :X char : if 2 * lsTJee||==koHz = V<"]
- 70 TK_ESPECIAL [$]
+ caracter " ASCII 34 
+ 69 TK_PR_RETURN [return]
+ 69 TK_IDENTIFICADOR [zU]
+ caracter * ASCII 42 
+ 69 TK_PR_THEN [then]
+ caracter " ASCII 34 
+ caracter $ ASCII 36 
+ caracter " ASCII 34 
+ 70 TK_OC_AND [&&]
+ 70 TK_IDENTIFICADOR [WhM5]
+ caracter ! ASCII 33 
+ caracter & ASCII 38 
+ 70 TK_PR_OUTPUT [output]
+ 70 TK_IDENTIFICADOR [a]
+ caracter ! ASCII 33 
+ caracter , ASCII 44 
+ caracter { ASCII 123 
+ 70 TK_IDENTIFICADOR [TcIQ]
+ caracter } ASCII 125 
+ caracter & ASCII 38 
+ 70 TK_LIT_INT [56]
+ 70 TK_IDENTIFICADOR [Cn]
+ 70 TK_PR_FLOAT [float]
+ 70 TK_IDENTIFICADOR [FSA8]
+ 70 TK_PR_FLOAT [float]
+ caracter , ASCII 44 
+ caracter ; ASCII 59 
+ 70 TK_IDENTIFICADOR [OvGwCS]
+ caracter ; ASCII 59 
+ 70 TK_IDENTIFICADOR [h]
+ 70 TK_OC_LE [<=]
+ caracter + ASCII 43 
+ 70 TK_IDENTIFICADOR [PVq]
+ 70 TK_OC_AND [&&]
+ caracter " ASCII 34 
+ caracter " ASCII 34 
+ 70 TK_IDENTIFICADOR [mqGmht]
+ 70 TK_OC_AND [&&]
+ 70 TK_IDENTIFICADOR [V]
+ 70 TK_OC_GE [>=]
+ 70 TK_IDENTIFICADOR [c1XnB4]
+ caracter / ASCII 47 
+ 70 TK_IDENTIFICADOR [vwN]
+ caracter / ASCII 47 
+ caracter : ASCII 58 
+ 70 TK_IDENTIFICADOR [X]
+ 70 TK_PR_CHAR [char]
+ caracter : ASCII 58 
+ 70 TK_PR_IF [if]
+ 70 TK_LIT_INT [2]
+ caracter * ASCII 42 
+ 70 TK_IDENTIFICADOR [lsTJee]
+ 70 TK_OC_OR [||]
+ 70 TK_OC_EQ [==]
+ 70 TK_IDENTIFICADOR [koHz]
+ caracter = ASCII 61 
+ 70 TK_IDENTIFICADOR [V]
+ caracter < ASCII 60 
+ caracter " ASCII 34 
+ caracter $ ASCII 36 
  71 TK_LIT_FLOAT [470.5547]
  71 TK_LIT_FLOAT [470.5547]
- 71 TK_ESPECIAL [-]
- 71 TK_LIT_INT [6212694]
+ 71 TK_LIT_INT [-6212694]
  71 TK_LIT_CHAR ['(']
  71 TK_LIT_FLOAT [0448.6537990]
  71 TK_LIT_CHAR ['(']
  71 TK_LIT_FLOAT [0448.6537990]
- 71 TK_ESPECIAL [$]
- 71 TK_ESPECIAL [-]
- 71 TK_LIT_FLOAT [9786038.00036]
+ caracter $ ASCII 36 
+ 71 TK_LIT_FLOAT [-9786038.00036]
  71 TK_LIT_CHAR [';']
  71 TK_LIT_CHAR [';']
- 72 TK_LIT_STRING ["&& do &z||F} while "]
- 72 TK_LIT_STRING ["KT if Z do 0< - N; float Ga{w& while M"]
- 72 TK_ESPECIAL [-]
- 73 TK_LIT_STRING [" else 81Dwd while F>=5vOM return y string  output zOw: = O{A int l$Ovq!6;==: else + "]
+ caracter " ASCII 34 
+ 72 TK_OC_AND [&&]
+ 72 TK_PR_DO [do]
+ caracter & ASCII 38 
+ 72 TK_IDENTIFICADOR [z]
+ 72 TK_OC_OR [||]
+ 72 TK_IDENTIFICADOR [F]
+ caracter } ASCII 125 
+ 72 TK_PR_WHILE [while]
+ caracter " ASCII 34 
+ caracter " ASCII 34 
+ 72 TK_IDENTIFICADOR [KT]
+ 72 TK_PR_IF [if]
+ 72 TK_IDENTIFICADOR [Z]
+ 72 TK_PR_DO [do]
+ 72 TK_LIT_INT [0]
+ caracter < ASCII 60 
+ caracter - ASCII 45 
+ 72 TK_IDENTIFICADOR [N]
+ caracter ; ASCII 59 
+ 72 TK_PR_FLOAT [float]
+ 72 TK_IDENTIFICADOR [Ga]
+ caracter { ASCII 123 
+ 72 TK_IDENTIFICADOR [w]
+ caracter & ASCII 38 
+ 72 TK_PR_WHILE [while]
+ 72 TK_IDENTIFICADOR [M]
+ caracter " ASCII 34 
+ caracter - ASCII 45 
+ caracter " ASCII 34 
+ 73 TK_PR_ELSE [else]
+ 73 TK_LIT_INT [81]
+ 73 TK_IDENTIFICADOR [Dwd]
  73 TK_PR_WHILE [while]
  73 TK_PR_WHILE [while]
- 73 TK_IDENTIFICADOR [_YaQPdKIxBKUZsH3pNA975]
- 73 TK_ESPECIAL [!]
+ 73 TK_IDENTIFICADOR [F]
+ 73 TK_OC_GE [>=]
+ 73 TK_LIT_INT [5]
+ 73 TK_IDENTIFICADOR [vOM]
+ 73 TK_PR_RETURN [return]
+ 73 TK_IDENTIFICADOR [y]
+ 73 TK_PR_STRING [string]
+ 73 TK_PR_OUTPUT [output]
+ 73 TK_IDENTIFICADOR [zOw]
+ caracter : ASCII 58 
+ caracter = ASCII 61 
+ 73 TK_IDENTIFICADOR [O]
+ caracter { ASCII 123 
+ 73 TK_IDENTIFICADOR [A]
+ 73 TK_PR_INT [int]
+ 73 TK_IDENTIFICADOR [l]
+ caracter $ ASCII 36 
+ 73 TK_IDENTIFICADOR [Ovq]
+ caracter ! ASCII 33 
+ 73 TK_LIT_INT [6]
+ caracter ; ASCII 59 
+ 73 TK_OC_EQ [==]
+ caracter : ASCII 58 
+ 73 TK_PR_ELSE [else]
+ caracter + ASCII 43 
+ caracter " ASCII 34 
+ 73 TK_PR_WHILE [while]
+ caracter _ ASCII 95 
+ 73 TK_IDENTIFICADOR [YaQPdKIxBKUZsH3pNA975]
+ caracter ! ASCII 33 
  73 TK_LIT_FLOAT [34164155.139506775]
  73 TK_LIT_INT [05214601]
...
  73 TK_LIT_INT [05214601]
  74 TK_LIT_FLOAT [45184.0255627584]
- 74 TK_ESPECIAL [[]
+ 74 TOKEN_ERRO [[]
  74 TK_LIT_STRING ["7SD"]
  74 TK_LIT_FLOAT [3196.491237980]
  74 TK_LIT_STRING ["7SD"]
  74 TK_LIT_FLOAT [3196.491237980]
- 74 TK_ESPECIAL [[]
- 74 TK_ESPECIAL [-]
- 74 TK_LIT_FLOAT [5241496145.0]
- 74 TK_ESPECIAL [{]
+ 74 TOKEN_ERRO [[]
+ 74 TK_LIT_FLOAT [-5241496145.0]
+ caracter { ASCII 123 
  74 TK_PR_RETURN [return]
  74 TK_PR_RETURN [return]
- 75 TK_ESPECIAL [-]
- 75 TK_LIT_FLOAT [33065642.302386233]
- 75 TK_LIT_STRING ["U - eK char f1XKpk>xE if cDGms{w_Wat / jgi{8,g)v else  char "]
- 75 TK_ESPECIAL [:]
+ 75 TK_LIT_FLOAT [-33065642.302386233]
+ caracter " ASCII 34 
+ 75 TK_IDENTIFICADOR [U]
+ caracter - ASCII 45 
+ 75 TK_IDENTIFICADOR [eK]
+ 75 TK_PR_CHAR [char]
+ 75 TK_IDENTIFICADOR [f1XKpk]
+ caracter > ASCII 62 
+ 75 TK_IDENTIFICADOR [xE]
+ 75 TK_PR_IF [if]
+ 75 TK_IDENTIFICADOR [cDGms]
+ caracter { ASCII 123 
+ 75 TK_IDENTIFICADOR [w_Wat]
+ caracter / ASCII 47 
+ 75 TK_IDENTIFICADOR [jgi]
+ caracter { ASCII 123 
+ 75 TK_LIT_INT [8]
+ caracter , ASCII 44 
+ 75 TK_IDENTIFICADOR [g]
+ caracter ) ASCII 41 
+ 75 TK_IDENTIFICADOR [v]
+ 75 TK_PR_ELSE [else]
+ 75 TK_PR_CHAR [char]
+ caracter " ASCII 34 
+ caracter : ASCII 58 
  76 TK_PR_IF [if]
  76 TK_PR_OUTPUT [output]
  76 TK_PR_IF [if]
  76 TK_PR_OUTPUT [output]
- 76 TK_IDENTIFICADOR [___Iwe4nwefp4FNkJnCsXqudwX50iGEHcKxI]
+ caracter _ ASCII 95 
+ caracter _ ASCII 95 
+ caracter _ ASCII 95 
+ 76 TK_IDENTIFICADOR [Iwe4nwefp4FNkJnCsXqudwX50iGEHcKxI]
  76 TK_LIT_CHAR ['/']
  76 TK_LIT_CHAR ['k']
...
  76 TK_LIT_CHAR ['k']
  76 TK_LIT_CHAR [',']
- 76 TK_ESPECIAL []]
- 77 TK_ESPECIAL [-]
- 77 TK_LIT_INT [962401695]
+ 76 TOKEN_ERRO []]
+ 77 TK_LIT_INT [-962401695]
  77 TK_LIT_FLOAT [08.4198786256]
  77 TK_LIT_CHAR ['<']
  77 TK_LIT_FLOAT [08.4198786256]
  77 TK_LIT_CHAR ['<']
- 77 TK_ESPECIAL [,]
+ caracter , ASCII 44 
  77 TK_LIT_CHAR ['y']
  77 TK_LIT_CHAR [']']
...
  77 TK_LIT_FLOAT [339911.5216555]
  78 TK_LIT_CHAR ['6']
- 78 TK_IDENTIFICADOR [__5WH9KHZyMHNk2NV]
- 78 TK_ESPECIAL [<]
- 79 TK_LIT_STRING [" do  / 4 do kRR[F output O if  output >=3A2 do  else &slMUG0m+ Fv"]
+ caracter _ ASCII 95 
+ caracter _ ASCII 95 
+ 78 TK_LIT_INT [5]
+ 78 TK_IDENTIFICADOR [WH9KHZyMHNk2NV]
+ caracter < ASCII 60 
+ caracter " ASCII 34 
+ 79 TK_PR_DO [do]
+ caracter / ASCII 47 
+ 79 TK_LIT_INT [4]
+ 79 TK_PR_DO [do]
+ 79 TK_IDENTIFICADOR [kRR]
+ 79 TOKEN_ERRO [[]
+ 79 TK_IDENTIFICADOR [F]
+ 79 TK_PR_OUTPUT [output]
+ 79 TK_IDENTIFICADOR [O]
+ 79 TK_PR_IF [if]
+ 79 TK_PR_OUTPUT [output]
+ 79 TK_OC_GE [>=]
+ 79 TK_LIT_INT [3]
+ 79 TK_IDENTIFICADOR [A2]
+ 79 TK_PR_DO [do]
+ 79 TK_PR_ELSE [else]
+ caracter & ASCII 38 
+ 79 TK_IDENTIFICADOR [slMUG0m]
+ caracter + ASCII 43 
+ 79 TK_IDENTIFICADOR [Fv]
+ caracter " ASCII 34 
  79 TK_LIT_INT [595939]
  79 TK_LIT_INT [595939]
- 79 TK_ESPECIAL [-]
- 79 TK_LIT_INT [8809004]
- 79 TK_ESPECIAL [-]
- 79 TK_LIT_INT [970]
- 79 TK_ESPECIAL [[]
- 79 TK_ESPECIAL [[]
+ 79 TK_LIT_INT [-8809004]
+ 79 TK_LIT_INT [-970]
+ 79 TOKEN_ERRO [[]
+ 79 TOKEN_ERRO [[]
  79 TK_LIT_FLOAT [839043596.833]
  79 TK_LIT_FLOAT [339.95214]
  79 TK_LIT_FLOAT [839043596.833]
  79 TK_LIT_FLOAT [339.95214]
- 81 TK_LIT_STRING ["$;MKc)Sney8c;X+ 5 then  output  *  string ==! float }Igegs1 = 2P;9jwH char J7;;"]
- 81 TK_ESPECIAL [-]
- 81 TK_LIT_INT [7]
- 81 TK_ESPECIAL [}]
+ caracter " ASCII 34 
+ caracter $ ASCII 36 
+ caracter ; ASCII 59 
+ 81 TK_IDENTIFICADOR [MKc]
+ caracter ) ASCII 41 
+ 81 TK_IDENTIFICADOR [Sney8c]
+ caracter ; ASCII 59 
+ 81 TK_IDENTIFICADOR [X]
+ caracter + ASCII 43 
+ 81 TK_LIT_INT [5]
+ 81 TK_PR_THEN [then]
+ 81 TK_PR_OUTPUT [output]
+ caracter * ASCII 42 
+ 81 TK_PR_STRING [string]
+ 81 TK_OC_EQ [==]
+ caracter ! ASCII 33 
+ 81 TK_PR_FLOAT [float]
+ caracter } ASCII 125 
+ 81 TK_IDENTIFICADOR [Igegs1]
+ caracter = ASCII 61 
+ 81 TK_LIT_INT [2]
+ 81 TK_IDENTIFICADOR [P]
+ caracter ; ASCII 59 
+ 81 TK_LIT_INT [9]
+ 81 TK_IDENTIFICADOR [jwH]
+ 81 TK_PR_CHAR [char]
+ 81 TK_IDENTIFICADOR [J7]
+ caracter ; ASCII 59 
+ caracter ; ASCII 59 
+ caracter " ASCII 34 
+ 81 TK_LIT_INT [-7]
+ caracter } ASCII 125 
  81 TK_PR_DO [do]
  81 TK_PR_DO [do]
- 81 TK_ESPECIAL [-]
- 81 TK_LIT_INT [64830532]
- 81 TK_ESPECIAL [-]
- 81 TK_LIT_INT [29969096]
- 81 TK_ESPECIAL [-]
- 81 TK_LIT_FLOAT [9868693181.233018]
- 81 TK_ESPECIAL [(]
- 82 TK_LIT_STRING [" while f"]
+ 81 TK_LIT_INT [-64830532]
+ 81 TK_LIT_INT [-29969096]
+ 81 TK_LIT_FLOAT [-9868693181.233018]
+ caracter ( ASCII 40 
+ caracter " ASCII 34 
+ 82 TK_PR_WHILE [while]
+ 82 TK_IDENTIFICADOR [f]
+ caracter " ASCII 34 
  82 TK_LIT_CHAR ['=']
  82 TK_LIT_CHAR ['o']
  82 TK_LIT_CHAR ['=']
  82 TK_LIT_CHAR ['o']
- 82 TK_IDENTIFICADOR [___input]
+ caracter _ ASCII 95 
+ caracter _ ASCII 95 
[...]
<end of output>
Test time =   0.18 sec
----------------------------------------------------------
Test Failed.
"e1_avaliacao_15" end time: Sep 08 13:59 EDT
"e1_avaliacao_15" time elapsed: 00:00:00
----------------------------------------------------------

16/407 Testing: e1_avaliacao_16
16/407 Test: e1_avaliacao_16
Command: "/usr/bin/perl" "-I" "./tests/scripts" "./tests/scripts/tesh" "/home/user/compiladores/pc/tests/e1/avaliacao_16.tesh"
Directory: /home/user/compiladores/pc/build
"e1_avaliacao_16" start time: Sep 08 13:59 EDT
Output:
----------------------------------------------------------
Unescaped left brace in regex is deprecated, passed through in regex; marked by <-- HERE in m/\${ <-- HERE (\w+)(?::[=-][^}]*)?}/ at ./tests/scripts/tesh line 345.
Test suite `/home/user/compiladores/pc/tests/e1/avaliacao_16.tesh'
[avaliacao_16.tesh:5] ./main ./tests/e1/input/nivel16.tokens
Output of <avaliacao_16.tesh:5> mismatch:
  1 TK_PR_STATIC [static]
  1 TK_PR_CONST [const]
- 2 TK_ESPECIAL [-]
- 2 TK_LIT_INT [2]
+ 2 TK_LIT_INT [-2]
Test suite `avaliacao_16.tesh': NOK (<avaliacao_16.tesh:5> output mismatch)
<end of output>
Test time =   0.20 sec
----------------------------------------------------------
Test Failed.
"e1_avaliacao_16" end time: Sep 08 13:59 EDT
"e1_avaliacao_16" time elapsed: 00:00:00
----------------------------------------------------------

17/407 Testing: e1_avaliacao_17
17/407 Test: e1_avaliacao_17
Command: "/usr/bin/perl" "-I" "./tests/scripts" "./tests/scripts/tesh" "/home/user/compiladores/pc/tests/e1/avaliacao_17.tesh"
Directory: /home/user/compiladores/pc/build
"e1_avaliacao_17" start time: Sep 08 13:59 EDT
Output:
----------------------------------------------------------
Unescaped left brace in regex is deprecated, passed through in regex; marked by <-- HERE in m/\${ <-- HERE (\w+)(?::[=-][^}]*)?}/ at ./tests/scripts/tesh line 345.
Test suite `/home/user/compiladores/pc/tests/e1/avaliacao_17.tesh'
[avaliacao_17.tesh:5] ./main ./tests/e1/input/nivel17.tokens
Test suite `avaliacao_17.tesh' OK
<end of output>
Test time =   0.21 sec
----------------------------------------------------------
Test Passed.
"e1_avaliacao_17" end time: Sep 08 13:59 EDT
"e1_avaliacao_17" time elapsed: 00:00:00
----------------------------------------------------------

18/407 Testing: e1_valgrind_00
18/407 Test: e1_valgrind_00
Command: "/usr/bin/perl" "-I" "./tests/scripts" "./tests/scripts/tesh" "/home/user/compiladores/pc/tests/e1/valgrind_00.tesh"
Directory: /home/user/compiladores/pc/build
"e1_valgrind_00" start time: Sep 08 13:59 EDT
Output:
----------------------------------------------------------
Unescaped left brace in regex is deprecated, passed through in regex; marked by <-- HERE in m/\${ <-- HERE (\w+)(?::[=-][^}]*)?}/ at ./tests/scripts/tesh line 345.
Test suite `/home/user/compiladores/pc/tests/e1/valgrind_00.tesh'
[valgrind_00.tesh:6] ./tests/scripts/valgrindtest ./main ./tests/e1/input/nivel0.tokens
Test suite `valgrind_00.tesh': NOK (<valgrind_00.tesh:6> returned code 2)
Output of <valgrind_00.tesh:6> so far:
|| [31m[1mValgrind is probably not installed (checked with 'which valgrind')
|| (B[m
(ignoring the output of <valgrind_00.tesh:6> as requested)
<end of output>
Test time =   0.24 sec
----------------------------------------------------------
Test Failed.
"e1_valgrind_00" end time: Sep 08 13:59 EDT
"e1_valgrind_00" time elapsed: 00:00:00
----------------------------------------------------------

19/407 Testing: e1_valgrind_01
19/407 Test: e1_valgrind_01
Command: "/usr/bin/perl" "-I" "./tests/scripts" "./tests/scripts/tesh" "/home/user/compiladores/pc/tests/e1/valgrind_01.tesh"
Directory: /home/user/compiladores/pc/build
"e1_valgrind_01" start time: Sep 08 13:59 EDT
Output:
----------------------------------------------------------
Unescaped left brace in regex is deprecated, passed through in regex; marked by <-- HERE in m/\${ <-- HERE (\w+)(?::[=-][^}]*)?}/ at ./tests/scripts/tesh line 345.
Test suite `/home/user/compiladores/pc/tests/e1/valgrind_01.tesh'
[valgrind_01.tesh:6] ./tests/scripts/valgrindtest ./main ./tests/e1/input/nivel1.tokens
Test suite `valgrind_01.tesh': NOK (<valgrind_01.tesh:6> returned code 2)
Output of <valgrind_01.tesh:6> so far:
|| [31m[1mValgrind is probably not installed (checked with 'which valgrind')
|| (B[m
(ignoring the output of <valgrind_01.tesh:6> as requested)
<end of output>
Test time =   0.19 sec
----------------------------------------------------------
Test Failed.
"e1_valgrind_01" end time: Sep 08 13:59 EDT
"e1_valgrind_01" time elapsed: 00:00:00
----------------------------------------------------------

20/407 Testing: e1_valgrind_02
20/407 Test: e1_valgrind_02
Command: "/usr/bin/perl" "-I" "./tests/scripts" "./tests/scripts/tesh" "/home/user/compiladores/pc/tests/e1/valgrind_02.tesh"
Directory: /home/user/compiladores/pc/build
"e1_valgrind_02" start time: Sep 08 13:59 EDT
Output:
----------------------------------------------------------
Unescaped left brace in regex is deprecated, passed through in regex; marked by <-- HERE in m/\${ <-- HERE (\w+)(?::[=-][^}]*)?}/ at ./tests/scripts/tesh line 345.
Test suite `/home/user/compiladores/pc/tests/e1/valgrind_02.tesh'
[valgrind_02.tesh:6] ./tests/scripts/valgrindtest ./main ./tests/e1/input/nivel2.tokens
Test suite `valgrind_02.tesh': NOK (<valgrind_02.tesh:6> returned code 2)
Output of <valgrind_02.tesh:6> so far:
|| [31m[1mValgrind is probably not installed (checked with 'which valgrind')
|| (B[m
(ignoring the output of <valgrind_02.tesh:6> as requested)
<end of output>
Test time =   0.21 sec
----------------------------------------------------------
Test Failed.
"e1_valgrind_02" end time: Sep 08 13:59 EDT
"e1_valgrind_02" time elapsed: 00:00:00
----------------------------------------------------------

21/407 Testing: e1_valgrind_03
21/407 Test: e1_valgrind_03
Command: "/usr/bin/perl" "-I" "./tests/scripts" "./tests/scripts/tesh" "/home/user/compiladores/pc/tests/e1/valgrind_03.tesh"
Directory: /home/user/compiladores/pc/build
"e1_valgrind_03" start time: Sep 08 13:59 EDT
Output:
----------------------------------------------------------
Unescaped left brace in regex is deprecated, passed through in regex; marked by <-- HERE in m/\${ <-- HERE (\w+)(?::[=-][^}]*)?}/ at ./tests/scripts/tesh line 345.
Test suite `/home/user/compiladores/pc/tests/e1/valgrind_03.tesh'
[valgrind_03.tesh:6] ./tests/scripts/valgrindtest ./main ./tests/e1/input/nivel3.tokens
Test suite `valgrind_03.tesh': NOK (<valgrind_03.tesh:6> returned code 2)
Output of <valgrind_03.tesh:6> so far:
|| [31m[1mValgrind is probably not installed (checked with 'which valgrind')
|| (B[m
(ignoring the output of <valgrind_03.tesh:6> as requested)
<end of output>
Test time =   0.21 sec
----------------------------------------------------------
Test Failed.
"e1_valgrind_03" end time: Sep 08 13:59 EDT
"e1_valgrind_03" time elapsed: 00:00:00
----------------------------------------------------------

22/407 Testing: e1_valgrind_05
22/407 Test: e1_valgrind_05
Command: "/usr/bin/perl" "-I" "./tests/scripts" "./tests/scripts/tesh" "/home/user/compiladores/pc/tests/e1/valgrind_05.tesh"
Directory: /home/user/compiladores/pc/build
"e1_valgrind_05" start time: Sep 08 13:59 EDT
Output:
----------------------------------------------------------
Unescaped left brace in regex is deprecated, passed through in regex; marked by <-- HERE in m/\${ <-- HERE (\w+)(?::[=-][^}]*)?}/ at ./tests/scripts/tesh line 345.
Test suite `/home/user/compiladores/pc/tests/e1/valgrind_05.tesh'
[valgrind_05.tesh:6] ./tests/scripts/valgrindtest ./main ./tests/e1/input/nivel5.tokens
Test suite `valgrind_05.tesh': NOK (<valgrind_05.tesh:6> returned code 2)
Output of <valgrind_05.tesh:6> so far:
|| [31m[1mValgrind is probably not installed (checked with 'which valgrind')
|| (B[m
(ignoring the output of <valgrind_05.tesh:6> as requested)
<end of output>
Test time =   0.23 sec
----------------------------------------------------------
Test Failed.
"e1_valgrind_05" end time: Sep 08 13:59 EDT
"e1_valgrind_05" time elapsed: 00:00:00
----------------------------------------------------------

23/407 Testing: e1_valgrind_06
23/407 Test: e1_valgrind_06
Command: "/usr/bin/perl" "-I" "./tests/scripts" "./tests/scripts/tesh" "/home/user/compiladores/pc/tests/e1/valgrind_06.tesh"
Directory: /home/user/compiladores/pc/build
"e1_valgrind_06" start time: Sep 08 13:59 EDT
Output:
----------------------------------------------------------
Unescaped left brace in regex is deprecated, passed through in regex; marked by <-- HERE in m/\${ <-- HERE (\w+)(?::[=-][^}]*)?}/ at ./tests/scripts/tesh line 345.
Test suite `/home/user/compiladores/pc/tests/e1/valgrind_06.tesh'
[valgrind_06.tesh:6] ./tests/scripts/valgrindtest ./main ./tests/e1/input/nivel6.tokens
Test suite `valgrind_06.tesh': NOK (<valgrind_06.tesh:6> returned code 2)
Output of <valgrind_06.tesh:6> so far:
|| [31m[1mValgrind is probably not installed (checked with 'which valgrind')
|| (B[m
(ignoring the output of <valgrind_06.tesh:6> as requested)
<end of output>
Test time =   0.20 sec
----------------------------------------------------------
Test Failed.
"e1_valgrind_06" end time: Sep 08 13:59 EDT
"e1_valgrind_06" time elapsed: 00:00:00
----------------------------------------------------------

24/407 Testing: e1_valgrind_07
24/407 Test: e1_valgrind_07
Command: "/usr/bin/perl" "-I" "./tests/scripts" "./tests/scripts/tesh" "/home/user/compiladores/pc/tests/e1/valgrind_07.tesh"
Directory: /home/user/compiladores/pc/build
"e1_valgrind_07" start time: Sep 08 13:59 EDT
Output:
----------------------------------------------------------
Unescaped left brace in regex is deprecated, passed through in regex; marked by <-- HERE in m/\${ <-- HERE (\w+)(?::[=-][^}]*)?}/ at ./tests/scripts/tesh line 345.
Test suite `/home/user/compiladores/pc/tests/e1/valgrind_07.tesh'
[valgrind_07.tesh:6] ./tests/scripts/valgrindtest ./main ./tests/e1/input/nivel7.tokens
Test suite `valgrind_07.tesh': NOK (<valgrind_07.tesh:6> returned code 2)
Output of <valgrind_07.tesh:6> so far:
|| [31m[1mValgrind is probably not installed (checked with 'which valgrind')
|| (B[m
(ignoring the output of <valgrind_07.tesh:6> as requested)
<end of output>
Test time =   0.22 sec
----------------------------------------------------------
Test Failed.
"e1_valgrind_07" end time: Sep 08 13:59 EDT
"e1_valgrind_07" time elapsed: 00:00:00
----------------------------------------------------------

25/407 Testing: e1_valgrind_08
25/407 Test: e1_valgrind_08
Command: "/usr/bin/perl" "-I" "./tests/scripts" "./tests/scripts/tesh" "/home/user/compiladores/pc/tests/e1/valgrind_08.tesh"
Directory: /home/user/compiladores/pc/build
"e1_valgrind_08" start time: Sep 08 13:59 EDT
Output:
----------------------------------------------------------
Unescaped left brace in regex is deprecated, passed through in regex; marked by <-- HERE in m/\${ <-- HERE (\w+)(?::[=-][^}]*)?}/ at ./tests/scripts/tesh line 345.
Test suite `/home/user/compiladores/pc/tests/e1/valgrind_08.tesh'
[valgrind_08.tesh:6] ./tests/scripts/valgrindtest ./main ./tests/e1/input/nivel8.tokens
Test suite `valgrind_08.tesh': NOK (<valgrind_08.tesh:6> returned code 2)
Output of <valgrind_08.tesh:6> so far:
|| [31m[1mValgrind is probably not installed (checked with 'which valgrind')
|| (B[m
(ignoring the output of <valgrind_08.tesh:6> as requested)
<end of output>
Test time =   0.21 sec
----------------------------------------------------------
Test Failed.
"e1_valgrind_08" end time: Sep 08 13:59 EDT
"e1_valgrind_08" time elapsed: 00:00:00
----------------------------------------------------------

26/407 Testing: e1_valgrind_09
26/407 Test: e1_valgrind_09
Command: "/usr/bin/perl" "-I" "./tests/scripts" "./tests/scripts/tesh" "/home/user/compiladores/pc/tests/e1/valgrind_09.tesh"
Directory: /home/user/compiladores/pc/build
"e1_valgrind_09" start time: Sep 08 13:59 EDT
Output:
----------------------------------------------------------
Unescaped left brace in regex is deprecated, passed through in regex; marked by <-- HERE in m/\${ <-- HERE (\w+)(?::[=-][^}]*)?}/ at ./tests/scripts/tesh line 345.
Test suite `/home/user/compiladores/pc/tests/e1/valgrind_09.tesh'
[valgrind_09.tesh:6] ./tests/scripts/valgrindtest ./main ./tests/e1/input/nivel9.tokens
Test suite `valgrind_09.tesh': NOK (<valgrind_09.tesh:6> returned code 2)
Output of <valgrind_09.tesh:6> so far:
|| [31m[1mValgrind is probably not installed (checked with 'which valgrind')
|| (B[m
(ignoring the output of <valgrind_09.tesh:6> as requested)
<end of output>
Test time =   0.22 sec
----------------------------------------------------------
Test Failed.
"e1_valgrind_09" end time: Sep 08 13:59 EDT
"e1_valgrind_09" time elapsed: 00:00:00
----------------------------------------------------------

27/407 Testing: e1_valgrind_10
27/407 Test: e1_valgrind_10
Command: "/usr/bin/perl" "-I" "./tests/scripts" "./tests/scripts/tesh" "/home/user/compiladores/pc/tests/e1/valgrind_10.tesh"
Directory: /home/user/compiladores/pc/build
"e1_valgrind_10" start time: Sep 08 13:59 EDT
Output:
----------------------------------------------------------
Unescaped left brace in regex is deprecated, passed through in regex; marked by <-- HERE in m/\${ <-- HERE (\w+)(?::[=-][^}]*)?}/ at ./tests/scripts/tesh line 345.
Test suite `/home/user/compiladores/pc/tests/e1/valgrind_10.tesh'
[valgrind_10.tesh:6] ./tests/scripts/valgrindtest ./main ./tests/e1/input/nivel10.tokens
Test suite `valgrind_10.tesh': NOK (<valgrind_10.tesh:6> returned code 2)
Output of <valgrind_10.tesh:6> so far:
|| [31m[1mValgrind is probably not installed (checked with 'which valgrind')
|| (B[m
(ignoring the output of <valgrind_10.tesh:6> as requested)
<end of output>
Test time =   0.20 sec
----------------------------------------------------------
Test Failed.
"e1_valgrind_10" end time: Sep 08 13:59 EDT
"e1_valgrind_10" time elapsed: 00:00:00
----------------------------------------------------------

28/407 Testing: e1_valgrind_11
28/407 Test: e1_valgrind_11
Command: "/usr/bin/perl" "-I" "./tests/scripts" "./tests/scripts/tesh" "/home/user/compiladores/pc/tests/e1/valgrind_11.tesh"
Directory: /home/user/compiladores/pc/build
"e1_valgrind_11" start time: Sep 08 13:59 EDT
Output:
----------------------------------------------------------
Unescaped left brace in regex is deprecated, passed through in regex; marked by <-- HERE in m/\${ <-- HERE (\w+)(?::[=-][^}]*)?}/ at ./tests/scripts/tesh line 345.
Test suite `/home/user/compiladores/pc/tests/e1/valgrind_11.tesh'
[valgrind_11.tesh:6] ./tests/scripts/valgrindtest ./main ./tests/e1/input/nivel11.tokens
Test suite `valgrind_11.tesh': NOK (<valgrind_11.tesh:6> returned code 2)
Output of <valgrind_11.tesh:6> so far:
|| [31m[1mValgrind is probably not installed (checked with 'which valgrind')
|| (B[m
(ignoring the output of <valgrind_11.tesh:6> as requested)
<end of output>
Test time =   0.22 sec
----------------------------------------------------------
Test Failed.
"e1_valgrind_11" end time: Sep 08 13:59 EDT
"e1_valgrind_11" time elapsed: 00:00:00
----------------------------------------------------------

29/407 Testing: e1_valgrind_12
29/407 Test: e1_valgrind_12
Command: "/usr/bin/perl" "-I" "./tests/scripts" "./tests/scripts/tesh" "/home/user/compiladores/pc/tests/e1/valgrind_12.tesh"
Directory: /home/user/compiladores/pc/build
"e1_valgrind_12" start time: Sep 08 13:59 EDT
Output:
----------------------------------------------------------
Unescaped left brace in regex is deprecated, passed through in regex; marked by <-- HERE in m/\${ <-- HERE (\w+)(?::[=-][^}]*)?}/ at ./tests/scripts/tesh line 345.
Test suite `/home/user/compiladores/pc/tests/e1/valgrind_12.tesh'
[valgrind_12.tesh:6] ./tests/scripts/valgrindtest ./main ./tests/e1/input/nivel12.tokens
Test suite `valgrind_12.tesh': NOK (<valgrind_12.tesh:6> returned code 2)
Output of <valgrind_12.tesh:6> so far:
|| [31m[1mValgrind is probably not installed (checked with 'which valgrind')
|| (B[m
(ignoring the output of <valgrind_12.tesh:6> as requested)
<end of output>
Test time =   0.21 sec
----------------------------------------------------------
Test Failed.
"e1_valgrind_12" end time: Sep 08 13:59 EDT
"e1_valgrind_12" time elapsed: 00:00:00
----------------------------------------------------------

30/407 Testing: e1_valgrind_13
30/407 Test: e1_valgrind_13
Command: "/usr/bin/perl" "-I" "./tests/scripts" "./tests/scripts/tesh" "/home/user/compiladores/pc/tests/e1/valgrind_13.tesh"
Directory: /home/user/compiladores/pc/build
"e1_valgrind_13" start time: Sep 08 13:59 EDT
Output:
----------------------------------------------------------
Unescaped left brace in regex is deprecated, passed through in regex; marked by <-- HERE in m/\${ <-- HERE (\w+)(?::[=-][^}]*)?}/ at ./tests/scripts/tesh line 345.
Test suite `/home/user/compiladores/pc/tests/e1/valgrind_13.tesh'
[valgrind_13.tesh:6] ./tests/scripts/valgrindtest ./main ./tests/e1/input/nivel13.tokens
Test suite `valgrind_13.tesh': NOK (<valgrind_13.tesh:6> returned code 2)
Output of <valgrind_13.tesh:6> so far:
|| [31m[1mValgrind is probably not installed (checked with 'which valgrind')
|| (B[m
(ignoring the output of <valgrind_13.tesh:6> as requested)
<end of output>
Test time =   0.23 sec
----------------------------------------------------------
Test Failed.
"e1_valgrind_13" end time: Sep 08 13:59 EDT
"e1_valgrind_13" time elapsed: 00:00:00
----------------------------------------------------------

31/407 Testing: e1_valgrind_14
31/407 Test: e1_valgrind_14
Command: "/usr/bin/perl" "-I" "./tests/scripts" "./tests/scripts/tesh" "/home/user/compiladores/pc/tests/e1/valgrind_14.tesh"
Directory: /home/user/compiladores/pc/build
"e1_valgrind_14" start time: Sep 08 13:59 EDT
Output:
----------------------------------------------------------
Unescaped left brace in regex is deprecated, passed through in regex; marked by <-- HERE in m/\${ <-- HERE (\w+)(?::[=-][^}]*)?}/ at ./tests/scripts/tesh line 345.
Test suite `/home/user/compiladores/pc/tests/e1/valgrind_14.tesh'
[valgrind_14.tesh:6] ./tests/scripts/valgrindtest ./main ./tests/e1/input/nivel14.tokens
Test suite `valgrind_14.tesh': NOK (<valgrind_14.tesh:6> returned code 2)
Output of <valgrind_14.tesh:6> so far:
|| [31m[1mValgrind is probably not installed (checked with 'which valgrind')
|| (B[m
(ignoring the output of <valgrind_14.tesh:6> as requested)
<end of output>
Test time =   0.27 sec
----------------------------------------------------------
Test Failed.
"e1_valgrind_14" end time: Sep 08 13:59 EDT
"e1_valgrind_14" time elapsed: 00:00:00
----------------------------------------------------------

32/407 Testing: e1_valgrind_15
32/407 Test: e1_valgrind_15
Command: "/usr/bin/perl" "-I" "./tests/scripts" "./tests/scripts/tesh" "/home/user/compiladores/pc/tests/e1/valgrind_15.tesh"
Directory: /home/user/compiladores/pc/build
"e1_valgrind_15" start time: Sep 08 13:59 EDT
Output:
----------------------------------------------------------
Unescaped left brace in regex is deprecated, passed through in regex; marked by <-- HERE in m/\${ <-- HERE (\w+)(?::[=-][^}]*)?}/ at ./tests/scripts/tesh line 345.
Test suite `/home/user/compiladores/pc/tests/e1/valgrind_15.tesh'
[valgrind_15.tesh:6] ./tests/scripts/valgrindtest ./main ./tests/e1/input/nivel15.tokens
Test suite `valgrind_15.tesh': NOK (<valgrind_15.tesh:6> returned code 2)
Output of <valgrind_15.tesh:6> so far:
|| [31m[1mValgrind is probably not installed (checked with 'which valgrind')
|| (B[m
(ignoring the output of <valgrind_15.tesh:6> as requested)
<end of output>
Test time =   0.20 sec
----------------------------------------------------------
Test Failed.
"e1_valgrind_15" end time: Sep 08 13:59 EDT
"e1_valgrind_15" time elapsed: 00:00:00
----------------------------------------------------------

End testing: Sep 08 13:59 EDT
