Start testing: Sep 09 17:50 EDT
----------------------------------------------------------
1/407 Testing: e1_avaliacao_00
1/407 Test: e1_avaliacao_00
Command: "/usr/bin/perl" "-I" "./tests/scripts" "./tests/scripts/tesh" "/home/user/compiladores/pc/tests/e1/avaliacao_00.tesh"
Directory: /home/user/compiladores/pc/build
"e1_avaliacao_00" start time: Sep 09 17:50 EDT
Output:
----------------------------------------------------------
Unescaped left brace in regex is deprecated, passed through in regex; marked by <-- HERE in m/\${ <-- HERE (\w+)(?::[=-][^}]*)?}/ at ./tests/scripts/tesh line 345.
Test suite `/home/user/compiladores/pc/tests/e1/avaliacao_00.tesh'
[avaliacao_00.tesh:5] ./main ./tests/e1/input/nivel0.tokens
Output of <avaliacao_00.tesh:5> mismatch:
...
  37 TK_ESPECIAL [&]
  38 TK_ESPECIAL [$]
- 39 TK_LIT_INT [-2]
+ 39 TK_ESPECIAL [-]
+ 39 TK_LIT_INT [2]
  40 TK_LIT_FLOAT [31794.45]
  41 TK_LIT_CHAR ['&']
...
  42 TK_LIT_STRING ["oZ bool S9"]
  43 TK_IDENTIFICADOR [___bqmu7ftc1ICihA1pnIoWlvDHnaUnbS9LqgUPtmYLNKQ6O9fzKFyRj50N]
+ 45 TK_ESPECIAL [/]
+ 45 TK_ESPECIAL [*]
+ 45 TK_LIT_STRING ["{ output 6 = <=W if u7 do nN)T!=$||JN,a9vR)7 - vLL&k)aj float T<=Z{ bool &&"]
+ 46 TK_ESPECIAL [-]
+ 46 TK_LIT_INT [758939]
+ 47 TK_ESPECIAL [-]
+ 47 TK_LIT_FLOAT [31943.6165480]
+ 48 TK_ESPECIAL [/]
+ 48 TK_ESPECIAL [/]
+ 48 TK_LIT_STRING ["RND"]
+ 49 TK_LIT_CHAR ['_']
+ 50 TK_ESPECIAL [*]
+ 50 TK_ESPECIAL [/]
  51 TK_ESPECIAL [[]
  51 TK_IDENTIFICADOR [brasil]
...
Test suite `avaliacao_00.tesh': NOK (<avaliacao_00.tesh:5> output mismatch)
<end of output>
Test time =   0.32 sec
----------------------------------------------------------
Test Failed.
"e1_avaliacao_00" end time: Sep 09 17:50 EDT
"e1_avaliacao_00" time elapsed: 00:00:00
----------------------------------------------------------

2/407 Testing: e1_avaliacao_01
2/407 Test: e1_avaliacao_01
Command: "/usr/bin/perl" "-I" "./tests/scripts" "./tests/scripts/tesh" "/home/user/compiladores/pc/tests/e1/avaliacao_01.tesh"
Directory: /home/user/compiladores/pc/build
"e1_avaliacao_01" start time: Sep 09 17:50 EDT
Output:
----------------------------------------------------------
Unescaped left brace in regex is deprecated, passed through in regex; marked by <-- HERE in m/\${ <-- HERE (\w+)(?::[=-][^}]*)?}/ at ./tests/scripts/tesh line 345.
Test suite `/home/user/compiladores/pc/tests/e1/avaliacao_01.tesh'
[avaliacao_01.tesh:5] ./main ./tests/e1/input/nivel1.tokens
Test suite `avaliacao_01.tesh' OK
<end of output>
Test time =   0.49 sec
----------------------------------------------------------
Test Passed.
"e1_avaliacao_01" end time: Sep 09 17:50 EDT
"e1_avaliacao_01" time elapsed: 00:00:00
----------------------------------------------------------

3/407 Testing: e1_avaliacao_02
3/407 Test: e1_avaliacao_02
Command: "/usr/bin/perl" "-I" "./tests/scripts" "./tests/scripts/tesh" "/home/user/compiladores/pc/tests/e1/avaliacao_02.tesh"
Directory: /home/user/compiladores/pc/build
"e1_avaliacao_02" start time: Sep 09 17:50 EDT
Output:
----------------------------------------------------------
Unescaped left brace in regex is deprecated, passed through in regex; marked by <-- HERE in m/\${ <-- HERE (\w+)(?::[=-][^}]*)?}/ at ./tests/scripts/tesh line 345.
Test suite `/home/user/compiladores/pc/tests/e1/avaliacao_02.tesh'
[avaliacao_02.tesh:5] ./main ./tests/e1/input/nivel2.tokens
Output of <avaliacao_02.tesh:5> mismatch:
...
  150 TK_LIT_STRING [" * _4ZHV9ree==KqqBS<=zpMe7U"]
  150 TK_PR_INPUT [input]
+ 150 TK_ESPECIAL [/]
+ 150 TK_ESPECIAL [*]
+ 150 TK_IDENTIFICADOR [comentario]
+ 151 TK_LIT_INT [648376]
+ 151 TK_LIT_FLOAT [17805567.9664]
+ 151 TK_ESPECIAL [-]
+ 151 TK_LIT_FLOAT [94083.18]
+ 151 TK_LIT_FLOAT [0448.6537990]
+ 151 TK_ESPECIAL [-]
+ 151 TK_LIT_FLOAT [9868693181.233018]
+ 151 TK_ESPECIAL [-]
+ 152 TK_LIT_INT [7409399840]
+ 152 TK_LIT_CHAR ['a']
+ 153 TK_IDENTIFICADOR [__YRbEkOqUczvciWwHGptHQABLmvlBHfhW8SBkX81Cg5ajEQXb90V1mmKX_fjo2H2CdkWiCua4hoBMzAfIRdXWOv5gcI]
+ 153 TK_LIT_INT [05214601]
+ 153 TK_LIT_FLOAT [1992.6170468]
+ 153 TK_PR_IF [if]
+ 153 TK_ESPECIAL [;]
+ 154 TK_LIT_STRING [" - F int cx_ / 4F = P< then A{UMl then iO! string  int _>"]
+ 154 TK_ESPECIAL [[]
+ 154 TK_PR_INPUT [input]
+ 154 TK_ESPECIAL []]
+ 154 TK_LIT_CHAR ['e']
+ 155 TK_LIT_STRING [" while J> - v,[ND[ / sW char sAN&b - bf7A input OFsn( while f)"]
+ 155 TK_PR_STRING [string]
+ 155 TK_ESPECIAL [;]
+ 156 TK_LIT_STRING ["uV||>=upVNz$ input m return Y8 =  return weVd9{_GwSFqBK /  - O"]
+ 156 TK_ESPECIAL [-]
+ 156 TK_LIT_INT [036982679]
+ 156 TK_LIT_CHAR ['m']
+ 156 TK_ESPECIAL [-]
+ 156 TK_LIT_INT [02]
+ 156 TK_ESPECIAL [;]
+ 156 TK_ESPECIAL [-]
+ 156 TK_LIT_FLOAT [75603.9]
+ 156 TK_ESPECIAL [,]
+ 156 TK_PR_BOOL [bool]
+ 156 TK_ESPECIAL [)]
+ 156 TK_LIT_FLOAT [8999495.11306]
+ 157 TK_ESPECIAL [{]
+ 157 TK_LIT_FLOAT [824612.184511872]
+ 157 TK_ESPECIAL [{]
+ 157 TK_ESPECIAL [>]
+ 157 TK_ESPECIAL [-]
+ 157 TK_ESPECIAL [-]
+ 157 TK_LIT_INT [7]
+ 157 TK_ESPECIAL [-]
+ 157 TK_LIT_INT [02030321]
+ 158 TK_LIT_STRING ["KtTP+ $[&naa float !=4u&&fpI;,fzVBf! string n< * 1E&&w&&{pbM>=El[FHT"]
+ 158 TK_LIT_CHAR [']']
+ 158 TK_LIT_STRING [" return Y output zp)DX / b"]
+ 158 TK_LIT_CHAR ['e']
+ 158 TK_ESPECIAL [}]
+ 159 TK_IDENTIFICADOR [_1iCSREiCIVOHwhz32aYJlwzlUlvKuaNDG9qNJ1_iCucleT4xt9JJSUcerGPPoX0vcQd9iaAM32dTF_gwVrQVSLL23D_6u8w]
+ 159 TK_LIT_STRING ["&&WhM5!& output a!,{TcIQ}&56Cn float FSA8 float ,;OvGwCS;h<=+ PVq&&"]
+ 160 TK_ESPECIAL [<]
+ 160 TK_ESPECIAL [<]
+ 160 TK_ESPECIAL [>]
+ 161 TK_IDENTIFICADOR [_____xuOmp2_vhmPyjSx8T58wb3AqGzBU8UPDyxHPPymfHREGv3khrgjmUh7Wg8gdbXt2rd73mHOUdW_HSF]
+ 162 TK_LIT_STRING ["$;MKc)Sney8c;X+ 5 then  output  *  string ==! float }Igegs1 = 2P;9jwH char J7;;"]
+ 162 TK_LIT_FLOAT [04455304.25707333]
+ 162 TK_LIT_INT [16943983]
+ 163 TK_IDENTIFICADOR [_____eP8uY52s_tfoExrE_BKxY1WTR0FkYSoziZ8KdWMLj5GEp6JxsytALHbjA8RVl8_KCWJRuzomlXCHhbpem9WlbVAbCHVK90]
+ 163 TK_ESPECIAL [{]
+ 163 TK_ESPECIAL [(]
+ 163 TK_LIT_STRING ["{7L0 output _kb * F"]
+ 163 TK_LIT_CHAR ['a']
+ 163 TK_PR_INPUT [input]
+ 163 TK_PR_FLOAT [float]
+ 164 TK_IDENTIFICADOR [___QpYpIQ8ElqC1d0xqMKlNrnZEuZyKz4rfqUyEASGPpFCmOyuhF6KTH9uYs_MV83FhrqyB_Kylk4U]
+ 164 TK_IDENTIFICADOR [____RDyuGVvQgCQ9HFfcyLLdubOPHtKb45c0NHyGlXmR6KZYhOEuWXm2g5fkz1XSrMiGIM1]
+ 165 TK_PR_THEN [then]
+ 165 TK_LIT_FLOAT [282.64271]
+ 165 TK_LIT_STRING ["<=DWU!=Z return m$"]
+ 165 TK_LIT_CHAR [')']
+ 165 TK_ESPECIAL [!]
+ 165 TK_ESPECIAL [-]
+ 165 TK_LIT_FLOAT [89587340.429231]
+ 165 TK_ESPECIAL [[]
+ 166 TK_ESPECIAL [-]
+ 166 TK_LIT_FLOAT [42729.37024056]
+ 166 TK_ESPECIAL [>]
+ 166 TK_ESPECIAL [-]
+ 166 TK_LIT_FLOAT [16891823.88671]
+ 166 TK_LIT_FLOAT [682294760.45960]
+ 166 TK_PR_WHILE [while]
+ 166 TK_IDENTIFICADOR [__bool]
+ 167 TK_LIT_STRING [" * _4ZHV9ree==KqqBS<=zpMe7U"]
+ 167 TK_IDENTIFICADOR [____input]
+ 167 TK_LIT_FLOAT [8590.164]
+ 167 TK_ESPECIAL [-]
+ 167 TK_LIT_INT [904015]
+ 167 TK_PR_ELSE [else]
+ 167 TK_ESPECIAL [}]
+ 167 TK_PR_FLOAT [float]
+ 168 TK_LIT_FLOAT [690061.31161]
+ 168 TK_LIT_STRING ["G<=DO = }]==, * M+  -  int (Hg$7 char t<a||"]
+ 168 TK_PR_WHILE [while]
+ 169 TK_LIT_STRING [",y{:5F int GC = 7eC int Ja}4lJbaA"]
+ 169 TK_ESPECIAL [)]
+ 169 TK_PR_WHILE [while]
+ 169 TK_ESPECIAL [-]
+ 169 TK_LIT_FLOAT [0160024.502173742]
+ 169 TK_ESPECIAL [{]
+ 169 TK_PR_RETURN [return]
+ 169 TK_LIT_CHAR [']']
+ 169 TK_IDENTIFICADOR [__w]
+ 169 TK_ESPECIAL [+]
+ 169 TK_LIT_CHAR ['L']
+ 170 TK_LIT_INT [4084242]
+ 170 TK_PR_INT [int]
+ 170 TK_LIT_INT [6951529574]
+ 170 TK_ESPECIAL [-]
+ 170 TK_LIT_FLOAT [3.4]
+ 170 TK_LIT_STRING [" else Y1V return e40{<=7"]
+ 171 TK_ESPECIAL [-]
+ 171 TK_LIT_INT [9349895]
+ 171 TK_LIT_INT [01749462]
+ 171 TK_LIT_INT [4695535553]
+ 171 TK_LIT_CHAR ['6']
+ 171 TK_LIT_INT [60688]
+ 171 TK_ESPECIAL [>]
+ 171 TK_LIT_FLOAT [094557462.0654793]
+ 171 TK_LIT_CHAR ['[']
+ 172 TK_PR_OUTPUT [output]
+ 172 TK_LIT_FLOAT [508384.927944990]
+ 172 TK_LIT_CHAR ['{']
+ 172 TK_ESPECIAL [}]
+ 172 TK_LIT_FLOAT [7403.6920105]
+ 172 TK_ESPECIAL [!]
+ 173 TK_LIT_STRING ["&& output 6]Hygt -  return l6>"]
+ 173 TK_LIT_STRING ["R>R4Y:oev(KL6$INh!U string }{yc"]
+ 173 TK_ESPECIAL [;]
+ 173 TK_LIT_CHAR ['E']
+ 173 TK_ESPECIAL [=]
+ 173 TK_PR_CHAR [char]
+ 173 TK_PR_IF [if]
+ 173 TK_IDENTIFICADOR [_]
+ 173 TK_LIT_CHAR ['*']
+ 174 TK_IDENTIFICADOR [_____hP3ng2AGOz_0QnpiEtZ_gETcj_4slqFkp]
+ 174 TK_PR_STRING [string]
+ 174 TK_ESPECIAL [-]
+ 174 TK_LIT_FLOAT [660.737]
+ 174 TK_LIT_INT [094]
+ 175 TK_LIT_STRING ["j int 02AeI!>ag while !V==w do ==>|| if E if 5iD char  string c&l /  input 0geoiM$:]0G"]
+ 175 TK_LIT_STRING ["r>=&&t input [fLLt2H return UJy8];W{kDJW while  input WuQirja8gz"]
+ 175 TK_ESPECIAL [+]
+ 176 TK_PR_THEN [then]
+ 176 TK_PR_FLOAT [float]
+ 176 TK_LIT_STRING [") bool Tzz$xbY}9!=Pv do ||yr float  bool w3,"]
+ 177 TK_PR_CHAR [char]
+ 177 TK_ESPECIAL [/]
+ 177 TK_ESPECIAL [,]
+ 178 TK_LIT_STRING [" int >,fZ}zjSuCl bool U<={LYKOInVAM0AE}Kjy if baX int 6M"]
+ 179 TK_LIT_STRING ["Wi>XH - >=p&f9 then &$s string QJt<=;Jr]Wa]p while 2r5aKh}Fks / r9k float VS2 output "]
+ 179 TK_IDENTIFICADOR [_0bKL9ZNqwSnbAOiCw3eUn7YuPGsJSHLy16LD8FRlwpiZIWgOs]
+ 179 TK_PR_FLOAT [float]
+ 180 TK_LIT_STRING ["PCf string 8<=KG1i"]
+ 180 TK_LIT_INT [753]
+ 180 TK_ESPECIAL [!]
+ 180 TK_ESPECIAL [{]
+ 180 TK_LIT_STRING ["5 if 9 while ) then MD>="]
+ 180 TK_IDENTIFICADOR [___float]
+ 181 TK_IDENTIFICADOR [_oz1hmLozqlaszpCZdEGpp0XgR24hAxdtwV8j6fcu]
+ 181 TK_PR_OUTPUT [output]
+ 181 TK_LIT_INT [6463130]
+ 181 TK_LIT_FLOAT [1501.71772]
+ 181 TK_ESPECIAL [$]
+ 181 TK_LIT_CHAR ['!']
+ 182 TK_LIT_STRING ["0oI6DA0YN *  input  float N$qAB9x string j}"]
+ 182 TK_LIT_CHAR [':']
+ 182 TK_ESPECIAL [&]
+ 182 TK_LIT_FLOAT [9425.49]
+ 183 TK_LIT_STRING ["DzNSVB:5l /  return m74 do 2; input "]
+ 184 TK_IDENTIFICADOR [___lMwcmfOI4SfFnFpskCWxVjOuF2vQt7At7PRfow9lZ2FdliLNNhkKzh8wquJTBGLihUkYL8xD8JNM2i77nO2MyWt7]
+ 184 TK_ESPECIAL [;]
+ 184 TK_IDENTIFICADOR [___W6DxbzVnTv7efRaZQz4WE7LWt]
+ 184 TK_LIT_FLOAT [341.83943809]
+ 184 TK_ESPECIAL [[]
+ 185 TK_ESPECIAL [-]
+ 185 TK_LIT_FLOAT [42599.12063925]
+ 185 TK_LIT_STRING ["B - M5"]
+ 185 TK_LIT_CHAR ['}']
+ 185 TK_LIT_CHAR ['/']
+ 185 TK_ESPECIAL [(]
+ 185 TK_LIT_INT [71705351]
+ 185 TK_ESPECIAL [+]
+ 186 TK_ESPECIAL [-]
+ 186 TK_LIT_FLOAT [1213360833.3]
+ 186 TK_ESPECIAL [<]
+ 186 TK_LIT_CHAR ['/']
+ 186 TK_LIT_STRING [">=vMa else M]Js2CFufaXXjZfz7}1n / !_ = SWC86"]
+ 186 TK_PR_ELSE [else]
+ 186 TK_ESPECIAL [{]
+ 187 TK_IDENTIFICADOR [____ExrbwUNbzOsh]
+ 187 TK_IDENTIFICADOR [___Iwe4nwefp4FNkJnCsXqudwX50iGEHcKxI]
+ 187 TK_ESPECIAL [-]
+ 187 TK_LIT_FLOAT [4048.6580826]
+ 187 TK_LIT_CHAR ['Q']
+ 187 TK_PR_INPUT [input]
+ 188 TK_LIT_STRING ["mqGmht&&V>=c1XnB4 / vwN / :X char : if 2 * lsTJee||==koHz = V<"]
+ 189 TK_IDENTIFICADOR [__8xA5AgexkesAicr8cyNnYiIhBf0bKMLMUirJL1VmeymHvsnMCX3HpvwnVVSWwZLSV88DJlgJJ_YGatw]
+ 189 TK_ESPECIAL [[]
+ 189 TK_LIT_CHAR ['-']
+ 189 TK_ESPECIAL [,]
+ 189 TK_PR_DO [do]
+ 189 TK_ESPECIAL [-]
+ 189 TK_LIT_FLOAT [47951.2842840792]
+ 189 TK_LIT_CHAR ['$']
+ 189 TK_LIT_CHAR ['i']
+ 189 TK_ESPECIAL [>]
+ 190 TK_LIT_INT [6312]
+ 190 TK_ESPECIAL []]
+ 190 TK_LIT_FLOAT [1406175210.252028]
+ 190 TK_LIT_CHAR ['c']
+ 190 TK_ESPECIAL [-]
+ 190 TK_LIT_INT [3792060249]
+ 190 TK_ESPECIAL [=]
+ 190 TK_LIT_CHAR ['6']
+ 190 TK_LIT_STRING [" while f"]
+ 191 TK_IDENTIFICADOR [_____4j3f9pXIeaTXul2I5AkYIArBhFcy6csQsPApgVpWD9O80J]
+ 191 TK_IDENTIFICADOR [_wyXBWiOGzd]
+ 191 TK_ESPECIAL [/]
+ 191 TK_ESPECIAL [$]
+ 191 TK_ESPECIAL [{]
+ 192 TK_IDENTIFICADOR [_KCjhA3oMGtNZkXM56BhMoeCjwCk0i44F_4_vVoQwlL_xUoW_wC9tl6316h170JVL4Qa8dL]
+ 192 TK_LIT_CHAR ['y']
+ 192 TK_ESPECIAL [/]
+ 192 TK_PR_STRING [string]
+ 192 TK_ESPECIAL [-]
+ 192 TK_LIT_INT [8129]
+ 192 TK_ESPECIAL [&]
+ 192 TK_ESPECIAL [-]
+ 192 TK_LIT_FLOAT [7710198996.246420]
+ 193 TK_ESPECIAL [-]
+ 193 TK_LIT_FLOAT [556000385.961]
+ 193 TK_ESPECIAL [&]
+ 193 TK_LIT_STRING [""]
+ 193 TK_PR_RETURN [return]
+ 194 TK_IDENTIFICADOR [_____KbaKOf6PrLGDKgabfMkqUGgxgDszHtppwHu8iVRDvWtLCEfiHpuE0eq7n_zpxGwQJgTbgZl]
+ 194 TK_ESPECIAL [-]
+ 194 TK_LIT_INT [27]
+ 194 TK_LIT_STRING ["As2E float X$_jb input ==Z if  then Udr = ,Xv0M&&"]
+ 195 TK_LIT_STRING ["4( input 1L==H43 while PbS5x4 else 1$ULr int p return K = &<73TF4c float  /  = XYd string d"]
+ 196 TK_IDENTIFICADOR [__X3vq65bw_ZYYV0NV7Vq6H5WqK02l09N0igqbEC7l4Llfu1bQf22TnbSdzN65IIW3f1v09X4GLu0s6RO5d_aE]
+ 196 TK_ESPECIAL [-]
+ 196 TK_PR_FLOAT [float]
+ 196 TK_IDENTIFICADOR [___input]
+ 197 TK_LIT_STRING ["Scp+ gF||p& do C>k -  float ==2I_4||Si!=3 else f char b__&R"]
+ 197 TK_ESPECIAL [-]
+ 197 TK_LIT_INT [80]
+ 197 TK_LIT_CHAR ['o']
+ 197 TK_PR_DO [do]
+ 197 TK_ESPECIAL [{]
+ 197 TK_ESPECIAL [&]
+ 197 TK_PR_BOOL [bool]
+ 198 TK_IDENTIFICADOR [____9Y6Rpifb6tC6O_KZRzTiP1Vzft1f0_KBAv0vzTb83IuijY8DTMfdFN48ymaJ5myiBfHGSCYJknAztEWNCDYTtmDAh]
+ 198 TK_ESPECIAL [-]
+ 198 TK_LIT_INT [703]
+ 198 TK_LIT_FLOAT [11040303.28585602]
+ 198 TK_IDENTIFICADOR [__WudhnHNjx0FNmDimiZKsIFRph1W]
+ 199 TK_IDENTIFICADOR [___Jv2tI3M47_PseLHsB5L6OMHxH90XphxPouvEwvey9d2OIN1SQ6AVGsRynr7UrOUcoZc28WNo]
+ 199 TK_IDENTIFICADOR [_CoDI614Y]
+ 199 TK_LIT_STRING ["lS<=>=9 do G5||pmSQ char + t int "]
+ 200 TK_IDENTIFICADOR [_____float]
+ 200 TK_ESPECIAL [-]
+ 200 TK_LIT_FLOAT [7435873.076]
+ 200 TK_ESPECIAL [-]
+ 200 TK_IDENTIFICADOR [___RnImIuk7yAG_RlJVukq1XoUFjTU3JNcJbZapCov90bH5Tv]
+ 200 TK_ESPECIAL [=]
+ 201 TK_IDENTIFICADOR [__ritdy2vCQ7wuMmF5PfJ4szGsOfNcuo]
+ 201 TK_ESPECIAL [-]
+ 201 TK_LIT_FLOAT [96.6994641]
+ 201 TK_ESPECIAL [(]
+ 201 TK_LIT_CHAR [',']
+ 201 TK_ESPECIAL []]
+ 202 TK_LIT_STRING ["e[ - IS return  output )w(695}fm>=tM[ char t) bool o$ while X - iw"]
+ 202 TK_ESPECIAL [$]
+ 202 TK_PR_INT [int]
+ 202 TK_ESPECIAL [*]
+ 203 TK_LIT_STRING ["t(&Q$y8R float ME>= string 1)!6efkN char jV)kez$1Vc"]
+ 203 TK_ESPECIAL [[]
+ 204 TK_IDENTIFICADOR [__Pv097cBbh28tS0aWndQ7xbjxCwsUaeWKsKwfZLVCP5rcow475MpGbJkg1nlO5DPsJmGvXpZfKJqijbC1cyfl7]
+ 204 TK_ESPECIAL [-]
+ 204 TK_LIT_FLOAT [6607.93589]
+ 204 TK_ESPECIAL [-]
+ 204 TK_LIT_FLOAT [550.935]
+ 204 TK_LIT_CHAR ['S']
+ 204 TK_ESPECIAL [=]
+ 204 TK_ESPECIAL [{]
+ 204 TK_LIT_CHAR [';']
+ 204 TK_LIT_STRING ["j4"]
+ 204 TK_LIT_INT [607]
+ 205 TK_LIT_STRING ["dy[7"]
+ 205 TK_LIT_CHAR [':']
+ 205 TK_LIT_CHAR ['S']
+ 206 TK_IDENTIFICADOR [_____zU1jOF5ebEKPNbozhZFpuirCNOqsvNQcUavsBbJGZS_M4ZlktYj_KrvwouDdLSqMV81nhkwKGplH0O8]
+ 206 TK_ESPECIAL [>]
+ 206 TK_LIT_CHAR ['U']
+ 206 TK_LIT_CHAR ['s']
+ 206 TK_LIT_CHAR ['/']
+ 207 TK_LIT_STRING ["0 input K$aL{Up if <=8{bx float A)<= then he==KXRZ else J"]
+ 207 TK_LIT_FLOAT [869827620.433806]
+ 207 TK_ESPECIAL [-]
+ 207 TK_LIT_INT [900583831]
+ 207 TK_ESPECIAL [-]
+ 207 TK_LIT_FLOAT [1.696]
+ 207 TK_ESPECIAL [)]
+ 207 TK_PR_INPUT [input]
+ 207 TK_ESPECIAL []]
+ 207 TK_ESPECIAL [-]
+ 207 TK_LIT_INT [39]
+ 208 TK_LIT_CHAR ['V']
+ 208 TK_ESPECIAL [(]
+ 208 TK_PR_RETURN [return]
+ 208 TK_LIT_INT [607943]
+ 208 TK_LIT_FLOAT [7190636063.992103]
+ 208 TK_LIT_CHAR ['}']
+ 208 TK_ESPECIAL [-]
+ 208 TK_LIT_INT [6]
+ 208 TK_PR_WHILE [while]
+ 209 TK_LIT_CHAR ['g']
+ 209 TK_LIT_STRING ["l3Ax = k>= * != then P=="]
+ 209 TK_ESPECIAL [:]
+ 209 TK_LIT_INT [1301992]
+ 209 TK_ESPECIAL [:]
+ 210 TK_IDENTIFICADOR [__B0CSDvlFtDDwpyy6zE0f83JOqzMQvwvNI2JDPU23MRC660RpN6Rc5HksQ3t]
+ 210 TK_ESPECIAL [*]
+ 210 TK_IDENTIFICADOR [_8lqBJoNc0sRou6eK4oylMcScG6N1Koxa57WUm8l3vJtRZV2oYsHrfU9Z3GtCv]
+ 211 TK_LIT_INT [555758822]
+ 211 TK_ESPECIAL [-]
+ 211 TK_LIT_INT [1946953521]
+ 211 TK_LIT_INT [939755]
+ 211 TK_LIT_INT [93829]
+ 211 TK_ESPECIAL [,]
+ 211 TK_ESPECIAL [-]
+ 211 TK_LIT_FLOAT [0100520915.00942]
+ 211 TK_ESPECIAL [:]
+ 212 TK_ESPECIAL [-]
+ 212 TK_LIT_INT [962401695]
+ 212 TK_PR_BOOL [bool]
+ 212 TK_LIT_STRING ["0MCpZ:v output Y"]
+ 213 TK_IDENTIFICADOR [____gDoTnZr3mRLR8mD27OwWYEmLIk0iACq611ITRhnVVUdI]
+ 213 TK_ESPECIAL [-]
+ 213 TK_LIT_INT [007]
+ 213 TK_ESPECIAL [>]
+ 213 TK_ESPECIAL [*]
+ 213 TK_LIT_STRING ["v5 - }T;)(ujVo7m2hU1==9 / zhPQ35"]
+ 214 TK_IDENTIFICADOR [___3AOOLbFL4CrZOnuq4GMOL7jh15WGfOzbynQFH_TWeTQX8qUP0h6WSgWsIgATtMQ0KU6eln9hz1qG2lE]
+ 214 TK_LIT_STRING [", = h - "]
+ 214 TK_ESPECIAL [-]
+ 214 TK_LIT_INT [8336]
+ 214 TK_PR_CHAR [char]
+ 214 TK_ESPECIAL [)]
+ 214 TK_PR_BOOL [bool]
+ 215 TK_IDENTIFICADOR [_bool]
+ 216 TK_IDENTIFICADOR [___scuz9eXbZaOiNc4tEKVaErOA1dbF1kNftSJjS3253d8cRsY5PriKCTgNtM1JTW4sW3UmJGQQ7ERML4xj]
+ 216 TK_PR_INPUT [input]
+ 216 TK_ESPECIAL [{]
+ 216 TK_LIT_STRING ["E4ftmT] output  / W while z then AvbQIlTh>=<=&"]
+ 217 TK_IDENTIFICADOR [____string]
+ 217 TK_PR_WHILE [while]
+ 217 TK_LIT_INT [5158892]
+ 217 TK_ESPECIAL [,]
+ 217 TK_LIT_FLOAT [7417460.9769]
+ 217 TK_LIT_CHAR ['o']
+ 218 TK_LIT_STRING ["J while ==T2dcO / boiPl67"]
+ 218 TK_ESPECIAL [{]
+ 219 TK_IDENTIFICADOR [___KUabHehhUf8YT1AjWqQafDBo0eGABbLVKdARq7jIH7TFXHxSvA78Rjy1wGscRbUuuu0PiQ6UFC2Xp8QhDJVjv5ZJ3f7]
+ 219 TK_IDENTIFICADOR [_do]
+ 219 TK_ESPECIAL [!]
+ 219 TK_ESPECIAL [-]
+ 219 TK_LIT_INT [29969096]
+ 220 TK_LIT_STRING ["gtI)Hk bool p1NZ - 5b2hoH> input m!=(l0r output uV5Io,hs<=EPo"]
+ 221 TK_IDENTIFICADOR [____bJgnmGs2HN5kcuuQvZPZKIynKji9N25yvTTLV4Ib2u09XS0oo47uicxlI4CRXQMm7F22NHaxb5o]
+ 221 TK_LIT_STRING ["&& do &z||F} while "]
+ 221 TK_ESPECIAL [}]
+ 221 TK_ESPECIAL [-]
+ 221 TK_LIT_FLOAT [33065642.302386233]
+ 221 TK_ESPECIAL []]
+ 221 TK_ESPECIAL [;]
+ 221 TK_LIT_CHAR ['=']
+ 222 TK_ESPECIAL [-]
+ 222 TK_LIT_INT [293193100]
+ 222 TK_LIT_STRING ["KT if Z do 0< - N; float Ga{w& while M"]
+ 222 TK_PR_STRING [string]
+ 222 TK_ESPECIAL [-]
+ 222 TK_LIT_INT [80]
+ 222 TK_ESPECIAL [=]
+ 223 TK_ESPECIAL [-]
+ 223 TK_LIT_FLOAT [4872072.15352764]
+ 223 TK_LIT_CHAR ['+']
+ 223 TK_ESPECIAL [-]
+ 223 TK_LIT_INT [64]
+ 223 TK_PR_OUTPUT [output]
+ 223 TK_PR_INPUT [input]
+ 223 TK_LIT_CHAR ['m']
+ 224 TK_PR_CHAR [char]
+ 224 TK_ESPECIAL [-]
+ 224 TK_LIT_FLOAT [59763791.36227575]
+ 224 TK_ESPECIAL [[]
+ 225 TK_IDENTIFICADOR [_____9PacVxXF_kpXDh3Ngqp7OdLcRTUA0QQSRkcVyY4kWBx3nsSG]
+ 225 TK_LIT_STRING ["7SD"]
+ 225 TK_LIT_CHAR ['n']
+ 225 TK_ESPECIAL [,]
+ 225 TK_LIT_FLOAT [2409.93986]
+ 225 TK_LIT_CHAR ['-']
+ 225 TK_PR_FLOAT [float]
+ 225 TK_LIT_CHAR ['i']
+ 225 TK_LIT_FLOAT [163846.63]
+ 225 TK_LIT_INT [20]
+ 226 TK_LIT_CHAR ['}']
+ 226 TK_IDENTIFICADOR [_Vbw_L_a4MH6DF8jbCXuS607BnG2n0DGOOt3Odyf]
+ 226 TK_LIT_STRING ["&5Q&"]
+ 226 TK_IDENTIFICADOR [____char]
+ 227 TK_LIT_FLOAT [339.95214]
+ 227 TK_LIT_CHAR ['k']
+ 227 TK_ESPECIAL [}]
+ 227 TK_LIT_INT [32300]
+ 228 TK_IDENTIFICADOR [_dTNo6M059i0RO9JEk1b1ETOqLF3CZfPRxp_F5ohzcDwzj1VtmN2vGEZMZ3S8]
+ 228 TK_LIT_CHAR ['+']
+ 228 TK_PR_THEN [then]
+ 228 TK_LIT_FLOAT [673602349.708132]
+ 228 TK_LIT_CHAR ['$']
+ 228 TK_PR_IF [if]
+ 229 TK_LIT_STRING ["80[v float Zn32;cUqv input x( output H char  bool I==(q(k>jOEag3Q<9:3{[XcQj"]
+ 229 TK_LIT_STRING ["<RR5q+ ] do U+  = [p then NG bool "]
+ 229 TK_LIT_CHAR ['}']
+ 229 TK_ESPECIAL [=]
+ 230 TK_LIT_STRING ["23Mt input ;, then d4v"]
+ 230 TK_ESPECIAL [/]
+ 230 TK_LIT_STRING [">=VJ<AnIUV||99c"]
+ 230 TK_ESPECIAL []]
+ 230 TK_IDENTIFICADOR [_____then]
+ 230 TK_IDENTIFICADOR [_char]
+ 230 TK_LIT_FLOAT [339911.5216555]
+ 231 TK_LIT_INT [1714]
+ 231 TK_ESPECIAL [/]
+ 231 TK_LIT_STRING ["D bool XvJ8 while  else [ else  * "]
+ 231 TK_LIT_INT [941831591]
+ 232 TK_IDENTIFICADOR [_qLzh8lGvQJvgrx_d86AtLaRX3UgUnWVt33CAjdnkkognjVYsnT3_HgOyqO4GOsJSbiXlW9h8YyJ0c7ZeNve]
+ 232 TK_ESPECIAL [-]
+ 232 TK_LIT_INT [4]
+ 232 TK_ESPECIAL [=]
+ 232 TK_ESPECIAL [/]
+ 232 TK_ESPECIAL [[]
+ 232 TK_ESPECIAL []]
+ 233 TK_IDENTIFICADOR [_YKOIOeIBGHC6uUPcgTNuja6tidVQ6nun3bR7bYwUEoNMEiBxPoFO_yGK5zA1EvTvXw4KLYjtpQBvhuXAx_IzU]
+ 233 TK_LIT_STRING ["p else "]
+ 233 TK_ESPECIAL [}]
+ 233 TK_ESPECIAL [/]
+ 234 TK_IDENTIFICADOR [____NDkG6RIVx5UbTfYfC6uzl3FvY6dlu86tjsJcKMUan3TfUCImGeZXx0Bslsf4f_s4DVWIiGtJvqLoRiD8JI4Dt]
+ 234 TK_IDENTIFICADOR [____gM9Dnh3ptlma2GFafH6qfCJjQ]
+ 234 TK_LIT_STRING ["Ywau)0 return D1F"]
+ 234 TK_ESPECIAL [(]
+ 235 TK_LIT_STRING ["H8q * >=aBuDu7Xim4S+ MaKc char j<=t[ output }I<e$[xMf if LS!= then "]
+ 235 TK_ESPECIAL [-]
+ 235 TK_LIT_FLOAT [4280253.335]
+ 235 TK_LIT_CHAR ['>']
+ 235 TK_IDENTIFICADOR [_output]
+ 235 TK_ESPECIAL [-]
+ 235 TK_LIT_INT [1]
+ 235 TK_LIT_FLOAT [8.72]
+ 235 TK_PR_IF [if]
+ 235 TK_IDENTIFICADOR [___1QG24XKHxwnMZ3qfTkn5rp]
+ 236 TK_PR_INPUT [input]
+ 236 TK_LIT_INT [04902797]
+ 236 TK_LIT_FLOAT [515.1]
+ 236 TK_LIT_CHAR ['s']
+ 236 TK_LIT_CHAR ['[']
+ 236 TK_ESPECIAL [-]
+ 236 TK_LIT_FLOAT [21399609.10]
+ 237 TK_LIT_STRING ["|| * XzZ&&Mi&&mvMis do w&&iS>={QtCl input FfY"]
+ 237 TK_LIT_CHAR ['d']
+ 237 TK_ESPECIAL [,]
+ 237 TK_PR_INT [int]
+ 237 TK_LIT_FLOAT [29535.5815958013]
+ 237 TK_IDENTIFICADOR [_____eWrzV2N0QtY]
+ 237 TK_ESPECIAL [!]
+ 237 TK_PR_CHAR [char]
+ 238 TK_LIT_STRING ["U - eK char f1XKpk>xE if cDGms{w_Wat / jgi{8,g)v else  char "]
+ 238 TK_LIT_FLOAT [435.2866018551]
+ 238 TK_LIT_CHAR ['K']
+ 239 TK_LIT_STRING [" * m if  then y} * Db9m+ V while i!X_)! bool "]
+ 239 TK_ESPECIAL [/]
+ 239 TK_LIT_INT [7165306]
+ 239 TK_ESPECIAL [:]
+ 240 TK_IDENTIFICADOR [__uzdFZXwV7hlENrIGqjrOkyovZSliiAa5bXpXyhiw8acrdoDf9KCSGHAhXqzKyu0j1o6FFouU8dyQlOm0OC7Uiqj05rwApZqp]
+ 240 TK_IDENTIFICADOR [_____do]
+ 240 TK_LIT_CHAR ['*']
+ 240 TK_LIT_FLOAT [839043596.833]
+ 240 TK_LIT_INT [102]
+ 240 TK_ESPECIAL [}]
+ 240 TK_ESPECIAL [/]
+ 240 TK_ESPECIAL [/]
+ 240 TK_ESPECIAL [-]
+ 240 TK_LIT_INT [97]
+ 240 TK_PR_DO [do]
+ 240 TK_ESPECIAL [=]
+ 241 TK_IDENTIFICADOR [__se]
+ 241 TK_ESPECIAL [-]
+ 241 TK_ESPECIAL [=]
+ 241 TK_LIT_CHAR ['g']
+ 241 TK_ESPECIAL [=]
+ 241 TK_LIT_CHAR ['P']
+ 241 TK_LIT_INT [13]
+ 241 TK_LIT_INT [041]
+ 241 TK_LIT_CHAR ['}']
+ 241 TK_ESPECIAL [*]
+ 241 TK_ESPECIAL [{]
+ 241 TK_ESPECIAL [-]
+ 242 TK_ESPECIAL [-]
+ 242 TK_LIT_INT [676]
+ 242 TK_ESPECIAL [$]
+ 242 TK_LIT_FLOAT [0105632.17140]
+ 242 TK_IDENTIFICADOR [__QcD0EmsekXi825FzvMNgeK2AeYpfN8C6K8LRRvPrus0D]
+ 243 TK_ESPECIAL [$]
+ 243 TK_LIT_CHAR ['7']
+ 243 TK_LIT_CHAR ['}']
+ 243 TK_ESPECIAL [-]
+ 243 TK_LIT_FLOAT [4.446802]
+ 243 TK_LIT_FLOAT [1.545763]
+ 244 TK_LIT_STRING [" else 81Dwd while F>=5vOM return y string  output zOw: = O{A int l$Ovq!6;==: else + "]
+ 244 TK_LIT_CHAR ['/']
+ 244 TK_LIT_STRING ["e:==I4}G<=Pd3<[&HW"]
+ 244 TK_LIT_INT [4973213490]
+ 244 TK_ESPECIAL [-]
+ 244 TK_LIT_FLOAT [81029.696169700]
+ 244 TK_IDENTIFICADOR [__]
+ 245 TK_IDENTIFICADOR [_6iqhFzu1_x_nngPiJig2ZrvajXtfoNjYO54PWn1yrEwsHLsVlnFDFtsan8RNHK8GMva_P9Z2JB4EQ9w5lku2eRAL9cUFeue]
+ 245 TK_ESPECIAL [[]
+ 245 TK_LIT_STRING ["NcE7Ck"]
+ 245 TK_LIT_CHAR [']']
+ 245 TK_ESPECIAL [-]
+ 245 TK_LIT_FLOAT [91113719.24115928]
+ 245 TK_LIT_FLOAT [724.9639098496]
+ 246 TK_PR_BOOL [bool]
+ 246 TK_LIT_STRING ["7uc if  then uHpf8 float iRCk"]
+ 246 TK_LIT_FLOAT [4.87572111]
+ 246 TK_ESPECIAL [}]
+ 246 TK_LIT_INT [460399]
+ 247 TK_LIT_STRING ["h int gZ:N<=ki860v+ _5sN&& if Rc<:{2>=R[f4]A9 output A6Y then Vcbk"]
+ 247 TK_ESPECIAL [*]
+ 247 TK_LIT_CHAR ['&']
+ 248 TK_IDENTIFICADOR [_____Sl2GbryhsakjK1tQHhIgZspVpen5OnMihIjVlducS3mWPIpNxU9dNpbGt9jIOpYyBcsrlK8dWeH_MH6t9VcYa6iSTF]
+ 248 TK_ESPECIAL [}]
+ 248 TK_ESPECIAL [>]
+ 248 TK_ESPECIAL [[]
+ 248 TK_ESPECIAL [-]
+ 248 TK_LIT_INT [64894]
+ 248 TK_LIT_FLOAT [61.4608]
+ 248 TK_ESPECIAL [-]
+ 248 TK_LIT_INT [8]
+ 248 TK_ESPECIAL [-]
+ 248 TK_LIT_FLOAT [6835868684.98119]
+ 248 TK_ESPECIAL [!]
+ 249 TK_LIT_STRING [" while B39[ - aciC if Mg"]
+ 249 TK_IDENTIFICADOR [____HTOO00thh32DH2abW5BYlJwdrNl1dYQnZEW3kZZOqPHra6hAYlen2M7tXBIm]
+ 250 TK_LIT_STRING ["MZ return <=M9||||0Q&e!=wGBeJm8 float 7 bool {b+ ||MD} char  if T}N&v"]
+ 250 TK_ESPECIAL []]
+ 250 TK_LIT_CHAR ['!']
+ 250 TK_ESPECIAL [{]
+ 250 TK_ESPECIAL [-]
+ 250 TK_LIT_INT [04]
+ 250 TK_ESPECIAL [-]
+ 250 TK_LIT_FLOAT [851332.0157472]
+ 250 TK_ESPECIAL []]
+ 250 TK_LIT_STRING ["oj * "]
+ 250 TK_ESPECIAL [(]
+ 250 TK_IDENTIFICADOR [__do]
+ 250 TK_LIT_INT [1]
+ 250 TK_LIT_CHAR ['[']
+ 250 TK_PR_DO [do]
+ 251 TK_LIT_STRING ["4t"]
+ 251 TK_ESPECIAL [-]
+ 251 TK_LIT_FLOAT [9207608783.5897040]
+ 251 TK_PR_CHAR [char]
+ 251 TK_LIT_CHAR ['n']
+ 251 TK_LIT_INT [7]
+ 252 TK_IDENTIFICADOR [_Z40kcaNosyMt6_6e00x7WCPB2Vp8PahMsiw]
+ 252 TK_LIT_STRING ["<"]
+ 252 TK_ESPECIAL [;]
+ 252 TK_ESPECIAL [+]
+ 252 TK_ESPECIAL [-]
+ 252 TK_LIT_INT [8809004]
+ 252 TK_ESPECIAL [-]
+ 252 TK_LIT_INT [36906]
+ 252 TK_ESPECIAL [+]
+ 252 TK_LIT_CHAR [';']
+ 252 TK_ESPECIAL [$]
+ 252 TK_ESPECIAL [+]
+ 252 TK_PR_DO [do]
+ 252 TK_LIT_CHAR ['=']
+ 252 TK_LIT_CHAR [']']
+ 254 TK_LIT_STRING [" int 7 bool  output MoiG4avV / Lma7[ -  do Lut0{H:U>E input c output V6 char A<ic return 2&& while "]
+ 254 TK_ESPECIAL [{]
+ 254 TK_LIT_STRING ["XNdF0Wp;$i_F[S;!=eWZ&&r =  char "]
+ 254 TK_LIT_STRING ["||h / J!= / 9ZJ{("]
+ 255 TK_PR_ELSE [else]
+ 255 TK_ESPECIAL [+]
+ 255 TK_LIT_FLOAT [34164155.139506775]
+ 255 TK_ESPECIAL [(]
+ 255 TK_ESPECIAL [}]
+ 255 TK_PR_FLOAT [float]
+ 255 TK_LIT_INT [0684413022]
+ 255 TK_ESPECIAL [-]
+ 255 TK_LIT_INT [86916159]
+ 256 TK_LIT_STRING ["m) float pXoQ{(pu * ;t]ri return Sg>"]
+ 256 TK_PR_OUTPUT [output]
+ 256 TK_IDENTIFICADOR [_____int]
+ 256 TK_LIT_CHAR ['J']
+ 257 TK_IDENTIFICADOR [___kDagXC6Js3DrErPV7UOobjZDGSji1Vvdc1RRS0UM66kPLYO1VEN4mg8i37EntvSyTIvuf3AJjXefujApVpue]
+ 257 TK_LIT_STRING [""]
+ 257 TK_LIT_STRING [""]
+ 257 TK_ESPECIAL [+]
+ 257 TK_PR_CHAR [char]
+ 257 TK_ESPECIAL [-]
+ 257 TK_LIT_FLOAT [201333.06]
+ 258 TK_LIT_STRING ["W}5zD>= /  if j|| int zCr7_J input C_>h+ !=fvoN"]
+ 258 TK_LIT_CHAR [',']
+ 258 TK_LIT_FLOAT [195.3]
+ 258 TK_LIT_FLOAT [57639.14]
+ 258 TK_LIT_STRING ["Eim7Xwc, if N> output 3s&&vTFb else "]
+ 258 TK_ESPECIAL [}]
+ 258 TK_PR_FLOAT [float]
+ 259 TK_ESPECIAL [-]
+ 259 TK_LIT_INT [74499494]
+ 259 TK_ESPECIAL [+]
+ 259 TK_LIT_CHAR ['T']
+ 259 TK_IDENTIFICADOR [____while]
+ 260 TK_LIT_STRING ["> - aqMra||wQf then  char x char q) - VE = >=p6 else &&"]
+ 260 TK_ESPECIAL []]
+ 260 TK_ESPECIAL [-]
+ 260 TK_LIT_FLOAT [3916977.345704524]
+ 260 TK_LIT_CHAR ['a']
+ 260 TK_PR_BOOL [bool]
+ 260 TK_PR_DO [do]
+ 260 TK_LIT_INT [303583]
+ 260 TK_ESPECIAL [:]
+ 261 TK_PR_DO [do]
+ 261 TK_IDENTIFICADOR [_____UTI6SpbILHKM0mNKKBpaFiehE4MfnWHexIC_8o9gwTNyCaDKI]
+ 261 TK_LIT_CHAR ['Y']
+ 261 TK_LIT_CHAR ['V']
+ 261 TK_ESPECIAL [&]
+ 262 TK_LIT_CHAR ['A']
+ 262 TK_ESPECIAL [=]
+ 262 TK_ESPECIAL [-]
+ 262 TK_LIT_INT [562556]
+ 262 TK_ESPECIAL [$]
+ 262 TK_LIT_INT [9978519]
+ 262 TK_LIT_INT [9340]
+ 262 TK_ESPECIAL [-]
+ 262 TK_LIT_FLOAT [4.5722095]
+ 262 TK_ESPECIAL [,]
+ 262 TK_LIT_CHAR ['+']
+ 263 TK_ESPECIAL [-]
+ 263 TK_LIT_INT [044060250]
+ 264 TK_LIT_STRING ["l_ char  do dj int t while {==, char  /  while  do ||,Fq,"]
+ 264 TK_ESPECIAL [&]
+ 265 TK_IDENTIFICADOR [__yXlEre77T6LOLns5hqJJyAWceh5Seq6CcJ53inrjOxCnfZsF3hWrzzSeHTOVKoPFrp3vpLnDTfrM8WTQCWhY]
+ 265 TK_ESPECIAL [&]
+ 265 TK_ESPECIAL [-]
+ 265 TK_LIT_INT [278]
+ 265 TK_IDENTIFICADOR [__input]
+ 265 TK_ESPECIAL [-]
+ 265 TK_LIT_INT [12764693]
+ 265 TK_ESPECIAL [[]
+ 265 TK_ESPECIAL [[]
+ 265 TK_ESPECIAL [)]
+ 265 TK_ESPECIAL [-]
+ 265 TK_LIT_FLOAT [9786038.00036]
+ 265 TK_LIT_INT [2083772]
+ 266 TK_IDENTIFICADOR [___5xlBw1UikBJRUL8fX6LTb97IDebpGgQ5TZEl8bVZr0Sw17IhsaXJJDhLbx]
+ 267 TK_LIT_FLOAT [2990945411.53250162]
+ 267 TK_ESPECIAL [)]
+ 267 TK_ESPECIAL [<]
+ 267 TK_LIT_CHAR ['&']
+ 267 TK_LIT_STRING ["==8 else Y[+ Xm$Cu2<$7U}z1DP do WuL int :g7G bool "]
+ 268 TK_LIT_STRING ["E<>=G string  -  while oR do  do ga>}R bool LCjuk_yPN"]
+ 268 TK_ESPECIAL [=]
+ 268 TK_PR_INT [int]
+ 268 TK_LIT_CHAR ['R']
+ 268 TK_LIT_INT [65173]
+ 268 TK_LIT_INT [19544]
+ 268 TK_ESPECIAL [[]
+ 268 TK_LIT_FLOAT [3196.491237980]
+ 268 TK_PR_OUTPUT [output]
+ 269 TK_LIT_STRING ["YV>(y int GB>GJ||:lY||A>mO =  * {r"]
+ 269 TK_ESPECIAL []]
+ 269 TK_ESPECIAL [/]
+ 269 TK_ESPECIAL [/]
+ 269 TK_LIT_CHAR [')']
+ 269 TK_ESPECIAL [:]
+ 269 TK_ESPECIAL [-]
+ 269 TK_LIT_INT [3]
+ 269 TK_ESPECIAL [>]
+ 270 TK_ESPECIAL []]
+ 270 TK_PR_DO [do]
+ 270 TK_ESPECIAL [!]
+ 270 TK_LIT_FLOAT [3080729364.0138893572]
+ 270 TK_LIT_FLOAT [397164189.93927]
+ 271 TK_LIT_STRING ["59FlGA if :vASH8 input h do fuOh return nBnG$ char &PZ string <=YJ1JUjCZ float e while 7SM:"]
+ 271 TK_LIT_CHAR [',']
+ 271 TK_ESPECIAL [-]
+ 271 TK_LIT_FLOAT [750217.3]
+ 271 TK_ESPECIAL [-]
+ 271 TK_LIT_FLOAT [1023931997.60]
+ 271 TK_LIT_CHAR ['=']
+ 271 TK_PR_WHILE [while]
+ 271 TK_PR_ELSE [else]
+ 272 TK_LIT_STRING ["kC;+ 1lFG] int H_p<brhZ"]
+ 272 TK_ESPECIAL [-]
+ 272 TK_LIT_FLOAT [5241496145.0]
+ 272 TK_PR_INT [int]
+ 272 TK_ESPECIAL [-]
+ 272 TK_LIT_INT [7321920343]
+ 272 TK_LIT_INT [62778654]
+ 272 TK_PR_INPUT [input]
+ 273 TK_IDENTIFICADOR [_dFyhtIKOtFwEpnT5kgHtqQnWumPHlJSCHeN_ZQempY5RnFAEDoB7ASmw0jGFqoMQHf6fMVdsI_EvAZdxNEgFkaHWUhAt]
+ 273 TK_ESPECIAL [-]
+ 273 TK_LIT_INT [0802367690]
+ 273 TK_ESPECIAL [*]
+ 273 TK_LIT_CHAR ['2']
+ 273 TK_LIT_CHAR [':']
+ 273 TK_ESPECIAL [=]
+ 273 TK_IDENTIFICADOR [_____L28YxIOXAg5oKjATc]
+ 273 TK_LIT_INT [680867]
+ 274 TK_PR_OUTPUT [output]
+ 274 TK_ESPECIAL [>]
+ 274 TK_PR_ELSE [else]
+ 275 TK_IDENTIFICADOR [____LikZrNCpE_ZQRI3gam0GfGs2YQcBNRfwLZFUHn_q3TpJo47yRHvULDqYYW_gUxxmjCQXLELWTqnI5fGOlC_nUpdf8Zye]
+ 275 TK_LIT_FLOAT [45184.0255627584]
+ 275 TK_ESPECIAL [<]
+ 275 TK_IDENTIFICADOR [_____ptSgt0bGwD2BRo9tnGuKmMn5FO]
+ 275 TK_ESPECIAL [*]
+ 275 TK_LIT_CHAR [',']
+ 276 TK_IDENTIFICADOR [_____rTfCyl0EEJ9fMxJvnnq0m2dssWN]
+ 276 TK_ESPECIAL [-]
+ 276 TK_LIT_FLOAT [090.0666721798]
+ 276 TK_IDENTIFICADOR [_then]
+ 276 TK_LIT_CHAR [',']
+ 276 TK_ESPECIAL [;]
+ 276 TK_IDENTIFICADOR [____then]
+ 276 TK_PR_RETURN [return]
+ 276 TK_PR_DO [do]
+ 277 TK_ESPECIAL [-]
+ 277 TK_IDENTIFICADOR [_____FuSp90tyUg57K0oA5AI_UVbIeIDg5ahPHnJ4PNXcn1rxNkcsLnvDmvaHF5Z5]
+ 278 TK_ESPECIAL [-]
+ 278 TK_LIT_INT [84074]
+ 278 TK_IDENTIFICADOR [__int]
+ 278 TK_ESPECIAL [}]
+ 278 TK_IDENTIFICADOR [_YaQPdKIxBKUZsH3pNA975]
+ 278 TK_LIT_CHAR ['$']
+ 279 TK_LIT_STRING ["S do d3O if 79B7Hlny||caW input _"]
+ 279 TK_IDENTIFICADOR [__A9y4d_DLCx3cTgtT0ycwt50CfSwJ7RLSOVf87E6k9cEz2Mtxw6iwVk_S]
+ 280 TK_LIT_STRING ["k<=>>s * HZU = LHeD)q&&Y9Y input  input ,c if HeYgFA<t>=uWc8V input q"]
+ 280 TK_ESPECIAL [-]
+ 280 TK_LIT_FLOAT [546688791.5931]
+ 280 TK_LIT_CHAR ['O']
+ 281 TK_LIT_STRING [" while Y>r! float xF{ *  * tm3||KRI output tJg while TtOsBVSkaW&& string Cm bool YlH["]
+ 281 TK_ESPECIAL [:]
+ 281 TK_PR_BOOL [bool]
+ 282 TK_IDENTIFICADOR [__ZPWdpgfHgXEBA9zG3uJYspxhzVq3_oX3r4KyzzpKHs5vWsmhuaT3D3mGRhdQ9hNAg5mlOw8JAKSwng]
+ 282 TK_IDENTIFICADOR [_bool]
+ 282 TK_ESPECIAL [-]
+ 282 TK_LIT_INT [63044851]
+ 282 TK_LIT_INT [64]
+ 282 TK_PR_FLOAT [float]
+ 283 TK_LIT_STRING ["&p}_[ float C(I(]))8 float o2L while  input At input ojTnu"]
+ 283 TK_LIT_FLOAT [223144.9]
+ 283 TK_LIT_CHAR ['(']
+ 283 TK_PR_RETURN [return]
+ 283 TK_PR_BOOL [bool]
+ 283 TK_PR_INPUT [input]
+ 283 TK_ESPECIAL [>]
+ 283 TK_ESPECIAL [=]
+ 283 TK_ESPECIAL [/]
+ 283 TK_PR_ELSE [else]
+ 284 TK_LIT_INT [34152254]
+ 284 TK_LIT_CHAR ['-']
+ 284 TK_ESPECIAL [$]
+ 284 TK_ESPECIAL [-]
+ 284 TK_LIT_INT [81026]
+ 284 TK_PR_INT [int]
+ 284 TK_PR_THEN [then]
+ 284 TK_ESPECIAL [$]
+ 284 TK_ESPECIAL [)]
+ 284 TK_PR_OUTPUT [output]
+ 284 TK_LIT_FLOAT [0970094.52845]
+ 284 TK_IDENTIFICADOR [__return]
+ 285 TK_LIT_FLOAT [65500453.849416]
+ 285 TK_IDENTIFICADOR [___bool]
+ 285 TK_ESPECIAL [-]
+ 286 TK_LIT_STRING [" string 8 * hG output nOL$ =  int DlDYbHK if Vb while  char ==>+ ]{Pg:n5v bool v return >=:+  = p1 return 9"]
+ 286 TK_PR_INT [int]
+ 286 TK_LIT_CHAR [']']
+ 286 TK_LIT_CHAR ['<']
+ 286 TK_ESPECIAL [-]
+ 286 TK_IDENTIFICADOR [__5WH9KHZyMHNk2NV]
+ 286 TK_ESPECIAL [-]
+ 286 TK_LIT_INT [9702026179]
+ 286 TK_IDENTIFICADOR [_se]
+ 287 TK_LIT_INT [736889543]
+ 287 TK_LIT_CHAR ['Z']
+ 287 TK_LIT_STRING [" return zU *  then "]
+ 287 TK_ESPECIAL [-]
+ 287 TK_LIT_FLOAT [01.533004278]
+ 287 TK_ESPECIAL [-]
+ 287 TK_ESPECIAL [[]
+ 287 TK_PR_IF [if]
+ 287 TK_ESPECIAL [,]
+ 288 TK_PR_CHAR [char]
+ 288 TK_ESPECIAL [,]
+ 288 TK_LIT_CHAR ['=']
+ 288 TK_LIT_INT [638]
+ 288 TK_ESPECIAL [[]
+ 288 TK_PR_STRING [string]
+ 289 TK_LIT_STRING ["ogK5l>=n> output + ) return ]4mGp,!= * 0O[suo float ]H!=kW"]
+ 289 TK_ESPECIAL [-]
+ 289 TK_LIT_INT [798429]
+ 289 TK_ESPECIAL [<]
+ 289 TK_ESPECIAL [-]
+ 289 TK_LIT_INT [6212694]
+ 289 TK_ESPECIAL [$]
+ 290 TK_LIT_STRING ["8 - zZP: if  char <2+ AH * &8Dzk then + wFV"]
+ 290 TK_ESPECIAL [-]
+ 290 TK_ESPECIAL [-]
+ 290 TK_LIT_FLOAT [0.2103]
+ 290 TK_PR_WHILE [while]
+ 290 TK_PR_THEN [then]
+ 290 TK_LIT_STRING ["O> string w1z else E:]Nc"]
+ 291 TK_IDENTIFICADOR [__2QK4RNBz3etXPDZpXBqPGF1x5MX9WkhollHE14ZcKs7LelgXSmXtdqwd_TN42L290fX1We3mJEdmYwnZRjoOt3B]
+ 291 TK_ESPECIAL [(]
+ 291 TK_PR_THEN [then]
+ 291 TK_LIT_INT [1001]
+ 291 TK_ESPECIAL [-]
+ 291 TK_LIT_INT [970]
+ 291 TK_ESPECIAL [-]
+ 292 TK_IDENTIFICADOR [__CrqRsr0ubxyeQzhqFfj_5R3yY0OBh8hUAJWT]
+ 292 TK_PR_STRING [string]
+ 292 TK_LIT_INT [1233854651]
+ 293 TK_LIT_STRING [" do  / 4 do kRR[F output O if  output >=3A2 do  else &slMUG0m+ Fv"]
+ 293 TK_PR_OUTPUT [output]
+ 293 TK_ESPECIAL [-]
+ 294 TK_LIT_STRING ["xyAI output $J output  do &Cb return  - c9!=1W8$Y int L"]
+ 294 TK_LIT_FLOAT [677468.19099]
+ 295 TK_LIT_STRING ["; string 8V string n2Dr! - ||{51} else q)98_ then whCRG3_73G&& / >XOxg char huTOt"]
+ 295 TK_IDENTIFICADOR [____t9KaiFkzovoDsQQ4ouOU1FGAqXUyZX9M2w8zfI6GI7SBK]
+ 295 TK_PR_RETURN [return]
+ 295 TK_LIT_INT [595939]
+ 295 TK_ESPECIAL [[]
+ 295 TK_ESPECIAL [*]
+ 296 TK_ESPECIAL [-]
+ 296 TK_LIT_CHAR ['Q']
+ 296 TK_LIT_CHAR ['>']
+ 296 TK_LIT_FLOAT [08.4198786256]
+ 296 TK_ESPECIAL [<]
+ 296 TK_PR_INT [int]
+ 296 TK_PR_STRING [string]
+ 296 TK_ESPECIAL [{]
+ 296 TK_ESPECIAL [-]
+ 296 TK_LIT_FLOAT [7110689920.28548]
+ 297 TK_IDENTIFICADOR [____]
+ 297 TK_LIT_FLOAT [50813580.1]
+ 297 TK_LIT_STRING ["wwQA if ;(x0Dh"]
+ 297 TK_LIT_CHAR [',']
+ 297 TK_LIT_STRING ["zGN char uF"]
+ 297 TK_ESPECIAL []]
+ 297 TK_LIT_FLOAT [4.15]
+ 298 TK_LIT_INT [7261433]
+ 298 TK_ESPECIAL [-]
+ 298 TK_LIT_INT [60919706]
+ 298 TK_ESPECIAL [<]
+ 298 TK_LIT_FLOAT [72669450.996216000]
+ 299 TK_IDENTIFICADOR [_____VfmCtXUN4RP8pxvgSdDCM57Lq14jFQVpJIbBD1pr1LjmRox8vqFYk5Z1Oo5EG9sL]
+ 299 TK_LIT_CHAR ['(']
+ 299 TK_ESPECIAL [*]
+ 299 TK_IDENTIFICADOR [___float]
+ 299 TK_ESPECIAL [(]
+ 299 TK_PR_THEN [then]
+ 299 TK_LIT_FLOAT [7286318.07822]
+ 299 TK_PR_STRING [string]
+ 300 TK_LIT_FLOAT [242581.4]
+ 300 TK_IDENTIFICADOR [_____gHwhTKDqnAQRciW1KYUxXwdjZxnBMSb6tKozk7TYHCUlOxpxtRwRl1qpfB2TE_6T0]
+ 301 TK_LIT_FLOAT [470.5547]
+ 302 TK_IDENTIFICADOR [__yMJ1V5CFHWosyRmkbW8z_Pk3xJOGWQryUJxZTUXeSOhmN8Iso7noaDZzMFhOztz2ISN2AH5nsAO]
+ 302 TK_LIT_FLOAT [943253.08]
+ 302 TK_LIT_STRING ["g string ifsk;v<Cwl!=UddJ_+ CjI"]
+ 302 TK_PR_DO [do]
+ 303 TK_PR_OUTPUT [output]
+ 304 TK_IDENTIFICADOR [_k0xaL5LJHbjaoKtdCy7V7xQ2KQFGwm2uAZAqSREgDDfPbZgSBJcLSyvJ1VkCaP1iJqc0yT2aEgANMfCOPEg9XtHb3r]
+ 304 TK_ESPECIAL [-]
+ 304 TK_LIT_INT [64830532]
+ 304 TK_LIT_CHAR ['{']
+ 304 TK_ESPECIAL [*]
+ 304 TK_ESPECIAL [/]
  305 TK_LIT_CHAR [',']
  305 TK_ESPECIAL [<]
...
  459 TK_IDENTIFICADOR [____HTOO00thh32DH2abW5BYlJwdrNl1dYQnZEW3kZZOqPHra6hAYlen2M7tXBIm]
  459 TK_LIT_STRING ["R>R4Y:oev(KL6$INh!U string }{yc"]
+ 459 TK_ESPECIAL [/]
+ 459 TK_ESPECIAL [/]
+ 459 TK_PR_IF [if]
+ 459 TK_LIT_STRING ["<"]
+ 459 TK_ESPECIAL [)]
+ 459 TK_ESPECIAL [{]
+ 460 TK_ESPECIAL [/]
+ 460 TK_ESPECIAL [/]
+ 460 TK_LIT_STRING ["59FlGA if :vASH8 input h do fuOh return nBnG$ char &PZ string <=YJ1JUjCZ float e while 7SM:"]
+ 460 TK_PR_DO [do]
+ 462 TK_ESPECIAL [/]
+ 462 TK_ESPECIAL [/]
+ 462 TK_LIT_STRING ["7uc if  then uHpf8 float iRCk"]
+ 462 TK_LIT_STRING ["||h / J!= / 9ZJ{("]
+ 462 TK_LIT_INT [2083772]
+ 462 TK_LIT_CHAR [')']
+ 462 TK_PR_IF [if]
+ 464 TK_ESPECIAL [/]
+ 464 TK_ESPECIAL [/]
+ 464 TK_LIT_STRING [" return Y output zp)DX / b"]
+ 464 TK_PR_BOOL [bool]
+ 464 TK_ESPECIAL [-]
+ 464 TK_LIT_INT [02030321]
+ 464 TK_ESPECIAL [:]
+ 465 TK_ESPECIAL [/]
+ 465 TK_ESPECIAL [/]
+ 465 TK_IDENTIFICADOR [__X3vq65bw_ZYYV0NV7Vq6H5WqK02l09N0igqbEC7l4Llfu1bQf22TnbSdzN65IIW3f1v09X4GLu0s6RO5d_aE]
+ 465 TK_LIT_CHAR [':']
+ 465 TK_ESPECIAL [,]
+ 465 TK_LIT_INT [1714]
+ 465 TK_LIT_STRING ["KT if Z do 0< - N; float Ga{w& while M"]
+ 465 TK_PR_THEN [then]
+ 466 TK_ESPECIAL [/]
+ 466 TK_ESPECIAL [/]
+ 466 TK_ESPECIAL [-]
+ 466 TK_LIT_FLOAT [556000385.961]
+ 466 TK_ESPECIAL []]
+ 466 TK_ESPECIAL [-]
+ 466 TK_LIT_FLOAT [0.2103]
+ 466 TK_LIT_CHAR ['=']
+ 466 TK_LIT_CHAR ['S']
+ 466 TK_LIT_FLOAT [1.545763]
+ 466 TK_ESPECIAL []]
+ 466 TK_LIT_STRING ["zGN char uF"]
+ 467 TK_ESPECIAL [/]
+ 467 TK_ESPECIAL [/]
+ 467 TK_LIT_CHAR ['-']
+ 467 TK_LIT_CHAR ['n']
+ 467 TK_LIT_CHAR ['$']
+ 467 TK_LIT_STRING [" return zU *  then "]
+ 468 TK_ESPECIAL [/]
+ 468 TK_ESPECIAL [/]
+ 468 TK_LIT_STRING ["MZ return <=M9||||0Q&e!=wGBeJm8 float 7 bool {b+ ||MD} char  if T}N&v"]
+ 470 TK_ESPECIAL [/]
+ 470 TK_ESPECIAL [/]
+ 470 TK_IDENTIFICADOR [__yMJ1V5CFHWosyRmkbW8z_Pk3xJOGWQryUJxZTUXeSOhmN8Iso7noaDZzMFhOztz2ISN2AH5nsAO]
+ 470 TK_PR_STRING [string]
+ 470 TK_PR_BOOL [bool]
+ 470 TK_ESPECIAL [-]
+ 470 TK_LIT_INT [007]
+ 470 TK_LIT_INT [20]
+ 470 TK_LIT_CHAR ['J']
+ 470 TK_LIT_CHAR [',']
+ 470 TK_LIT_STRING [" while f"]
+ 474 TK_ESPECIAL [/]
+ 474 TK_ESPECIAL [/]
+ 474 TK_LIT_STRING ["23Mt input ;, then d4v"]
+ 474 TK_LIT_FLOAT [339911.5216555]
+ 474 TK_PR_ELSE [else]
+ 474 TK_LIT_STRING ["5 if 9 while ) then MD>="]
+ 474 TK_PR_INT [int]
+ 474 TK_ESPECIAL [{]
+ 474 TK_ESPECIAL [{]
+ 476 TK_ESPECIAL [/]
+ 476 TK_ESPECIAL [/]
+ 476 TK_LIT_STRING ["xyAI output $J output  do &Cb return  - c9!=1W8$Y int L"]
+ 476 TK_LIT_FLOAT [724.9639098496]
+ 476 TK_LIT_FLOAT [7417460.9769]
+ 476 TK_ESPECIAL [>]
+ 476 TK_ESPECIAL [{]
+ 476 TK_ESPECIAL [-]
+ 476 TK_LIT_INT [8809004]
+ 476 TK_LIT_INT [19544]
+ 476 TK_LIT_CHAR ['}']
+ 476 TK_LIT_CHAR ['R']
+ 476 TK_LIT_INT [6463130]
+ 479 TK_ESPECIAL [/]
+ 479 TK_ESPECIAL [/]
+ 479 TK_IDENTIFICADOR [__B0CSDvlFtDDwpyy6zE0f83JOqzMQvwvNI2JDPU23MRC660RpN6Rc5HksQ3t]
+ 479 TK_LIT_STRING ["e:==I4}G<=Pd3<[&HW"]
+ 480 TK_ESPECIAL [/]
+ 480 TK_ESPECIAL [/]
+ 480 TK_LIT_STRING [" * m if  then y} * Db9m+ V while i!X_)! bool "]
+ 480 TK_ESPECIAL [=]
+ 480 TK_ESPECIAL [-]
+ 480 TK_LIT_INT [7]
+ 481 TK_ESPECIAL [/]
+ 481 TK_ESPECIAL [/]
+ 481 TK_LIT_STRING ["&p}_[ float C(I(]))8 float o2L while  input At input ojTnu"]
+ 481 TK_ESPECIAL [,]
+ 481 TK_LIT_STRING ["dy[7"]
+ 481 TK_PR_DO [do]
+ 481 TK_LIT_STRING [" * _4ZHV9ree==KqqBS<=zpMe7U"]
+ 481 TK_ESPECIAL [-]
+ 481 TK_LIT_INT [703]
+ 481 TK_LIT_FLOAT [690061.31161]
+ 483 TK_ESPECIAL [/]
+ 483 TK_ESPECIAL [/]
+ 483 TK_LIT_FLOAT [04455304.25707333]
+ 483 TK_LIT_STRING ["7SD"]
+ 483 TK_PR_INT [int]
+ 483 TK_PR_BOOL [bool]
+ 483 TK_ESPECIAL [[]
+ 483 TK_PR_WHILE [while]
+ 484 TK_ESPECIAL [/]
+ 484 TK_ESPECIAL [/]
+ 484 TK_LIT_STRING ["W}5zD>= /  if j|| int zCr7_J input C_>h+ !=fvoN"]
+ 484 TK_IDENTIFICADOR [____gDoTnZr3mRLR8mD27OwWYEmLIk0iACq611ITRhnVVUdI]
+ 484 TK_LIT_FLOAT [0105632.17140]
+ 486 TK_ESPECIAL [/]
+ 486 TK_ESPECIAL [/]
+ 486 TK_LIT_STRING ["KtTP+ $[&naa float !=4u&&fpI;,fzVBf! string n< * 1E&&w&&{pbM>=El[FHT"]
+ 486 TK_ESPECIAL [!]
+ 486 TK_PR_INPUT [input]
+ 486 TK_PR_OUTPUT [output]
+ 486 TK_ESPECIAL [/]
+ 486 TK_PR_RETURN [return]
+ 486 TK_ESPECIAL [-]
+ 486 TK_LIT_INT [81026]
+ 486 TK_LIT_INT [607]
+ 486 TK_ESPECIAL [*]
+ 486 TK_ESPECIAL [,]
+ 487 TK_ESPECIAL [/]
+ 487 TK_ESPECIAL [/]
+ 487 TK_LIT_STRING ["> - aqMra||wQf then  char x char q) - VE = >=p6 else &&"]
+ 487 TK_PR_THEN [then]
+ 487 TK_LIT_CHAR ['*']
+ 490 TK_ESPECIAL [/]
+ 490 TK_ESPECIAL [/]
+ 490 TK_IDENTIFICADOR [___kDagXC6Js3DrErPV7UOobjZDGSji1Vvdc1RRS0UM66kPLYO1VEN4mg8i37EntvSyTIvuf3AJjXefujApVpue]
+ 490 TK_LIT_FLOAT [094557462.0654793]
+ 490 TK_ESPECIAL [-]
+ 490 TK_PR_INPUT [input]
+ 490 TK_LIT_STRING ["O> string w1z else E:]Nc"]
+ 490 TK_ESPECIAL [{]
+ 490 TK_ESPECIAL [>]
+ 492 TK_ESPECIAL [/]
+ 492 TK_ESPECIAL [/]
+ 492 TK_IDENTIFICADOR [_output]
+ 492 TK_ESPECIAL [(]
+ 492 TK_ESPECIAL [$]
+ 492 TK_ESPECIAL [(]
+ 492 TK_LIT_STRING ["<RR5q+ ] do U+  = [p then NG bool "]
+ 492 TK_ESPECIAL [<]
+ 492 TK_ESPECIAL [=]
+ 494 TK_ESPECIAL [/]
+ 494 TK_ESPECIAL [/]
+ 494 TK_IDENTIFICADOR [_____Sl2GbryhsakjK1tQHhIgZspVpen5OnMihIjVlducS3mWPIpNxU9dNpbGt9jIOpYyBcsrlK8dWeH_MH6t9VcYa6iSTF]
+ 494 TK_ESPECIAL [[]
+ 494 TK_LIT_FLOAT [8999495.11306]
+ 494 TK_LIT_STRING [">=VJ<AnIUV||99c"]
+ 494 TK_ESPECIAL [-]
+ 494 TK_LIT_CHAR ['/']
+ 494 TK_ESPECIAL [-]
+ 494 TK_LIT_INT [798429]
+ 494 TK_ESPECIAL [}]
+ 498 TK_ESPECIAL [/]
+ 498 TK_ESPECIAL [/]
+ 498 TK_LIT_STRING ["r>=&&t input [fLLt2H return UJy8];W{kDJW while  input WuQirja8gz"]
+ 498 TK_ESPECIAL [}]
+ 498 TK_LIT_FLOAT [11040303.28585602]
+ 499 TK_ESPECIAL [/]
+ 499 TK_ESPECIAL [/]
+ 499 TK_LIT_STRING [" int 7 bool  output MoiG4avV / Lma7[ -  do Lut0{H:U>E input c output V6 char A<ic return 2&& while "]
+ 499 TK_ESPECIAL [;]
+ 499 TK_LIT_STRING ["8 - zZP: if  char <2+ AH * &8Dzk then + wFV"]
+ 499 TK_LIT_CHAR ['[']
+ 501 TK_ESPECIAL [/]
+ 501 TK_ESPECIAL [/]
+ 501 TK_LIT_STRING ["; string 8V string n2Dr! - ||{51} else q)98_ then whCRG3_73G&& / >XOxg char huTOt"]
+ 501 TK_LIT_INT [62778654]
+ 501 TK_LIT_FLOAT [2990945411.53250162]
+ 502 TK_ESPECIAL [/]
+ 502 TK_ESPECIAL [/]
+ 502 TK_LIT_STRING ["E<>=G string  -  while oR do  do ga>}R bool LCjuk_yPN"]
+ 502 TK_LIT_CHAR ['-']
+ 502 TK_ESPECIAL []]
+ 503 TK_ESPECIAL [/]
+ 503 TK_ESPECIAL [/]
+ 503 TK_IDENTIFICADOR [___scuz9eXbZaOiNc4tEKVaErOA1dbF1kNftSJjS3253d8cRsY5PriKCTgNtM1JTW4sW3UmJGQQ7ERML4xj]
+ 503 TK_ESPECIAL [;]
+ 503 TK_LIT_STRING ["B - M5"]
+ 503 TK_ESPECIAL [+]
+ 503 TK_LIT_CHAR ['+']
+ 503 TK_PR_STRING [string]
+ 503 TK_PR_STRING [string]
+ 503 TK_PR_STRING [string]
+ 503 TK_LIT_FLOAT [9425.49]
+ 503 TK_ESPECIAL [&]
+ 504 TK_ESPECIAL [/]
+ 504 TK_ESPECIAL [/]
+ 504 TK_LIT_STRING ["Ywau)0 return D1F"]
+ 505 TK_ESPECIAL [/]
+ 505 TK_ESPECIAL [/]
+ 505 TK_LIT_STRING [" while Y>r! float xF{ *  * tm3||KRI output tJg while TtOsBVSkaW&& string Cm bool YlH["]
+ 505 TK_LIT_INT [04902797]
+ 506 TK_ESPECIAL [/]
+ 506 TK_ESPECIAL [/]
+ 506 TK_LIT_STRING [" int >,fZ}zjSuCl bool U<={LYKOInVAM0AE}Kjy if baX int 6M"]
+ 506 TK_IDENTIFICADOR [___1QG24XKHxwnMZ3qfTkn5rp]
+ 506 TK_LIT_STRING ["&5Q&"]
+ 506 TK_ESPECIAL [=]
+ 506 TK_ESPECIAL [>]
+ 506 TK_ESPECIAL [-]
+ 506 TK_LIT_INT [86916159]
+ 508 TK_ESPECIAL [/]
+ 508 TK_ESPECIAL [/]
+ 508 TK_LIT_STRING [", = h - "]
+ 508 TK_IDENTIFICADOR [_____eWrzV2N0QtY]
+ 508 TK_LIT_CHAR ['&']
+ 508 TK_IDENTIFICADOR [___bool]
+ 508 TK_ESPECIAL [-]
+ 508 TK_LIT_FLOAT [5241496145.0]
+ 509 TK_ESPECIAL [/]
+ 509 TK_ESPECIAL [/]
+ 509 TK_ESPECIAL [-]
+ 509 TK_LIT_FLOAT [4.446802]
+ 509 TK_IDENTIFICADOR [_____ptSgt0bGwD2BRo9tnGuKmMn5FO]
+ 509 TK_LIT_STRING [""]
+ 509 TK_PR_BOOL [bool]
+ 509 TK_ESPECIAL [=]
+ 510 TK_ESPECIAL [/]
+ 510 TK_ESPECIAL [/]
+ 510 TK_LIT_STRING ["t(&Q$y8R float ME>= string 1)!6efkN char jV)kez$1Vc"]
+ 510 TK_ESPECIAL [-]
+ 510 TK_LIT_INT [64]
+ 510 TK_LIT_INT [1]
+ 510 TK_LIT_INT [05214601]
+ 510 TK_ESPECIAL [-]
+ 510 TK_ESPECIAL [-]
+ 510 TK_LIT_INT [80]
+ 510 TK_LIT_INT [4695535553]
+ 510 TK_ESPECIAL [{]
+ 510 TK_ESPECIAL [-]
+ 510 TK_LIT_INT [8129]
+ 510 TK_ESPECIAL [;]
+ 513 TK_ESPECIAL [/]
+ 513 TK_ESPECIAL [/]
+ 513 TK_LIT_STRING ["H8q * >=aBuDu7Xim4S+ MaKc char j<=t[ output }I<e$[xMf if LS!= then "]
+ 513 TK_LIT_INT [102]
+ 516 TK_ESPECIAL [/]
+ 516 TK_ESPECIAL [/]
+ 516 TK_LIT_STRING ["mqGmht&&V>=c1XnB4 / vwN / :X char : if 2 * lsTJee||==koHz = V<"]
+ 516 TK_ESPECIAL [=]
+ 516 TK_ESPECIAL [{]
+ 516 TK_LIT_FLOAT [72669450.996216000]
+ 516 TK_ESPECIAL [-]
+ 516 TK_LIT_INT [60919706]
+ 516 TK_ESPECIAL [-]
+ 516 TK_LIT_INT [64830532]
+ 517 TK_ESPECIAL [/]
+ 517 TK_ESPECIAL [/]
+ 517 TK_LIT_STRING [") bool Tzz$xbY}9!=Pv do ||yr float  bool w3,"]
+ 517 TK_ESPECIAL [-]
+ 517 TK_LIT_FLOAT [7110689920.28548]
+ 517 TK_LIT_FLOAT [08.4198786256]
+ 517 TK_ESPECIAL [-]
+ 517 TK_LIT_FLOAT [550.935]
+ 519 TK_ESPECIAL [/]
+ 519 TK_ESPECIAL [/]
+ 519 TK_LIT_STRING ["uV||>=upVNz$ input m return Y8 =  return weVd9{_GwSFqBK /  - O"]
+ 519 TK_LIT_STRING ["oj * "]
+ 519 TK_LIT_CHAR [':']
+ 519 TK_PR_THEN [then]
+ 519 TK_ESPECIAL [>]
+ 521 TK_ESPECIAL [/]
+ 521 TK_ESPECIAL [/]
+ 521 TK_LIT_STRING ["h int gZ:N<=ki860v+ _5sN&& if Rc<:{2>=R[f4]A9 output A6Y then Vcbk"]
+ 521 TK_IDENTIFICADOR [__se]
+ 521 TK_ESPECIAL [$]
+ 521 TK_PR_RETURN [return]
+ 521 TK_LIT_STRING ["J while ==T2dcO / boiPl67"]
+ 521 TK_LIT_CHAR [']']
+ 521 TK_LIT_CHAR ['(']
+ 522 TK_ESPECIAL [/]
+ 522 TK_ESPECIAL [/]
+ 522 TK_ESPECIAL []]
+ 522 TK_LIT_STRING ["YV>(y int GB>GJ||:lY||A>mO =  * {r"]
+ 522 TK_ESPECIAL [}]
+ 522 TK_ESPECIAL [{]
+ 523 TK_ESPECIAL [/]
+ 523 TK_ESPECIAL [/]
+ 523 TK_IDENTIFICADOR [___KUabHehhUf8YT1AjWqQafDBo0eGABbLVKdARq7jIH7TFXHxSvA78Rjy1wGscRbUuuu0PiQ6UFC2Xp8QhDJVjv5ZJ3f7]
+ 523 TK_LIT_INT [1233854651]
+ 523 TK_ESPECIAL [)]
+ 523 TK_LIT_STRING [">=vMa else M]Js2CFufaXXjZfz7}1n / !_ = SWC86"]
+ 530 TK_ESPECIAL [/]
+ 530 TK_ESPECIAL [/]
+ 530 TK_LIT_STRING [" string 8 * hG output nOL$ =  int DlDYbHK if Vb while  char ==>+ ]{Pg:n5v bool v return >=:+  = p1 return 9"]
+ 530 TK_LIT_FLOAT [397164189.93927]
+ 530 TK_LIT_CHAR ['a']
+ 531 TK_ESPECIAL [/]
+ 531 TK_ESPECIAL [/]
+ 531 TK_IDENTIFICADOR [____9Y6Rpifb6tC6O_KZRzTiP1Vzft1f0_KBAv0vzTb83IuijY8DTMfdFN48ymaJ5myiBfHGSCYJknAztEWNCDYTtmDAh]
+ 531 TK_ESPECIAL [[]
+ 531 TK_PR_ELSE [else]
+ 531 TK_LIT_STRING [""]
+ 531 TK_LIT_CHAR ['/']
+ 532 TK_ESPECIAL [/]
+ 532 TK_ESPECIAL [/]
+ 532 TK_LIT_STRING [" while J> - v,[ND[ / sW char sAN&b - bf7A input OFsn( while f)"]
+ 532 TK_LIT_CHAR ['{']
+ 532 TK_IDENTIFICADOR [__WudhnHNjx0FNmDimiZKsIFRph1W]
+ 532 TK_ESPECIAL [}]
+ 532 TK_IDENTIFICADOR [___float]
+ 532 TK_LIT_STRING ["4t"]
+ 532 TK_PR_CHAR [char]
+ 533 TK_ESPECIAL [/]
+ 533 TK_ESPECIAL [/]
+ 533 TK_LIT_STRING [" - F int cx_ / 4F = P< then A{UMl then iO! string  int _>"]
+ 533 TK_ESPECIAL [-]
+ 533 TK_LIT_FLOAT [33065642.302386233]
+ 533 TK_PR_DO [do]
+ 533 TK_ESPECIAL [-]
+ 533 TK_LIT_FLOAT [750217.3]
+ 533 TK_LIT_CHAR ['}']
+ 533 TK_ESPECIAL [-]
+ 533 TK_LIT_FLOAT [4048.6580826]
+ 533 TK_LIT_FLOAT [339.95214]
+ 535 TK_ESPECIAL [/]
+ 535 TK_ESPECIAL [/]
+ 535 TK_LIT_STRING ["4( input 1L==H43 while PbS5x4 else 1$ULr int p return K = &<73TF4c float  /  = XYd string d"]
+ 535 TK_ESPECIAL [-]
+ 535 TK_PR_WHILE [while]
+ 535 TK_IDENTIFICADOR [__5WH9KHZyMHNk2NV]
+ 535 TK_ESPECIAL [+]
+ 535 TK_ESPECIAL [-]
+ 535 TK_LIT_INT [4]
+ 535 TK_ESPECIAL [[]
+ 535 TK_ESPECIAL [-]
+ 535 TK_LIT_INT [6212694]
+ 535 TK_LIT_CHAR ['{']
+ 537 TK_ESPECIAL [/]
+ 537 TK_ESPECIAL [/]
+ 537 TK_LIT_STRING ["80[v float Zn32;cUqv input x( output H char  bool I==(q(k>jOEag3Q<9:3{[XcQj"]
+ 537 TK_PR_OUTPUT [output]
+ 537 TK_ESPECIAL [>]
+ 537 TK_LIT_STRING ["v5 - }T;)(ujVo7m2hU1==9 / zhPQ35"]
+ 537 TK_LIT_INT [939755]
+ 537 TK_IDENTIFICADOR [_bool]
+ 538 TK_ESPECIAL [/]
+ 538 TK_ESPECIAL [/]
+ 538 TK_PR_CHAR [char]
+ 538 TK_LIT_STRING ["0 input K$aL{Up if <=8{bx float A)<= then he==KXRZ else J"]
+ 538 TK_LIT_INT [13]
+ 542 TK_ESPECIAL [/]
+ 542 TK_ESPECIAL [/]
+ 542 TK_LIT_STRING ["e[ - IS return  output )w(695}fm>=tM[ char t) bool o$ while X - iw"]
+ 542 TK_ESPECIAL [-]
+ 542 TK_LIT_FLOAT [1213360833.3]
+ 542 TK_ESPECIAL [/]
+ 542 TK_PR_DO [do]
+ 542 TK_ESPECIAL [-]
+ 542 TK_LIT_INT [970]
+ 542 TK_LIT_CHAR [',']
+ 543 TK_ESPECIAL [/]
+ 543 TK_ESPECIAL [/]
+ 543 TK_IDENTIFICADOR [_dFyhtIKOtFwEpnT5kgHtqQnWumPHlJSCHeN_ZQempY5RnFAEDoB7ASmw0jGFqoMQHf6fMVdsI_EvAZdxNEgFkaHWUhAt]
+ 543 TK_LIT_STRING [" while B39[ - aciC if Mg"]
+ 543 TK_LIT_CHAR ['}']
+ 543 TK_LIT_CHAR ['=']
+ 543 TK_LIT_CHAR ['o']
+ 544 TK_ESPECIAL [/]
+ 544 TK_ESPECIAL [/]
+ 544 TK_LIT_STRING ["R>R4Y:oev(KL6$INh!U string }{yc"]
+ 544 TK_LIT_FLOAT [242581.4]
+ 544 TK_ESPECIAL [-]
+ 544 TK_LIT_INT [036982679]
+ 544 TK_LIT_INT [638]
+ 544 TK_PR_STRING [string]
+ 544 TK_LIT_CHAR ['a']
+ 544 TK_LIT_CHAR ['}']
+ 545 TK_ESPECIAL [/]
+ 545 TK_ESPECIAL [/]
+ 545 TK_LIT_STRING ["PCf string 8<=KG1i"]
+ 545 TK_LIT_STRING ["==8 else Y[+ Xm$Cu2<$7U}z1DP do WuL int :g7G bool "]
+ 548 TK_ESPECIAL [/]
+ 548 TK_ESPECIAL [/]
+ 548 TK_IDENTIFICADOR [_6iqhFzu1_x_nngPiJig2ZrvajXtfoNjYO54PWn1yrEwsHLsVlnFDFtsan8RNHK8GMva_P9Z2JB4EQ9w5lku2eRAL9cUFeue]
+ 548 TK_LIT_STRING ["XNdF0Wp;$i_F[S;!=eWZ&&r =  char "]
+ 554 TK_ESPECIAL [/]
+ 554 TK_ESPECIAL [/]
+ 554 TK_LIT_FLOAT [7286318.07822]
+ 554 TK_PR_INPUT [input]
+ 554 TK_ESPECIAL [-]
+ 554 TK_LIT_INT [63044851]
+ 554 TK_LIT_FLOAT [163846.63]
+ 554 TK_ESPECIAL [}]
+ 554 TK_ESPECIAL [/]
+ 554 TK_LIT_STRING ["<=DWU!=Z return m$"]
+ 555 TK_ESPECIAL [/]
+ 555 TK_ESPECIAL [/]
+ 555 TK_LIT_STRING ["NcE7Ck"]
+ 555 TK_LIT_FLOAT [195.3]
+ 555 TK_LIT_CHAR ['O']
+ 555 TK_LIT_CHAR [')']
+ 555 TK_ESPECIAL [-]
+ 555 TK_LIT_FLOAT [4.5722095]
+ 555 TK_IDENTIFICADOR [____string]
+ 555 TK_LIT_STRING ["{7L0 output _kb * F"]
+ 560 TK_ESPECIAL [/]
+ 560 TK_ESPECIAL [/]
+ 560 TK_LIT_STRING ["l_ char  do dj int t while {==, char  /  while  do ||,Fq,"]
+ 560 TK_ESPECIAL [;]
+ 560 TK_PR_DO [do]
+ 560 TK_LIT_INT [607943]
+ 560 TK_ESPECIAL [-]
+ 560 TK_LIT_FLOAT [0100520915.00942]
+ 560 TK_ESPECIAL [-]
+ 560 TK_LIT_INT [84074]
+ 560 TK_ESPECIAL [!]
+ 560 TK_ESPECIAL []]
+ 560 TK_LIT_INT [460399]
+ 560 TK_ESPECIAL [-]
+ 560 TK_ESPECIAL [:]
+ 562 TK_ESPECIAL [/]
+ 562 TK_ESPECIAL [/]
+ 562 TK_LIT_STRING ["gtI)Hk bool p1NZ - 5b2hoH> input m!=(l0r output uV5Io,hs<=EPo"]
+ 562 TK_ESPECIAL [/]
+ 563 TK_ESPECIAL [/]
+ 563 TK_ESPECIAL [/]
+ 563 TK_LIT_STRING ["$;MKc)Sney8c;X+ 5 then  output  *  string ==! float }Igegs1 = 2P;9jwH char J7;;"]
+ 563 TK_LIT_CHAR ['/']
+ 563 TK_ESPECIAL [-]
+ 563 TK_LIT_STRING ["DzNSVB:5l /  return m74 do 2; input "]
+ 563 TK_ESPECIAL [$]
+ 563 TK_ESPECIAL [+]
+ 566 TK_ESPECIAL [/]
+ 566 TK_ESPECIAL [/]
+ 566 TK_LIT_STRING ["&& do &z||F} while "]
+ 566 TK_LIT_STRING ["lS<=>=9 do G5||pmSQ char + t int "]
+ 567 TK_ESPECIAL [/]
+ 567 TK_ESPECIAL [/]
+ 567 TK_LIT_STRING ["l3Ax = k>= * != then P=="]
+ 567 TK_PR_FLOAT [float]
+ 567 TK_PR_WHILE [while]
+ 567 TK_ESPECIAL [{]
+ 568 TK_ESPECIAL [/]
+ 568 TK_ESPECIAL [/]
+ 568 TK_IDENTIFICADOR [___lMwcmfOI4SfFnFpskCWxVjOuF2vQt7At7PRfow9lZ2FdliLNNhkKzh8wquJTBGLihUkYL8xD8JNM2i77nO2MyWt7]
+ 568 TK_LIT_CHAR ['$']
+ 568 TK_LIT_STRING ["G<=DO = }]==, * M+  -  int (Hg$7 char t<a||"]
+ 570 TK_ESPECIAL [/]
+ 570 TK_ESPECIAL [/]
+ 570 TK_LIT_STRING ["Wi>XH - >=p&f9 then &$s string QJt<=;Jr]Wa]p while 2r5aKh}Fks / r9k float VS2 output "]
+ 572 TK_ESPECIAL [/]
+ 572 TK_ESPECIAL [/]
+ 572 TK_LIT_STRING ["Scp+ gF||p& do C>k -  float ==2I_4||Si!=3 else f char b__&R"]
+ 572 TK_IDENTIFICADOR [____gM9Dnh3ptlma2GFafH6qfCJjQ]
+ 572 TK_LIT_FLOAT [869827620.433806]
+ 572 TK_ESPECIAL [>]
+ 573 TK_ESPECIAL [/]
+ 573 TK_ESPECIAL [/]
+ 573 TK_LIT_STRING ["Eim7Xwc, if N> output 3s&&vTFb else "]
+ 573 TK_LIT_STRING ["S do d3O if 79B7Hlny||caW input _"]
+ 573 TK_IDENTIFICADOR [____while]
+ 573 TK_LIT_CHAR ['g']
+ 573 TK_LIT_INT [01749462]
+ 575 TK_ESPECIAL [/]
+ 575 TK_ESPECIAL [/]
+ 575 TK_LIT_STRING ["|| * XzZ&&Mi&&mvMis do w&&iS>={QtCl input FfY"]
+ 575 TK_ESPECIAL [-]
+ 575 TK_ESPECIAL [(]
+ 575 TK_ESPECIAL [-]
+ 575 TK_ESPECIAL [-]
+ 575 TK_LIT_FLOAT [201333.06]
+ 575 TK_PR_INPUT [input]
+ 575 TK_ESPECIAL [!]
+ 577 TK_ESPECIAL [/]
+ 577 TK_ESPECIAL [/]
+ 577 TK_IDENTIFICADOR [_k0xaL5LJHbjaoKtdCy7V7xQ2KQFGwm2uAZAqSREgDDfPbZgSBJcLSyvJ1VkCaP1iJqc0yT2aEgANMfCOPEg9XtHb3r]
+ 577 TK_LIT_STRING ["j4"]
+ 577 TK_LIT_INT [02]
+ 577 TK_PR_STRING [string]
+ 577 TK_PR_INPUT [input]
+ 580 TK_ESPECIAL [/]
+ 580 TK_ESPECIAL [/]
+ 580 TK_LIT_STRING ["ogK5l>=n> output + ) return ]4mGp,!= * 0O[suo float ]H!=kW"]
+ 580 TK_LIT_CHAR ['o']
+ 580 TK_LIT_FLOAT [29535.5815958013]
+ 580 TK_LIT_STRING ["kC;+ 1lFG] int H_p<brhZ"]
+ 584 TK_ESPECIAL [/]
+ 584 TK_ESPECIAL [/]
+ 584 TK_IDENTIFICADOR [__YRbEkOqUczvciWwHGptHQABLmvlBHfhW8SBkX81Cg5ajEQXb90V1mmKX_fjo2H2CdkWiCua4hoBMzAfIRdXWOv5gcI]
+ 584 TK_LIT_CHAR ['>']
+ 584 TK_LIT_CHAR ['U']
+ 584 TK_LIT_STRING ["m) float pXoQ{(pu * ;t]ri return Sg>"]
+ 584 TK_IDENTIFICADOR [__bool]
+ 588 TK_ESPECIAL [/]
+ 588 TK_ESPECIAL [/]
+ 588 TK_LIT_STRING ["&&WhM5!& output a!,{TcIQ}&56Cn float FSA8 float ,;OvGwCS;h<=+ PVq&&"]
+ 588 TK_LIT_STRING [",y{:5F int GC = 7eC int Ja}4lJbaA"]
+ 588 TK_ESPECIAL [-]
+ 588 TK_LIT_FLOAT [3916977.345704524]
+ 591 TK_ESPECIAL [/]
+ 591 TK_ESPECIAL [/]
+ 591 TK_LIT_STRING [" else 81Dwd while F>=5vOM return y string  output zOw: = O{A int l$Ovq!6;==: else + "]
+ 591 TK_LIT_CHAR ['e']
+ 591 TK_ESPECIAL [/]
+ 591 TK_PR_FLOAT [float]
+ 591 TK_LIT_INT [303583]
+ 591 TK_ESPECIAL [$]
+ 591 TK_ESPECIAL [}]
+ 591 TK_LIT_CHAR ['6']
+ 591 TK_LIT_FLOAT [824612.184511872]
+ 591 TK_ESPECIAL [,]
+ 591 TK_ESPECIAL [$]
+ 592 TK_ESPECIAL [/]
+ 592 TK_ESPECIAL [/]
+ 592 TK_LIT_STRING [" do  / 4 do kRR[F output O if  output >=3A2 do  else &slMUG0m+ Fv"]
+ 595 TK_ESPECIAL [/]
+ 595 TK_ESPECIAL [/]
+ 595 TK_LIT_STRING ["j int 02AeI!>ag while !V==w do ==>|| if E if 5iD char  string c&l /  input 0geoiM$:]0G"]
+ 595 TK_PR_IF [if]
+ 595 TK_ESPECIAL [<]
+ 595 TK_PR_DO [do]
+ 597 TK_ESPECIAL [/]
+ 597 TK_ESPECIAL [/]
+ 597 TK_IDENTIFICADOR [___QpYpIQ8ElqC1d0xqMKlNrnZEuZyKz4rfqUyEASGPpFCmOyuhF6KTH9uYs_MV83FhrqyB_Kylk4U]
+ 597 TK_LIT_STRING ["E4ftmT] output  / W while z then AvbQIlTh>=<=&"]
+ 597 TK_ESPECIAL [:]
+ 597 TK_ESPECIAL [-]
+ 597 TK_LIT_INT [562556]
+ 599 TK_ESPECIAL [/]
+ 599 TK_ESPECIAL [/]
+ 599 TK_LIT_STRING ["k<=>>s * HZU = LHeD)q&&Y9Y input  input ,c if HeYgFA<t>=uWc8V input q"]
+ 599 TK_ESPECIAL [-]
+ 599 TK_LIT_FLOAT [7435873.076]
+ 599 TK_LIT_CHAR ['Q']
+ 599 TK_ESPECIAL [>]
+ 599 TK_PR_RETURN [return]
+ 599 TK_ESPECIAL [-]
+ 599 TK_LIT_FLOAT [42599.12063925]
+ 599 TK_ESPECIAL [:]
+ 599 TK_ESPECIAL [-]
+ 599 TK_LIT_INT [97]
+ 600 TK_ESPECIAL [/]
+ 600 TK_ESPECIAL [/]
+ 600 TK_ESPECIAL [-]
+ 600 TK_LIT_FLOAT [21399609.10]
+ 600 TK_LIT_CHAR [';']
+ 600 TK_LIT_FLOAT [1992.6170468]
+ 600 TK_LIT_STRING [" else Y1V return e40{<=7"]
+ 600 TK_ESPECIAL [-]
+ 600 TK_LIT_INT [64894]
+ 600 TK_LIT_FLOAT [515.1]
+ 600 TK_ESPECIAL []]
+ 601 TK_ESPECIAL [/]
+ 601 TK_ESPECIAL [/]
+ 601 TK_LIT_INT [6951529574]
+ 601 TK_PR_WHILE [while]
+ 601 TK_LIT_STRING ["&& output 6]Hygt -  return l6>"]
+ 601 TK_ESPECIAL [-]
+ 601 TK_LIT_INT [3792060249]
+ 602 TK_ESPECIAL [/]
+ 602 TK_ESPECIAL [/]
+ 602 TK_LIT_STRING ["0MCpZ:v output Y"]
+ 602 TK_ESPECIAL [[]
+ 603 TK_ESPECIAL [/]
+ 603 TK_ESPECIAL [/]
+ 603 TK_IDENTIFICADOR [_1iCSREiCIVOHwhz32aYJlwzlUlvKuaNDG9qNJ1_iCucleT4xt9JJSUcerGPPoX0vcQd9iaAM32dTF_gwVrQVSLL23D_6u8w]
+ 603 TK_ESPECIAL [[]
+ 603 TK_LIT_STRING ["wwQA if ;(x0Dh"]
+ 603 TK_ESPECIAL [-]
+ 603 TK_LIT_INT [12764693]
+ 604 TK_ESPECIAL [/]
+ 604 TK_ESPECIAL [/]
+ 604 TK_IDENTIFICADOR [_____VfmCtXUN4RP8pxvgSdDCM57Lq14jFQVpJIbBD1pr1LjmRox8vqFYk5Z1Oo5EG9sL]
+ 604 TK_ESPECIAL [{]
+ 604 TK_LIT_INT [041]
+ 604 TK_ESPECIAL [+]
+ 604 TK_LIT_STRING ["As2E float X$_jb input ==Z if  then Udr = ,Xv0M&&"]
+ 604 TK_ESPECIAL [,]
+ 605 TK_ESPECIAL [/]
+ 605 TK_ESPECIAL [/]
+ 605 TK_LIT_FLOAT [7190636063.992103]
+ 605 TK_LIT_CHAR ['>']
+ 605 TK_LIT_CHAR ['Y']
+ 605 TK_LIT_STRING ["p else "]
+ 605 TK_ESPECIAL [!]
+ 605 TK_LIT_CHAR ['d']
+ 605 TK_LIT_CHAR [']']
+ 605 TK_ESPECIAL [=]
+ 605 TK_LIT_FLOAT [4.15]
+ 605 TK_ESPECIAL [-]
+ 605 TK_LIT_INT [8336]
+ 606 TK_ESPECIAL [/]
+ 606 TK_ESPECIAL [/]
+ 606 TK_LIT_STRING ["g string ifsk;v<Cwl!=UddJ_+ CjI"]
+ 606 TK_ESPECIAL [[]
+ 607 TK_ESPECIAL [/]
+ 607 TK_ESPECIAL [/]
+ 607 TK_LIT_STRING ["U - eK char f1XKpk>xE if cDGms{w_Wat / jgi{8,g)v else  char "]
+ 607 TK_LIT_STRING [""]
+ 607 TK_PR_OUTPUT [output]
+ 607 TK_ESPECIAL [*]
+ 607 TK_ESPECIAL [-]
+ 607 TK_LIT_FLOAT [3.4]
+ 607 TK_ESPECIAL [)]
+ 608 TK_ESPECIAL [/]
+ 608 TK_ESPECIAL [/]
+ 608 TK_LIT_STRING ["0oI6DA0YN *  input  float N$qAB9x string j}"]
+ 608 TK_PR_BOOL [bool]
+ 608 TK_LIT_FLOAT [1406175210.252028]
+ 608 TK_LIT_CHAR [',']
+ 608 TK_ESPECIAL [)]
+ 608 TK_LIT_CHAR ['-']
+ 608 TK_PR_RETURN [return]
+ 614 TK_ESPECIAL [/]
+ 614 TK_ESPECIAL [/]
+ 614 TK_ESPECIAL [-]
+ 614 TK_LIT_FLOAT [9868693181.233018]
+ 614 TK_LIT_INT [4973213490]
+ 614 TK_LIT_STRING ["D bool XvJ8 while  else [ else  * "]
+ 614 TK_ESPECIAL [,]
Test suite `avaliacao_02.tesh': NOK (<avaliacao_02.tesh:5> output mismatch)
<end of output>
Test time =   0.38 sec
----------------------------------------------------------
Test Failed.
"e1_avaliacao_02" end time: Sep 09 17:50 EDT
"e1_avaliacao_02" time elapsed: 00:00:00
----------------------------------------------------------

4/407 Testing: e1_avaliacao_03
4/407 Test: e1_avaliacao_03
Command: "/usr/bin/perl" "-I" "./tests/scripts" "./tests/scripts/tesh" "/home/user/compiladores/pc/tests/e1/avaliacao_03.tesh"
Directory: /home/user/compiladores/pc/build
"e1_avaliacao_03" start time: Sep 09 17:50 EDT
Output:
----------------------------------------------------------
Unescaped left brace in regex is deprecated, passed through in regex; marked by <-- HERE in m/\${ <-- HERE (\w+)(?::[=-][^}]*)?}/ at ./tests/scripts/tesh line 345.
Test suite `/home/user/compiladores/pc/tests/e1/avaliacao_03.tesh'
[avaliacao_03.tesh:5] ./main ./tests/e1/input/nivel3.tokens
Test suite `avaliacao_03.tesh' OK
<end of output>
Test time =   0.38 sec
----------------------------------------------------------
Test Passed.
"e1_avaliacao_03" end time: Sep 09 17:50 EDT
"e1_avaliacao_03" time elapsed: 00:00:00
----------------------------------------------------------

5/407 Testing: e1_avaliacao_05
5/407 Test: e1_avaliacao_05
Command: "/usr/bin/perl" "-I" "./tests/scripts" "./tests/scripts/tesh" "/home/user/compiladores/pc/tests/e1/avaliacao_05.tesh"
Directory: /home/user/compiladores/pc/build
"e1_avaliacao_05" start time: Sep 09 17:50 EDT
Output:
----------------------------------------------------------
Unescaped left brace in regex is deprecated, passed through in regex; marked by <-- HERE in m/\${ <-- HERE (\w+)(?::[=-][^}]*)?}/ at ./tests/scripts/tesh line 345.
Test suite `/home/user/compiladores/pc/tests/e1/avaliacao_05.tesh'
[avaliacao_05.tesh:5] ./main ./tests/e1/input/nivel5.tokens
Test suite `avaliacao_05.tesh' OK
<end of output>
Test time =   0.35 sec
----------------------------------------------------------
Test Passed.
"e1_avaliacao_05" end time: Sep 09 17:50 EDT
"e1_avaliacao_05" time elapsed: 00:00:00
----------------------------------------------------------

6/407 Testing: e1_avaliacao_06
6/407 Test: e1_avaliacao_06
Command: "/usr/bin/perl" "-I" "./tests/scripts" "./tests/scripts/tesh" "/home/user/compiladores/pc/tests/e1/avaliacao_06.tesh"
Directory: /home/user/compiladores/pc/build
"e1_avaliacao_06" start time: Sep 09 17:50 EDT
Output:
----------------------------------------------------------
Unescaped left brace in regex is deprecated, passed through in regex; marked by <-- HERE in m/\${ <-- HERE (\w+)(?::[=-][^}]*)?}/ at ./tests/scripts/tesh line 345.
Test suite `/home/user/compiladores/pc/tests/e1/avaliacao_06.tesh'
[avaliacao_06.tesh:5] ./main ./tests/e1/input/nivel6.tokens
Test suite `avaliacao_06.tesh' OK
<end of output>
Test time =   0.29 sec
----------------------------------------------------------
Test Passed.
"e1_avaliacao_06" end time: Sep 09 17:50 EDT
"e1_avaliacao_06" time elapsed: 00:00:00
----------------------------------------------------------

7/407 Testing: e1_avaliacao_07
7/407 Test: e1_avaliacao_07
Command: "/usr/bin/perl" "-I" "./tests/scripts" "./tests/scripts/tesh" "/home/user/compiladores/pc/tests/e1/avaliacao_07.tesh"
Directory: /home/user/compiladores/pc/build
"e1_avaliacao_07" start time: Sep 09 17:50 EDT
Output:
----------------------------------------------------------
Unescaped left brace in regex is deprecated, passed through in regex; marked by <-- HERE in m/\${ <-- HERE (\w+)(?::[=-][^}]*)?}/ at ./tests/scripts/tesh line 345.
Test suite `/home/user/compiladores/pc/tests/e1/avaliacao_07.tesh'
[avaliacao_07.tesh:5] ./main ./tests/e1/input/nivel7.tokens
Test suite `avaliacao_07.tesh' OK
<end of output>
Test time =   0.26 sec
----------------------------------------------------------
Test Passed.
"e1_avaliacao_07" end time: Sep 09 17:50 EDT
"e1_avaliacao_07" time elapsed: 00:00:00
----------------------------------------------------------

8/407 Testing: e1_avaliacao_08
8/407 Test: e1_avaliacao_08
Command: "/usr/bin/perl" "-I" "./tests/scripts" "./tests/scripts/tesh" "/home/user/compiladores/pc/tests/e1/avaliacao_08.tesh"
Directory: /home/user/compiladores/pc/build
"e1_avaliacao_08" start time: Sep 09 17:50 EDT
Output:
----------------------------------------------------------
Unescaped left brace in regex is deprecated, passed through in regex; marked by <-- HERE in m/\${ <-- HERE (\w+)(?::[=-][^}]*)?}/ at ./tests/scripts/tesh line 345.
Test suite `/home/user/compiladores/pc/tests/e1/avaliacao_08.tesh'
[avaliacao_08.tesh:5] ./main ./tests/e1/input/nivel8.tokens
Test suite `avaliacao_08.tesh' OK
<end of output>
Test time =   0.22 sec
----------------------------------------------------------
Test Passed.
"e1_avaliacao_08" end time: Sep 09 17:50 EDT
"e1_avaliacao_08" time elapsed: 00:00:00
----------------------------------------------------------

9/407 Testing: e1_avaliacao_09
9/407 Test: e1_avaliacao_09
Command: "/usr/bin/perl" "-I" "./tests/scripts" "./tests/scripts/tesh" "/home/user/compiladores/pc/tests/e1/avaliacao_09.tesh"
Directory: /home/user/compiladores/pc/build
"e1_avaliacao_09" start time: Sep 09 17:50 EDT
Output:
----------------------------------------------------------
Unescaped left brace in regex is deprecated, passed through in regex; marked by <-- HERE in m/\${ <-- HERE (\w+)(?::[=-][^}]*)?}/ at ./tests/scripts/tesh line 345.
Test suite `/home/user/compiladores/pc/tests/e1/avaliacao_09.tesh'
[avaliacao_09.tesh:5] ./main ./tests/e1/input/nivel9.tokens
Test suite `avaliacao_09.tesh' OK
<end of output>
Test time =   0.35 sec
----------------------------------------------------------
Test Passed.
"e1_avaliacao_09" end time: Sep 09 17:50 EDT
"e1_avaliacao_09" time elapsed: 00:00:00
----------------------------------------------------------

10/407 Testing: e1_avaliacao_10
10/407 Test: e1_avaliacao_10
Command: "/usr/bin/perl" "-I" "./tests/scripts" "./tests/scripts/tesh" "/home/user/compiladores/pc/tests/e1/avaliacao_10.tesh"
Directory: /home/user/compiladores/pc/build
"e1_avaliacao_10" start time: Sep 09 17:50 EDT
Output:
----------------------------------------------------------
Unescaped left brace in regex is deprecated, passed through in regex; marked by <-- HERE in m/\${ <-- HERE (\w+)(?::[=-][^}]*)?}/ at ./tests/scripts/tesh line 345.
Test suite `/home/user/compiladores/pc/tests/e1/avaliacao_10.tesh'
[avaliacao_10.tesh:5] ./main ./tests/e1/input/nivel10.tokens
Test suite `avaliacao_10.tesh' OK
<end of output>
Test time =   0.53 sec
----------------------------------------------------------
Test Passed.
"e1_avaliacao_10" end time: Sep 09 17:50 EDT
"e1_avaliacao_10" time elapsed: 00:00:00
----------------------------------------------------------

11/407 Testing: e1_avaliacao_11
11/407 Test: e1_avaliacao_11
Command: "/usr/bin/perl" "-I" "./tests/scripts" "./tests/scripts/tesh" "/home/user/compiladores/pc/tests/e1/avaliacao_11.tesh"
Directory: /home/user/compiladores/pc/build
"e1_avaliacao_11" start time: Sep 09 17:50 EDT
Output:
----------------------------------------------------------
Unescaped left brace in regex is deprecated, passed through in regex; marked by <-- HERE in m/\${ <-- HERE (\w+)(?::[=-][^}]*)?}/ at ./tests/scripts/tesh line 345.
Test suite `/home/user/compiladores/pc/tests/e1/avaliacao_11.tesh'
[avaliacao_11.tesh:5] ./main ./tests/e1/input/nivel11.tokens
Test suite `avaliacao_11.tesh' OK
<end of output>
Test time =   0.37 sec
----------------------------------------------------------
Test Passed.
"e1_avaliacao_11" end time: Sep 09 17:50 EDT
"e1_avaliacao_11" time elapsed: 00:00:00
----------------------------------------------------------

12/407 Testing: e1_avaliacao_12
12/407 Test: e1_avaliacao_12
Command: "/usr/bin/perl" "-I" "./tests/scripts" "./tests/scripts/tesh" "/home/user/compiladores/pc/tests/e1/avaliacao_12.tesh"
Directory: /home/user/compiladores/pc/build
"e1_avaliacao_12" start time: Sep 09 17:50 EDT
Output:
----------------------------------------------------------
Unescaped left brace in regex is deprecated, passed through in regex; marked by <-- HERE in m/\${ <-- HERE (\w+)(?::[=-][^}]*)?}/ at ./tests/scripts/tesh line 345.
Test suite `/home/user/compiladores/pc/tests/e1/avaliacao_12.tesh'
[avaliacao_12.tesh:5] ./main ./tests/e1/input/nivel12.tokens
Test suite `avaliacao_12.tesh' OK
<end of output>
Test time =   0.22 sec
----------------------------------------------------------
Test Passed.
"e1_avaliacao_12" end time: Sep 09 17:50 EDT
"e1_avaliacao_12" time elapsed: 00:00:00
----------------------------------------------------------

13/407 Testing: e1_avaliacao_13
13/407 Test: e1_avaliacao_13
Command: "/usr/bin/perl" "-I" "./tests/scripts" "./tests/scripts/tesh" "/home/user/compiladores/pc/tests/e1/avaliacao_13.tesh"
Directory: /home/user/compiladores/pc/build
"e1_avaliacao_13" start time: Sep 09 17:50 EDT
Output:
----------------------------------------------------------
Unescaped left brace in regex is deprecated, passed through in regex; marked by <-- HERE in m/\${ <-- HERE (\w+)(?::[=-][^}]*)?}/ at ./tests/scripts/tesh line 345.
Test suite `/home/user/compiladores/pc/tests/e1/avaliacao_13.tesh'
[avaliacao_13.tesh:5] ./main ./tests/e1/input/nivel13.tokens
Test suite `avaliacao_13.tesh' OK
<end of output>
Test time =   0.28 sec
----------------------------------------------------------
Test Passed.
"e1_avaliacao_13" end time: Sep 09 17:50 EDT
"e1_avaliacao_13" time elapsed: 00:00:00
----------------------------------------------------------

14/407 Testing: e1_avaliacao_14
14/407 Test: e1_avaliacao_14
Command: "/usr/bin/perl" "-I" "./tests/scripts" "./tests/scripts/tesh" "/home/user/compiladores/pc/tests/e1/avaliacao_14.tesh"
Directory: /home/user/compiladores/pc/build
"e1_avaliacao_14" start time: Sep 09 17:50 EDT
Output:
----------------------------------------------------------
Unescaped left brace in regex is deprecated, passed through in regex; marked by <-- HERE in m/\${ <-- HERE (\w+)(?::[=-][^}]*)?}/ at ./tests/scripts/tesh line 345.
Test suite `/home/user/compiladores/pc/tests/e1/avaliacao_14.tesh'
[avaliacao_14.tesh:5] ./main ./tests/e1/input/nivel14.tokens
Test suite `avaliacao_14.tesh' OK
<end of output>
Test time =   0.29 sec
----------------------------------------------------------
Test Passed.
"e1_avaliacao_14" end time: Sep 09 17:50 EDT
"e1_avaliacao_14" time elapsed: 00:00:00
----------------------------------------------------------

15/407 Testing: e1_avaliacao_15
15/407 Test: e1_avaliacao_15
Command: "/usr/bin/perl" "-I" "./tests/scripts" "./tests/scripts/tesh" "/home/user/compiladores/pc/tests/e1/avaliacao_15.tesh"
Directory: /home/user/compiladores/pc/build
"e1_avaliacao_15" start time: Sep 09 17:50 EDT
Output:
----------------------------------------------------------
Unescaped left brace in regex is deprecated, passed through in regex; marked by <-- HERE in m/\${ <-- HERE (\w+)(?::[=-][^}]*)?}/ at ./tests/scripts/tesh line 345.
Test suite `/home/user/compiladores/pc/tests/e1/avaliacao_15.tesh'
[avaliacao_15.tesh:5] ./main ./tests/e1/input/nivel15.tokens
Test suite `avaliacao_15.tesh' OK
<end of output>
Test time =   0.49 sec
----------------------------------------------------------
Test Passed.
"e1_avaliacao_15" end time: Sep 09 17:50 EDT
"e1_avaliacao_15" time elapsed: 00:00:00
----------------------------------------------------------

16/407 Testing: e1_avaliacao_16
16/407 Test: e1_avaliacao_16
Command: "/usr/bin/perl" "-I" "./tests/scripts" "./tests/scripts/tesh" "/home/user/compiladores/pc/tests/e1/avaliacao_16.tesh"
Directory: /home/user/compiladores/pc/build
"e1_avaliacao_16" start time: Sep 09 17:50 EDT
Output:
----------------------------------------------------------
Unescaped left brace in regex is deprecated, passed through in regex; marked by <-- HERE in m/\${ <-- HERE (\w+)(?::[=-][^}]*)?}/ at ./tests/scripts/tesh line 345.
Test suite `/home/user/compiladores/pc/tests/e1/avaliacao_16.tesh'
[avaliacao_16.tesh:5] ./main ./tests/e1/input/nivel16.tokens
Test suite `avaliacao_16.tesh' OK
<end of output>
Test time =   0.43 sec
----------------------------------------------------------
Test Passed.
"e1_avaliacao_16" end time: Sep 09 17:50 EDT
"e1_avaliacao_16" time elapsed: 00:00:00
----------------------------------------------------------

17/407 Testing: e1_avaliacao_17
17/407 Test: e1_avaliacao_17
Command: "/usr/bin/perl" "-I" "./tests/scripts" "./tests/scripts/tesh" "/home/user/compiladores/pc/tests/e1/avaliacao_17.tesh"
Directory: /home/user/compiladores/pc/build
"e1_avaliacao_17" start time: Sep 09 17:50 EDT
Output:
----------------------------------------------------------
Unescaped left brace in regex is deprecated, passed through in regex; marked by <-- HERE in m/\${ <-- HERE (\w+)(?::[=-][^}]*)?}/ at ./tests/scripts/tesh line 345.
Test suite `/home/user/compiladores/pc/tests/e1/avaliacao_17.tesh'
[avaliacao_17.tesh:5] ./main ./tests/e1/input/nivel17.tokens
Test suite `avaliacao_17.tesh' OK
<end of output>
Test time =   0.41 sec
----------------------------------------------------------
Test Passed.
"e1_avaliacao_17" end time: Sep 09 17:50 EDT
"e1_avaliacao_17" time elapsed: 00:00:00
----------------------------------------------------------

18/407 Testing: e1_valgrind_00
18/407 Test: e1_valgrind_00
Command: "/usr/bin/perl" "-I" "./tests/scripts" "./tests/scripts/tesh" "/home/user/compiladores/pc/tests/e1/valgrind_00.tesh"
Directory: /home/user/compiladores/pc/build
"e1_valgrind_00" start time: Sep 09 17:50 EDT
Output:
----------------------------------------------------------
Unescaped left brace in regex is deprecated, passed through in regex; marked by <-- HERE in m/\${ <-- HERE (\w+)(?::[=-][^}]*)?}/ at ./tests/scripts/tesh line 345.
Test suite `/home/user/compiladores/pc/tests/e1/valgrind_00.tesh'
[valgrind_00.tesh:6] ./tests/scripts/valgrindtest ./main ./tests/e1/input/nivel0.tokens
Test suite `valgrind_00.tesh': NOK (<valgrind_00.tesh:6> returned code 2)
Output of <valgrind_00.tesh:6> so far:
|| [31m[1mValgrind is probably not installed (checked with 'which valgrind')
|| (B[m
(ignoring the output of <valgrind_00.tesh:6> as requested)
<end of output>
Test time =   0.48 sec
----------------------------------------------------------
Test Failed.
"e1_valgrind_00" end time: Sep 09 17:50 EDT
"e1_valgrind_00" time elapsed: 00:00:00
----------------------------------------------------------

19/407 Testing: e1_valgrind_01
19/407 Test: e1_valgrind_01
Command: "/usr/bin/perl" "-I" "./tests/scripts" "./tests/scripts/tesh" "/home/user/compiladores/pc/tests/e1/valgrind_01.tesh"
Directory: /home/user/compiladores/pc/build
"e1_valgrind_01" start time: Sep 09 17:50 EDT
Output:
----------------------------------------------------------
Unescaped left brace in regex is deprecated, passed through in regex; marked by <-- HERE in m/\${ <-- HERE (\w+)(?::[=-][^}]*)?}/ at ./tests/scripts/tesh line 345.
Test suite `/home/user/compiladores/pc/tests/e1/valgrind_01.tesh'
[valgrind_01.tesh:6] ./tests/scripts/valgrindtest ./main ./tests/e1/input/nivel1.tokens
Test suite `valgrind_01.tesh': NOK (<valgrind_01.tesh:6> returned code 2)
Output of <valgrind_01.tesh:6> so far:
|| [31m[1mValgrind is probably not installed (checked with 'which valgrind')
|| (B[m
(ignoring the output of <valgrind_01.tesh:6> as requested)
<end of output>
Test time =   0.39 sec
----------------------------------------------------------
Test Failed.
"e1_valgrind_01" end time: Sep 09 17:50 EDT
"e1_valgrind_01" time elapsed: 00:00:00
----------------------------------------------------------

20/407 Testing: e1_valgrind_02
20/407 Test: e1_valgrind_02
Command: "/usr/bin/perl" "-I" "./tests/scripts" "./tests/scripts/tesh" "/home/user/compiladores/pc/tests/e1/valgrind_02.tesh"
Directory: /home/user/compiladores/pc/build
"e1_valgrind_02" start time: Sep 09 17:50 EDT
Output:
----------------------------------------------------------
Unescaped left brace in regex is deprecated, passed through in regex; marked by <-- HERE in m/\${ <-- HERE (\w+)(?::[=-][^}]*)?}/ at ./tests/scripts/tesh line 345.
Test suite `/home/user/compiladores/pc/tests/e1/valgrind_02.tesh'
[valgrind_02.tesh:6] ./tests/scripts/valgrindtest ./main ./tests/e1/input/nivel2.tokens
Test suite `valgrind_02.tesh': NOK (<valgrind_02.tesh:6> returned code 2)
Output of <valgrind_02.tesh:6> so far:
|| [31m[1mValgrind is probably not installed (checked with 'which valgrind')
|| (B[m
(ignoring the output of <valgrind_02.tesh:6> as requested)
<end of output>
Test time =   0.43 sec
----------------------------------------------------------
Test Failed.
"e1_valgrind_02" end time: Sep 09 17:50 EDT
"e1_valgrind_02" time elapsed: 00:00:00
----------------------------------------------------------

21/407 Testing: e1_valgrind_03
21/407 Test: e1_valgrind_03
Command: "/usr/bin/perl" "-I" "./tests/scripts" "./tests/scripts/tesh" "/home/user/compiladores/pc/tests/e1/valgrind_03.tesh"
Directory: /home/user/compiladores/pc/build
"e1_valgrind_03" start time: Sep 09 17:50 EDT
Output:
----------------------------------------------------------
Unescaped left brace in regex is deprecated, passed through in regex; marked by <-- HERE in m/\${ <-- HERE (\w+)(?::[=-][^}]*)?}/ at ./tests/scripts/tesh line 345.
Test suite `/home/user/compiladores/pc/tests/e1/valgrind_03.tesh'
[valgrind_03.tesh:6] ./tests/scripts/valgrindtest ./main ./tests/e1/input/nivel3.tokens
Test suite `valgrind_03.tesh': NOK (<valgrind_03.tesh:6> returned code 2)
Output of <valgrind_03.tesh:6> so far:
|| [31m[1mValgrind is probably not installed (checked with 'which valgrind')
|| (B[m
(ignoring the output of <valgrind_03.tesh:6> as requested)
<end of output>
Test time =   0.55 sec
----------------------------------------------------------
Test Failed.
"e1_valgrind_03" end time: Sep 09 17:50 EDT
"e1_valgrind_03" time elapsed: 00:00:00
----------------------------------------------------------

22/407 Testing: e1_valgrind_05
22/407 Test: e1_valgrind_05
Command: "/usr/bin/perl" "-I" "./tests/scripts" "./tests/scripts/tesh" "/home/user/compiladores/pc/tests/e1/valgrind_05.tesh"
Directory: /home/user/compiladores/pc/build
"e1_valgrind_05" start time: Sep 09 17:50 EDT
Output:
----------------------------------------------------------
Unescaped left brace in regex is deprecated, passed through in regex; marked by <-- HERE in m/\${ <-- HERE (\w+)(?::[=-][^}]*)?}/ at ./tests/scripts/tesh line 345.
Test suite `/home/user/compiladores/pc/tests/e1/valgrind_05.tesh'
[valgrind_05.tesh:6] ./tests/scripts/valgrindtest ./main ./tests/e1/input/nivel5.tokens
Test suite `valgrind_05.tesh': NOK (<valgrind_05.tesh:6> returned code 2)
Output of <valgrind_05.tesh:6> so far:
|| [31m[1mValgrind is probably not installed (checked with 'which valgrind')
|| (B[m
(ignoring the output of <valgrind_05.tesh:6> as requested)
<end of output>
Test time =   0.55 sec
----------------------------------------------------------
Test Failed.
"e1_valgrind_05" end time: Sep 09 17:50 EDT
"e1_valgrind_05" time elapsed: 00:00:00
----------------------------------------------------------

23/407 Testing: e1_valgrind_06
23/407 Test: e1_valgrind_06
Command: "/usr/bin/perl" "-I" "./tests/scripts" "./tests/scripts/tesh" "/home/user/compiladores/pc/tests/e1/valgrind_06.tesh"
Directory: /home/user/compiladores/pc/build
"e1_valgrind_06" start time: Sep 09 17:50 EDT
Output:
----------------------------------------------------------
Unescaped left brace in regex is deprecated, passed through in regex; marked by <-- HERE in m/\${ <-- HERE (\w+)(?::[=-][^}]*)?}/ at ./tests/scripts/tesh line 345.
Test suite `/home/user/compiladores/pc/tests/e1/valgrind_06.tesh'
[valgrind_06.tesh:6] ./tests/scripts/valgrindtest ./main ./tests/e1/input/nivel6.tokens
Test suite `valgrind_06.tesh': NOK (<valgrind_06.tesh:6> returned code 2)
Output of <valgrind_06.tesh:6> so far:
|| [31m[1mValgrind is probably not installed (checked with 'which valgrind')
|| (B[m
(ignoring the output of <valgrind_06.tesh:6> as requested)
<end of output>
Test time =   0.34 sec
----------------------------------------------------------
Test Failed.
"e1_valgrind_06" end time: Sep 09 17:50 EDT
"e1_valgrind_06" time elapsed: 00:00:00
----------------------------------------------------------

24/407 Testing: e1_valgrind_07
24/407 Test: e1_valgrind_07
Command: "/usr/bin/perl" "-I" "./tests/scripts" "./tests/scripts/tesh" "/home/user/compiladores/pc/tests/e1/valgrind_07.tesh"
Directory: /home/user/compiladores/pc/build
"e1_valgrind_07" start time: Sep 09 17:50 EDT
Output:
----------------------------------------------------------
Unescaped left brace in regex is deprecated, passed through in regex; marked by <-- HERE in m/\${ <-- HERE (\w+)(?::[=-][^}]*)?}/ at ./tests/scripts/tesh line 345.
Test suite `/home/user/compiladores/pc/tests/e1/valgrind_07.tesh'
[valgrind_07.tesh:6] ./tests/scripts/valgrindtest ./main ./tests/e1/input/nivel7.tokens
Test suite `valgrind_07.tesh': NOK (<valgrind_07.tesh:6> returned code 2)
Output of <valgrind_07.tesh:6> so far:
|| [31m[1mValgrind is probably not installed (checked with 'which valgrind')
|| (B[m
(ignoring the output of <valgrind_07.tesh:6> as requested)
<end of output>
Test time =   0.65 sec
----------------------------------------------------------
Test Failed.
"e1_valgrind_07" end time: Sep 09 17:50 EDT
"e1_valgrind_07" time elapsed: 00:00:00
----------------------------------------------------------

25/407 Testing: e1_valgrind_08
25/407 Test: e1_valgrind_08
Command: "/usr/bin/perl" "-I" "./tests/scripts" "./tests/scripts/tesh" "/home/user/compiladores/pc/tests/e1/valgrind_08.tesh"
Directory: /home/user/compiladores/pc/build
"e1_valgrind_08" start time: Sep 09 17:50 EDT
Output:
----------------------------------------------------------
Unescaped left brace in regex is deprecated, passed through in regex; marked by <-- HERE in m/\${ <-- HERE (\w+)(?::[=-][^}]*)?}/ at ./tests/scripts/tesh line 345.
Test suite `/home/user/compiladores/pc/tests/e1/valgrind_08.tesh'
[valgrind_08.tesh:6] ./tests/scripts/valgrindtest ./main ./tests/e1/input/nivel8.tokens
Test suite `valgrind_08.tesh': NOK (<valgrind_08.tesh:6> returned code 2)
Output of <valgrind_08.tesh:6> so far:
|| [31m[1mValgrind is probably not installed (checked with 'which valgrind')
|| (B[m
(ignoring the output of <valgrind_08.tesh:6> as requested)
<end of output>
Test time =   0.75 sec
----------------------------------------------------------
Test Failed.
"e1_valgrind_08" end time: Sep 09 17:50 EDT
"e1_valgrind_08" time elapsed: 00:00:00
----------------------------------------------------------

26/407 Testing: e1_valgrind_09
26/407 Test: e1_valgrind_09
Command: "/usr/bin/perl" "-I" "./tests/scripts" "./tests/scripts/tesh" "/home/user/compiladores/pc/tests/e1/valgrind_09.tesh"
Directory: /home/user/compiladores/pc/build
"e1_valgrind_09" start time: Sep 09 17:50 EDT
Output:
----------------------------------------------------------
Unescaped left brace in regex is deprecated, passed through in regex; marked by <-- HERE in m/\${ <-- HERE (\w+)(?::[=-][^}]*)?}/ at ./tests/scripts/tesh line 345.
Test suite `/home/user/compiladores/pc/tests/e1/valgrind_09.tesh'
[valgrind_09.tesh:6] ./tests/scripts/valgrindtest ./main ./tests/e1/input/nivel9.tokens
Test suite `valgrind_09.tesh': NOK (<valgrind_09.tesh:6> returned code 2)
Output of <valgrind_09.tesh:6> so far:
|| [31m[1mValgrind is probably not installed (checked with 'which valgrind')
|| (B[m
(ignoring the output of <valgrind_09.tesh:6> as requested)
<end of output>
Test time =   0.77 sec
----------------------------------------------------------
Test Failed.
"e1_valgrind_09" end time: Sep 09 17:50 EDT
"e1_valgrind_09" time elapsed: 00:00:00
----------------------------------------------------------

27/407 Testing: e1_valgrind_10
27/407 Test: e1_valgrind_10
Command: "/usr/bin/perl" "-I" "./tests/scripts" "./tests/scripts/tesh" "/home/user/compiladores/pc/tests/e1/valgrind_10.tesh"
Directory: /home/user/compiladores/pc/build
"e1_valgrind_10" start time: Sep 09 17:50 EDT
Output:
----------------------------------------------------------
Unescaped left brace in regex is deprecated, passed through in regex; marked by <-- HERE in m/\${ <-- HERE (\w+)(?::[=-][^}]*)?}/ at ./tests/scripts/tesh line 345.
Test suite `/home/user/compiladores/pc/tests/e1/valgrind_10.tesh'
[valgrind_10.tesh:6] ./tests/scripts/valgrindtest ./main ./tests/e1/input/nivel10.tokens
Test suite `valgrind_10.tesh': NOK (<valgrind_10.tesh:6> returned code 2)
Output of <valgrind_10.tesh:6> so far:
|| [31m[1mValgrind is probably not installed (checked with 'which valgrind')
|| (B[m
(ignoring the output of <valgrind_10.tesh:6> as requested)
<end of output>
Test time =   0.52 sec
----------------------------------------------------------
Test Failed.
"e1_valgrind_10" end time: Sep 09 17:50 EDT
"e1_valgrind_10" time elapsed: 00:00:00
----------------------------------------------------------

28/407 Testing: e1_valgrind_11
28/407 Test: e1_valgrind_11
Command: "/usr/bin/perl" "-I" "./tests/scripts" "./tests/scripts/tesh" "/home/user/compiladores/pc/tests/e1/valgrind_11.tesh"
Directory: /home/user/compiladores/pc/build
"e1_valgrind_11" start time: Sep 09 17:50 EDT
Output:
----------------------------------------------------------
Unescaped left brace in regex is deprecated, passed through in regex; marked by <-- HERE in m/\${ <-- HERE (\w+)(?::[=-][^}]*)?}/ at ./tests/scripts/tesh line 345.
Test suite `/home/user/compiladores/pc/tests/e1/valgrind_11.tesh'
[valgrind_11.tesh:6] ./tests/scripts/valgrindtest ./main ./tests/e1/input/nivel11.tokens
Test suite `valgrind_11.tesh': NOK (<valgrind_11.tesh:6> returned code 2)
Output of <valgrind_11.tesh:6> so far:
|| [31m[1mValgrind is probably not installed (checked with 'which valgrind')
|| (B[m
(ignoring the output of <valgrind_11.tesh:6> as requested)
<end of output>
Test time =   0.26 sec
----------------------------------------------------------
Test Failed.
"e1_valgrind_11" end time: Sep 09 17:50 EDT
"e1_valgrind_11" time elapsed: 00:00:00
----------------------------------------------------------

29/407 Testing: e1_valgrind_12
29/407 Test: e1_valgrind_12
Command: "/usr/bin/perl" "-I" "./tests/scripts" "./tests/scripts/tesh" "/home/user/compiladores/pc/tests/e1/valgrind_12.tesh"
Directory: /home/user/compiladores/pc/build
"e1_valgrind_12" start time: Sep 09 17:50 EDT
Output:
----------------------------------------------------------
Unescaped left brace in regex is deprecated, passed through in regex; marked by <-- HERE in m/\${ <-- HERE (\w+)(?::[=-][^}]*)?}/ at ./tests/scripts/tesh line 345.
Test suite `/home/user/compiladores/pc/tests/e1/valgrind_12.tesh'
[valgrind_12.tesh:6] ./tests/scripts/valgrindtest ./main ./tests/e1/input/nivel12.tokens
Test suite `valgrind_12.tesh': NOK (<valgrind_12.tesh:6> returned code 2)
Output of <valgrind_12.tesh:6> so far:
|| [31m[1mValgrind is probably not installed (checked with 'which valgrind')
|| (B[m
(ignoring the output of <valgrind_12.tesh:6> as requested)
<end of output>
Test time =   0.45 sec
----------------------------------------------------------
Test Failed.
"e1_valgrind_12" end time: Sep 09 17:50 EDT
"e1_valgrind_12" time elapsed: 00:00:00
----------------------------------------------------------

30/407 Testing: e1_valgrind_13
30/407 Test: e1_valgrind_13
Command: "/usr/bin/perl" "-I" "./tests/scripts" "./tests/scripts/tesh" "/home/user/compiladores/pc/tests/e1/valgrind_13.tesh"
Directory: /home/user/compiladores/pc/build
"e1_valgrind_13" start time: Sep 09 17:50 EDT
Output:
----------------------------------------------------------
Unescaped left brace in regex is deprecated, passed through in regex; marked by <-- HERE in m/\${ <-- HERE (\w+)(?::[=-][^}]*)?}/ at ./tests/scripts/tesh line 345.
Test suite `/home/user/compiladores/pc/tests/e1/valgrind_13.tesh'
[valgrind_13.tesh:6] ./tests/scripts/valgrindtest ./main ./tests/e1/input/nivel13.tokens
Test suite `valgrind_13.tesh': NOK (<valgrind_13.tesh:6> returned code 2)
Output of <valgrind_13.tesh:6> so far:
|| [31m[1mValgrind is probably not installed (checked with 'which valgrind')
|| (B[m
(ignoring the output of <valgrind_13.tesh:6> as requested)
<end of output>
Test time =   0.47 sec
----------------------------------------------------------
Test Failed.
"e1_valgrind_13" end time: Sep 09 17:50 EDT
"e1_valgrind_13" time elapsed: 00:00:00
----------------------------------------------------------

31/407 Testing: e1_valgrind_14
31/407 Test: e1_valgrind_14
Command: "/usr/bin/perl" "-I" "./tests/scripts" "./tests/scripts/tesh" "/home/user/compiladores/pc/tests/e1/valgrind_14.tesh"
Directory: /home/user/compiladores/pc/build
"e1_valgrind_14" start time: Sep 09 17:50 EDT
Output:
----------------------------------------------------------
Unescaped left brace in regex is deprecated, passed through in regex; marked by <-- HERE in m/\${ <-- HERE (\w+)(?::[=-][^}]*)?}/ at ./tests/scripts/tesh line 345.
Test suite `/home/user/compiladores/pc/tests/e1/valgrind_14.tesh'
[valgrind_14.tesh:6] ./tests/scripts/valgrindtest ./main ./tests/e1/input/nivel14.tokens
Test suite `valgrind_14.tesh': NOK (<valgrind_14.tesh:6> returned code 2)
Output of <valgrind_14.tesh:6> so far:
|| [31m[1mValgrind is probably not installed (checked with 'which valgrind')
|| (B[m
(ignoring the output of <valgrind_14.tesh:6> as requested)
<end of output>
Test time =   0.42 sec
----------------------------------------------------------
Test Failed.
"e1_valgrind_14" end time: Sep 09 17:50 EDT
"e1_valgrind_14" time elapsed: 00:00:00
----------------------------------------------------------

32/407 Testing: e1_valgrind_15
32/407 Test: e1_valgrind_15
Command: "/usr/bin/perl" "-I" "./tests/scripts" "./tests/scripts/tesh" "/home/user/compiladores/pc/tests/e1/valgrind_15.tesh"
Directory: /home/user/compiladores/pc/build
"e1_valgrind_15" start time: Sep 09 17:50 EDT
Output:
----------------------------------------------------------
Unescaped left brace in regex is deprecated, passed through in regex; marked by <-- HERE in m/\${ <-- HERE (\w+)(?::[=-][^}]*)?}/ at ./tests/scripts/tesh line 345.
Test suite `/home/user/compiladores/pc/tests/e1/valgrind_15.tesh'
[valgrind_15.tesh:6] ./tests/scripts/valgrindtest ./main ./tests/e1/input/nivel15.tokens
Test suite `valgrind_15.tesh': NOK (<valgrind_15.tesh:6> returned code 2)
Output of <valgrind_15.tesh:6> so far:
|| [31m[1mValgrind is probably not installed (checked with 'which valgrind')
|| (B[m
(ignoring the output of <valgrind_15.tesh:6> as requested)
<end of output>
Test time =   0.29 sec
----------------------------------------------------------
Test Failed.
"e1_valgrind_15" end time: Sep 09 17:50 EDT
"e1_valgrind_15" time elapsed: 00:00:00
----------------------------------------------------------

End testing: Sep 09 17:50 EDT
